[  1%] Built target rm_referee_ros2__rosidl_generator_c_autogen_timestamp_deps
[  1%] Built target rm_referee_ros2__cpp
[  1%] Built target ament_cmake_python_symlink_rm_referee_ros2
[  2%] Built target rm_referee_ros2__rosidl_typesupport_cpp_autogen_timestamp_deps
[  3%] Built target rm_referee_ros2__rosidl_typesupport_introspection_cpp_autogen_timestamp_deps
[  3%] Built target rm_referee_ros2__rosidl_typesupport_fastrtps_cpp_autogen_timestamp_deps
[  4%] Built target rm_referee_ros2__rosidl_generator_c_autogen
[  5%] Built target rm_referee_ros2__rosidl_typesupport_fastrtps_cpp_autogen
[  6%] Built target rm_referee_ros2__rosidl_typesupport_introspection_cpp_autogen
[  6%] Built target rm_referee_ros2__rosidl_typesupport_cpp_autogen
[ 15%] Built target rm_referee_ros2__rosidl_generator_c
[ 15%] Built target rm_referee_ros2__rosidl_typesupport_c_autogen_timestamp_deps
[ 17%] Built target rm_referee_ros2__rosidl_typesupport_introspection_c_autogen_timestamp_deps
[ 17%] Built target rm_referee_ros2__rosidl_typesupport_fastrtps_c_autogen_timestamp_deps
[ 35%] Built target rm_referee_ros2__rosidl_typesupport_introspection_cpp
[ 45%] Built target rm_referee_ros2__rosidl_typesupport_fastrtps_cpp
[ 45%] Built target rm_referee_ros2__rosidl_typesupport_cpp
[ 45%] Built target rm_referee_node_autogen_timestamp_deps
[ 46%] Built target rm_referee_ros2__rosidl_typesupport_fastrtps_c_autogen
[ 47%] Built target rm_referee_ros2__rosidl_typesupport_c_autogen
[ 47%] Built target rm_referee_ros2__rosidl_typesupport_introspection_c_autogen
[ 47%] Built target rm_referee_node_autogen
[ 56%] Built target rm_referee_ros2__rosidl_typesupport_introspection_c
[ 65%] Built target rm_referee_ros2__rosidl_typesupport_fastrtps_c
[ 75%] Built target rm_referee_ros2__rosidl_typesupport_c
[ 75%] Built target rm_referee_ros2
[ 80%] Built target rm_referee_node
[ 81%] Built target rm_referee_ros2__py
[ 81%] Built target rm_referee_ros2__rosidl_generator_py_autogen_timestamp_deps
[ 81%] Built target rm_referee_ros2__rosidl_generator_py_autogen
[ 90%] Built target rm_referee_ros2__rosidl_generator_py
[ 90%] Built target rm_referee_ros2__rosidl_typesupport_c__pyext_autogen_timestamp_deps
[ 90%] Built target rm_referee_ros2__rosidl_typesupport_introspection_c__pyext_autogen_timestamp_deps
[ 90%] Built target rm_referee_ros2__rosidl_typesupport_fastrtps_c__pyext_autogen_timestamp_deps
[ 91%] Built target rm_referee_ros2__rosidl_typesupport_c__pyext_autogen
[ 92%] Built target rm_referee_ros2__rosidl_typesupport_introspection_c__pyext_autogen
[ 92%] Built target rm_referee_ros2__rosidl_typesupport_fastrtps_c__pyext_autogen
running egg_info
writing rm_referee_ros2.egg-info/PKG-INFO
writing dependency_links to rm_referee_ros2.egg-info/dependency_links.txt
writing top-level names to rm_referee_ros2.egg-info/top_level.txt
reading manifest file 'rm_referee_ros2.egg-info/SOURCES.txt'
writing manifest file 'rm_referee_ros2.egg-info/SOURCES.txt'
[ 94%] Built target rm_referee_ros2__rosidl_typesupport_c__pyext
[ 97%] Built target rm_referee_ros2__rosidl_typesupport_introspection_c__pyext
[100%] Built target rm_referee_ros2__rosidl_typesupport_fastrtps_c__pyext
[100%] Built target ament_cmake_python_build_rm_referee_ros2_egg
-- Install configuration: ""
-- Execute custom install script
-- Up-to-date symlink: /home/hj/PB_RM_Vision_2/install/rm_referee_ros2/share/ament_index/resource_index/rosidl_interfaces/rm_referee_ros2
-- Up-to-date symlink: /home/hj/PB_RM_Vision_2/install/rm_referee_ros2/include/rm_referee_ros2/rm_referee_ros2/msg/bullet_remaining.h
-- Up-to-date symlink: /home/hj/PB_RM_Vision_2/install/rm_referee_ros2/include/rm_referee_ros2/rm_referee_ros2/msg/detail/bullet_remaining__functions.h
-- Up-to-date symlink: /home/hj/PB_RM_Vision_2/install/rm_referee_ros2/include/rm_referee_ros2/rm_referee_ros2/msg/detail/bullet_remaining__struct.h
-- Up-to-date symlink: /home/hj/PB_RM_Vision_2/install/rm_referee_ros2/include/rm_referee_ros2/rm_referee_ros2/msg/detail/bullet_remaining__type_support.h
-- Up-to-date symlink: /home/hj/PB_RM_Vision_2/install/rm_referee_ros2/include/rm_referee_ros2/rm_referee_ros2/msg/detail/field_events__functions.h
-- Up-to-date symlink: /home/hj/PB_RM_Vision_2/install/rm_referee_ros2/include/rm_referee_ros2/rm_referee_ros2/msg/detail/field_events__struct.h
-- Up-to-date symlink: /home/hj/PB_RM_Vision_2/install/rm_referee_ros2/include/rm_referee_ros2/rm_referee_ros2/msg/detail/field_events__type_support.h
-- Up-to-date symlink: /home/hj/PB_RM_Vision_2/install/rm_referee_ros2/include/rm_referee_ros2/rm_referee_ros2/msg/detail/game_result__functions.h
-- Up-to-date symlink: /home/hj/PB_RM_Vision_2/install/rm_referee_ros2/include/rm_referee_ros2/rm_referee_ros2/msg/detail/game_result__struct.h
-- Up-to-date symlink: /home/hj/PB_RM_Vision_2/install/rm_referee_ros2/include/rm_referee_ros2/rm_referee_ros2/msg/detail/game_result__type_support.h
-- Up-to-date symlink: /home/hj/PB_RM_Vision_2/install/rm_referee_ros2/include/rm_referee_ros2/rm_referee_ros2/msg/detail/game_robot_hp__functions.h
-- Up-to-date symlink: /home/hj/PB_RM_Vision_2/install/rm_referee_ros2/include/rm_referee_ros2/rm_referee_ros2/msg/detail/game_robot_hp__struct.h
-- Up-to-date symlink: /home/hj/PB_RM_Vision_2/install/rm_referee_ros2/include/rm_referee_ros2/rm_referee_ros2/msg/detail/game_robot_hp__type_support.h
-- Up-to-date symlink: /home/hj/PB_RM_Vision_2/install/rm_referee_ros2/include/rm_referee_ros2/rm_referee_ros2/msg/detail/game_status__functions.h
-- Up-to-date symlink: /home/hj/PB_RM_Vision_2/install/rm_referee_ros2/include/rm_referee_ros2/rm_referee_ros2/msg/detail/game_status__struct.h
-- Up-to-date symlink: /home/hj/PB_RM_Vision_2/install/rm_referee_ros2/include/rm_referee_ros2/rm_referee_ros2/msg/detail/game_status__type_support.h
-- Up-to-date symlink: /home/hj/PB_RM_Vision_2/install/rm_referee_ros2/include/rm_referee_ros2/rm_referee_ros2/msg/detail/referee_warning__functions.h
-- Up-to-date symlink: /home/hj/PB_RM_Vision_2/install/rm_referee_ros2/include/rm_referee_ros2/rm_referee_ros2/msg/detail/referee_warning__struct.h
-- Up-to-date symlink: /home/hj/PB_RM_Vision_2/install/rm_referee_ros2/include/rm_referee_ros2/rm_referee_ros2/msg/detail/referee_warning__type_support.h
-- Up-to-date symlink: /home/hj/PB_RM_Vision_2/install/rm_referee_ros2/include/rm_referee_ros2/rm_referee_ros2/msg/detail/robot_hurt__functions.h
-- Up-to-date symlink: /home/hj/PB_RM_Vision_2/install/rm_referee_ros2/include/rm_referee_ros2/rm_referee_ros2/msg/detail/robot_hurt__struct.h
-- Up-to-date symlink: /home/hj/PB_RM_Vision_2/install/rm_referee_ros2/include/rm_referee_ros2/rm_referee_ros2/msg/detail/robot_hurt__type_support.h
-- Up-to-date symlink: /home/hj/PB_RM_Vision_2/install/rm_referee_ros2/include/rm_referee_ros2/rm_referee_ros2/msg/detail/robot_pos__functions.h
-- Up-to-date symlink: /home/hj/PB_RM_Vision_2/install/rm_referee_ros2/include/rm_referee_ros2/rm_referee_ros2/msg/detail/robot_pos__struct.h
-- Up-to-date symlink: /home/hj/PB_RM_Vision_2/install/rm_referee_ros2/include/rm_referee_ros2/rm_referee_ros2/msg/detail/robot_pos__type_support.h
-- Up-to-date symlink: /home/hj/PB_RM_Vision_2/install/rm_referee_ros2/include/rm_referee_ros2/rm_referee_ros2/msg/detail/robot_status__functions.h
-- Up-to-date symlink: /home/hj/PB_RM_Vision_2/install/rm_referee_ros2/include/rm_referee_ros2/rm_referee_ros2/msg/detail/robot_status__struct.h
-- Up-to-date symlink: /home/hj/PB_RM_Vision_2/install/rm_referee_ros2/include/rm_referee_ros2/rm_referee_ros2/msg/detail/robot_status__type_support.h
-- Up-to-date symlink: /home/hj/PB_RM_Vision_2/install/rm_referee_ros2/include/rm_referee_ros2/rm_referee_ros2/msg/detail/shoot_data__functions.h
-- Up-to-date symlink: /home/hj/PB_RM_Vision_2/install/rm_referee_ros2/include/rm_referee_ros2/rm_referee_ros2/msg/detail/shoot_data__struct.h
-- Up-to-date symlink: /home/hj/PB_RM_Vision_2/install/rm_referee_ros2/include/rm_referee_ros2/rm_referee_ros2/msg/detail/shoot_data__type_support.h
-- Up-to-date symlink: /home/hj/PB_RM_Vision_2/install/rm_referee_ros2/include/rm_referee_ros2/rm_referee_ros2/msg/field_events.h
-- Up-to-date symlink: /home/hj/PB_RM_Vision_2/install/rm_referee_ros2/include/rm_referee_ros2/rm_referee_ros2/msg/game_result.h
-- Up-to-date symlink: /home/hj/PB_RM_Vision_2/install/rm_referee_ros2/include/rm_referee_ros2/rm_referee_ros2/msg/game_robot_hp.h
-- Up-to-date symlink: /home/hj/PB_RM_Vision_2/install/rm_referee_ros2/include/rm_referee_ros2/rm_referee_ros2/msg/game_status.h
-- Up-to-date symlink: /home/hj/PB_RM_Vision_2/install/rm_referee_ros2/include/rm_referee_ros2/rm_referee_ros2/msg/referee_warning.h
-- Up-to-date symlink: /home/hj/PB_RM_Vision_2/install/rm_referee_ros2/include/rm_referee_ros2/rm_referee_ros2/msg/robot_hurt.h
-- Up-to-date symlink: /home/hj/PB_RM_Vision_2/install/rm_referee_ros2/include/rm_referee_ros2/rm_referee_ros2/msg/robot_pos.h
-- Up-to-date symlink: /home/hj/PB_RM_Vision_2/install/rm_referee_ros2/include/rm_referee_ros2/rm_referee_ros2/msg/robot_status.h
-- Up-to-date symlink: /home/hj/PB_RM_Vision_2/install/rm_referee_ros2/include/rm_referee_ros2/rm_referee_ros2/msg/rosidl_generator_c__visibility_control.h
-- Up-to-date symlink: /home/hj/PB_RM_Vision_2/install/rm_referee_ros2/include/rm_referee_ros2/rm_referee_ros2/msg/shoot_data.h
-- Up-to-date symlink: /home/hj/PB_RM_Vision_2/install/rm_referee_ros2/share/rm_referee_ros2/environment/library_path.sh
-- Up-to-date symlink: /home/hj/PB_RM_Vision_2/install/rm_referee_ros2/share/rm_referee_ros2/environment/library_path.dsv
-- Up-to-date symlink: /home/hj/PB_RM_Vision_2/install/rm_referee_ros2/include/rm_referee_ros2/rm_referee_ros2/msg/detail/bullet_remaining__rosidl_typesupport_fastrtps_c.h
-- Up-to-date symlink: /home/hj/PB_RM_Vision_2/install/rm_referee_ros2/include/rm_referee_ros2/rm_referee_ros2/msg/detail/field_events__rosidl_typesupport_fastrtps_c.h
-- Up-to-date symlink: /home/hj/PB_RM_Vision_2/install/rm_referee_ros2/include/rm_referee_ros2/rm_referee_ros2/msg/detail/game_result__rosidl_typesupport_fastrtps_c.h
-- Up-to-date symlink: /home/hj/PB_RM_Vision_2/install/rm_referee_ros2/include/rm_referee_ros2/rm_referee_ros2/msg/detail/game_robot_hp__rosidl_typesupport_fastrtps_c.h
-- Up-to-date symlink: /home/hj/PB_RM_Vision_2/install/rm_referee_ros2/include/rm_referee_ros2/rm_referee_ros2/msg/detail/game_status__rosidl_typesupport_fastrtps_c.h
-- Up-to-date symlink: /home/hj/PB_RM_Vision_2/install/rm_referee_ros2/include/rm_referee_ros2/rm_referee_ros2/msg/detail/referee_warning__rosidl_typesupport_fastrtps_c.h
-- Up-to-date symlink: /home/hj/PB_RM_Vision_2/install/rm_referee_ros2/include/rm_referee_ros2/rm_referee_ros2/msg/detail/robot_hurt__rosidl_typesupport_fastrtps_c.h
-- Up-to-date symlink: /home/hj/PB_RM_Vision_2/install/rm_referee_ros2/include/rm_referee_ros2/rm_referee_ros2/msg/detail/robot_pos__rosidl_typesupport_fastrtps_c.h
-- Up-to-date symlink: /home/hj/PB_RM_Vision_2/install/rm_referee_ros2/include/rm_referee_ros2/rm_referee_ros2/msg/detail/robot_status__rosidl_typesupport_fastrtps_c.h
-- Up-to-date symlink: /home/hj/PB_RM_Vision_2/install/rm_referee_ros2/include/rm_referee_ros2/rm_referee_ros2/msg/detail/shoot_data__rosidl_typesupport_fastrtps_c.h
-- Up-to-date symlink: /home/hj/PB_RM_Vision_2/install/rm_referee_ros2/include/rm_referee_ros2/rm_referee_ros2/msg/rosidl_typesupport_fastrtps_c__visibility_control.h
-- Up-to-date symlink: /home/hj/PB_RM_Vision_2/install/rm_referee_ros2/include/rm_referee_ros2/rm_referee_ros2/msg/bullet_remaining.hpp
-- Up-to-date symlink: /home/hj/PB_RM_Vision_2/install/rm_referee_ros2/include/rm_referee_ros2/rm_referee_ros2/msg/detail/bullet_remaining__builder.hpp
-- Up-to-date symlink: /home/hj/PB_RM_Vision_2/install/rm_referee_ros2/include/rm_referee_ros2/rm_referee_ros2/msg/detail/bullet_remaining__struct.hpp
-- Up-to-date symlink: /home/hj/PB_RM_Vision_2/install/rm_referee_ros2/include/rm_referee_ros2/rm_referee_ros2/msg/detail/bullet_remaining__traits.hpp
-- Up-to-date symlink: /home/hj/PB_RM_Vision_2/install/rm_referee_ros2/include/rm_referee_ros2/rm_referee_ros2/msg/detail/bullet_remaining__type_support.hpp
-- Up-to-date symlink: /home/hj/PB_RM_Vision_2/install/rm_referee_ros2/include/rm_referee_ros2/rm_referee_ros2/msg/detail/field_events__builder.hpp
-- Up-to-date symlink: /home/hj/PB_RM_Vision_2/install/rm_referee_ros2/include/rm_referee_ros2/rm_referee_ros2/msg/detail/field_events__struct.hpp
-- Up-to-date symlink: /home/hj/PB_RM_Vision_2/install/rm_referee_ros2/include/rm_referee_ros2/rm_referee_ros2/msg/detail/field_events__traits.hpp
-- Up-to-date symlink: /home/hj/PB_RM_Vision_2/install/rm_referee_ros2/include/rm_referee_ros2/rm_referee_ros2/msg/detail/field_events__type_support.hpp
-- Up-to-date symlink: /home/hj/PB_RM_Vision_2/install/rm_referee_ros2/include/rm_referee_ros2/rm_referee_ros2/msg/detail/game_result__builder.hpp
-- Up-to-date symlink: /home/hj/PB_RM_Vision_2/install/rm_referee_ros2/include/rm_referee_ros2/rm_referee_ros2/msg/detail/game_result__struct.hpp
-- Up-to-date symlink: /home/hj/PB_RM_Vision_2/install/rm_referee_ros2/include/rm_referee_ros2/rm_referee_ros2/msg/detail/game_result__traits.hpp
-- Up-to-date symlink: /home/hj/PB_RM_Vision_2/install/rm_referee_ros2/include/rm_referee_ros2/rm_referee_ros2/msg/detail/game_result__type_support.hpp
-- Up-to-date symlink: /home/hj/PB_RM_Vision_2/install/rm_referee_ros2/include/rm_referee_ros2/rm_referee_ros2/msg/detail/game_robot_hp__builder.hpp
-- Up-to-date symlink: /home/hj/PB_RM_Vision_2/install/rm_referee_ros2/include/rm_referee_ros2/rm_referee_ros2/msg/detail/game_robot_hp__struct.hpp
-- Up-to-date symlink: /home/hj/PB_RM_Vision_2/install/rm_referee_ros2/include/rm_referee_ros2/rm_referee_ros2/msg/detail/game_robot_hp__traits.hpp
-- Up-to-date symlink: /home/hj/PB_RM_Vision_2/install/rm_referee_ros2/include/rm_referee_ros2/rm_referee_ros2/msg/detail/game_robot_hp__type_support.hpp
-- Up-to-date symlink: /home/hj/PB_RM_Vision_2/install/rm_referee_ros2/include/rm_referee_ros2/rm_referee_ros2/msg/detail/game_status__builder.hpp
-- Up-to-date symlink: /home/hj/PB_RM_Vision_2/install/rm_referee_ros2/include/rm_referee_ros2/rm_referee_ros2/msg/detail/game_status__struct.hpp
-- Up-to-date symlink: /home/hj/PB_RM_Vision_2/install/rm_referee_ros2/include/rm_referee_ros2/rm_referee_ros2/msg/detail/game_status__traits.hpp
-- Up-to-date symlink: /home/hj/PB_RM_Vision_2/install/rm_referee_ros2/include/rm_referee_ros2/rm_referee_ros2/msg/detail/game_status__type_support.hpp
-- Up-to-date symlink: /home/hj/PB_RM_Vision_2/install/rm_referee_ros2/include/rm_referee_ros2/rm_referee_ros2/msg/detail/referee_warning__builder.hpp
-- Up-to-date symlink: /home/hj/PB_RM_Vision_2/install/rm_referee_ros2/include/rm_referee_ros2/rm_referee_ros2/msg/detail/referee_warning__struct.hpp
-- Up-to-date symlink: /home/hj/PB_RM_Vision_2/install/rm_referee_ros2/include/rm_referee_ros2/rm_referee_ros2/msg/detail/referee_warning__traits.hpp
-- Up-to-date symlink: /home/hj/PB_RM_Vision_2/install/rm_referee_ros2/include/rm_referee_ros2/rm_referee_ros2/msg/detail/referee_warning__type_support.hpp
-- Up-to-date symlink: /home/hj/PB_RM_Vision_2/install/rm_referee_ros2/include/rm_referee_ros2/rm_referee_ros2/msg/detail/robot_hurt__builder.hpp
-- Up-to-date symlink: /home/hj/PB_RM_Vision_2/install/rm_referee_ros2/include/rm_referee_ros2/rm_referee_ros2/msg/detail/robot_hurt__struct.hpp
-- Up-to-date symlink: /home/hj/PB_RM_Vision_2/install/rm_referee_ros2/include/rm_referee_ros2/rm_referee_ros2/msg/detail/robot_hurt__traits.hpp
-- Up-to-date symlink: /home/hj/PB_RM_Vision_2/install/rm_referee_ros2/include/rm_referee_ros2/rm_referee_ros2/msg/detail/robot_hurt__type_support.hpp
-- Up-to-date symlink: /home/hj/PB_RM_Vision_2/install/rm_referee_ros2/include/rm_referee_ros2/rm_referee_ros2/msg/detail/robot_pos__builder.hpp
-- Up-to-date symlink: /home/hj/PB_RM_Vision_2/install/rm_referee_ros2/include/rm_referee_ros2/rm_referee_ros2/msg/detail/robot_pos__struct.hpp
-- Up-to-date symlink: /home/hj/PB_RM_Vision_2/install/rm_referee_ros2/include/rm_referee_ros2/rm_referee_ros2/msg/detail/robot_pos__traits.hpp
-- Up-to-date symlink: /home/hj/PB_RM_Vision_2/install/rm_referee_ros2/include/rm_referee_ros2/rm_referee_ros2/msg/detail/robot_pos__type_support.hpp
-- Up-to-date symlink: /home/hj/PB_RM_Vision_2/install/rm_referee_ros2/include/rm_referee_ros2/rm_referee_ros2/msg/detail/robot_status__builder.hpp
-- Up-to-date symlink: /home/hj/PB_RM_Vision_2/install/rm_referee_ros2/include/rm_referee_ros2/rm_referee_ros2/msg/detail/robot_status__struct.hpp
-- Up-to-date symlink: /home/hj/PB_RM_Vision_2/install/rm_referee_ros2/include/rm_referee_ros2/rm_referee_ros2/msg/detail/robot_status__traits.hpp
-- Up-to-date symlink: /home/hj/PB_RM_Vision_2/install/rm_referee_ros2/include/rm_referee_ros2/rm_referee_ros2/msg/detail/robot_status__type_support.hpp
-- Up-to-date symlink: /home/hj/PB_RM_Vision_2/install/rm_referee_ros2/include/rm_referee_ros2/rm_referee_ros2/msg/detail/shoot_data__builder.hpp
-- Up-to-date symlink: /home/hj/PB_RM_Vision_2/install/rm_referee_ros2/include/rm_referee_ros2/rm_referee_ros2/msg/detail/shoot_data__struct.hpp
-- Up-to-date symlink: /home/hj/PB_RM_Vision_2/install/rm_referee_ros2/include/rm_referee_ros2/rm_referee_ros2/msg/detail/shoot_data__traits.hpp
-- Up-to-date symlink: /home/hj/PB_RM_Vision_2/install/rm_referee_ros2/include/rm_referee_ros2/rm_referee_ros2/msg/detail/shoot_data__type_support.hpp
-- Up-to-date symlink: /home/hj/PB_RM_Vision_2/install/rm_referee_ros2/include/rm_referee_ros2/rm_referee_ros2/msg/field_events.hpp
-- Up-to-date symlink: /home/hj/PB_RM_Vision_2/install/rm_referee_ros2/include/rm_referee_ros2/rm_referee_ros2/msg/game_result.hpp
-- Up-to-date symlink: /home/hj/PB_RM_Vision_2/install/rm_referee_ros2/include/rm_referee_ros2/rm_referee_ros2/msg/game_robot_hp.hpp
-- Up-to-date symlink: /home/hj/PB_RM_Vision_2/install/rm_referee_ros2/include/rm_referee_ros2/rm_referee_ros2/msg/game_status.hpp
-- Up-to-date symlink: /home/hj/PB_RM_Vision_2/install/rm_referee_ros2/include/rm_referee_ros2/rm_referee_ros2/msg/referee_warning.hpp
-- Up-to-date symlink: /home/hj/PB_RM_Vision_2/install/rm_referee_ros2/include/rm_referee_ros2/rm_referee_ros2/msg/robot_hurt.hpp
-- Up-to-date symlink: /home/hj/PB_RM_Vision_2/install/rm_referee_ros2/include/rm_referee_ros2/rm_referee_ros2/msg/robot_pos.hpp
-- Up-to-date symlink: /home/hj/PB_RM_Vision_2/install/rm_referee_ros2/include/rm_referee_ros2/rm_referee_ros2/msg/robot_status.hpp
-- Up-to-date symlink: /home/hj/PB_RM_Vision_2/install/rm_referee_ros2/include/rm_referee_ros2/rm_referee_ros2/msg/rosidl_generator_cpp__visibility_control.hpp
-- Up-to-date symlink: /home/hj/PB_RM_Vision_2/install/rm_referee_ros2/include/rm_referee_ros2/rm_referee_ros2/msg/shoot_data.hpp
-- Up-to-date symlink: /home/hj/PB_RM_Vision_2/install/rm_referee_ros2/include/rm_referee_ros2/rm_referee_ros2/msg/detail/bullet_remaining__rosidl_typesupport_fastrtps_cpp.hpp
-- Up-to-date symlink: /home/hj/PB_RM_Vision_2/install/rm_referee_ros2/include/rm_referee_ros2/rm_referee_ros2/msg/detail/field_events__rosidl_typesupport_fastrtps_cpp.hpp
-- Up-to-date symlink: /home/hj/PB_RM_Vision_2/install/rm_referee_ros2/include/rm_referee_ros2/rm_referee_ros2/msg/detail/game_result__rosidl_typesupport_fastrtps_cpp.hpp
-- Up-to-date symlink: /home/hj/PB_RM_Vision_2/install/rm_referee_ros2/include/rm_referee_ros2/rm_referee_ros2/msg/detail/game_robot_hp__rosidl_typesupport_fastrtps_cpp.hpp
-- Up-to-date symlink: /home/hj/PB_RM_Vision_2/install/rm_referee_ros2/include/rm_referee_ros2/rm_referee_ros2/msg/detail/game_status__rosidl_typesupport_fastrtps_cpp.hpp
-- Up-to-date symlink: /home/hj/PB_RM_Vision_2/install/rm_referee_ros2/include/rm_referee_ros2/rm_referee_ros2/msg/detail/referee_warning__rosidl_typesupport_fastrtps_cpp.hpp
-- Up-to-date symlink: /home/hj/PB_RM_Vision_2/install/rm_referee_ros2/include/rm_referee_ros2/rm_referee_ros2/msg/detail/robot_hurt__rosidl_typesupport_fastrtps_cpp.hpp
-- Up-to-date symlink: /home/hj/PB_RM_Vision_2/install/rm_referee_ros2/include/rm_referee_ros2/rm_referee_ros2/msg/detail/robot_pos__rosidl_typesupport_fastrtps_cpp.hpp
-- Up-to-date symlink: /home/hj/PB_RM_Vision_2/install/rm_referee_ros2/include/rm_referee_ros2/rm_referee_ros2/msg/detail/robot_status__rosidl_typesupport_fastrtps_cpp.hpp
-- Up-to-date symlink: /home/hj/PB_RM_Vision_2/install/rm_referee_ros2/include/rm_referee_ros2/rm_referee_ros2/msg/detail/shoot_data__rosidl_typesupport_fastrtps_cpp.hpp
-- Up-to-date symlink: /home/hj/PB_RM_Vision_2/install/rm_referee_ros2/include/rm_referee_ros2/rm_referee_ros2/msg/rosidl_typesupport_fastrtps_cpp__visibility_control.h
-- Up-to-date symlink: /home/hj/PB_RM_Vision_2/install/rm_referee_ros2/include/rm_referee_ros2/rm_referee_ros2/msg/detail/bullet_remaining__rosidl_typesupport_introspection_c.h
-- Up-to-date symlink: /home/hj/PB_RM_Vision_2/install/rm_referee_ros2/include/rm_referee_ros2/rm_referee_ros2/msg/detail/field_events__rosidl_typesupport_introspection_c.h
-- Up-to-date symlink: /home/hj/PB_RM_Vision_2/install/rm_referee_ros2/include/rm_referee_ros2/rm_referee_ros2/msg/detail/game_result__rosidl_typesupport_introspection_c.h
-- Up-to-date symlink: /home/hj/PB_RM_Vision_2/install/rm_referee_ros2/include/rm_referee_ros2/rm_referee_ros2/msg/detail/game_robot_hp__rosidl_typesupport_introspection_c.h
-- Up-to-date symlink: /home/hj/PB_RM_Vision_2/install/rm_referee_ros2/include/rm_referee_ros2/rm_referee_ros2/msg/detail/game_status__rosidl_typesupport_introspection_c.h
-- Up-to-date symlink: /home/hj/PB_RM_Vision_2/install/rm_referee_ros2/include/rm_referee_ros2/rm_referee_ros2/msg/detail/referee_warning__rosidl_typesupport_introspection_c.h
-- Up-to-date symlink: /home/hj/PB_RM_Vision_2/install/rm_referee_ros2/include/rm_referee_ros2/rm_referee_ros2/msg/detail/robot_hurt__rosidl_typesupport_introspection_c.h
-- Up-to-date symlink: /home/hj/PB_RM_Vision_2/install/rm_referee_ros2/include/rm_referee_ros2/rm_referee_ros2/msg/detail/robot_pos__rosidl_typesupport_introspection_c.h
-- Up-to-date symlink: /home/hj/PB_RM_Vision_2/install/rm_referee_ros2/include/rm_referee_ros2/rm_referee_ros2/msg/detail/robot_status__rosidl_typesupport_introspection_c.h
-- Up-to-date symlink: /home/hj/PB_RM_Vision_2/install/rm_referee_ros2/include/rm_referee_ros2/rm_referee_ros2/msg/detail/shoot_data__rosidl_typesupport_introspection_c.h
-- Up-to-date symlink: /home/hj/PB_RM_Vision_2/install/rm_referee_ros2/include/rm_referee_ros2/rm_referee_ros2/msg/rosidl_typesupport_introspection_c__visibility_control.h
-- Up-to-date symlink: /home/hj/PB_RM_Vision_2/install/rm_referee_ros2/include/rm_referee_ros2/rm_referee_ros2/msg/detail/bullet_remaining__rosidl_typesupport_introspection_cpp.hpp
-- Up-to-date symlink: /home/hj/PB_RM_Vision_2/install/rm_referee_ros2/include/rm_referee_ros2/rm_referee_ros2/msg/detail/field_events__rosidl_typesupport_introspection_cpp.hpp
-- Up-to-date symlink: /home/hj/PB_RM_Vision_2/install/rm_referee_ros2/include/rm_referee_ros2/rm_referee_ros2/msg/detail/game_result__rosidl_typesupport_introspection_cpp.hpp
-- Up-to-date symlink: /home/hj/PB_RM_Vision_2/install/rm_referee_ros2/include/rm_referee_ros2/rm_referee_ros2/msg/detail/game_robot_hp__rosidl_typesupport_introspection_cpp.hpp
-- Up-to-date symlink: /home/hj/PB_RM_Vision_2/install/rm_referee_ros2/include/rm_referee_ros2/rm_referee_ros2/msg/detail/game_status__rosidl_typesupport_introspection_cpp.hpp
-- Up-to-date symlink: /home/hj/PB_RM_Vision_2/install/rm_referee_ros2/include/rm_referee_ros2/rm_referee_ros2/msg/detail/referee_warning__rosidl_typesupport_introspection_cpp.hpp
-- Up-to-date symlink: /home/hj/PB_RM_Vision_2/install/rm_referee_ros2/include/rm_referee_ros2/rm_referee_ros2/msg/detail/robot_hurt__rosidl_typesupport_introspection_cpp.hpp
-- Up-to-date symlink: /home/hj/PB_RM_Vision_2/install/rm_referee_ros2/include/rm_referee_ros2/rm_referee_ros2/msg/detail/robot_pos__rosidl_typesupport_introspection_cpp.hpp
-- Up-to-date symlink: /home/hj/PB_RM_Vision_2/install/rm_referee_ros2/include/rm_referee_ros2/rm_referee_ros2/msg/detail/robot_status__rosidl_typesupport_introspection_cpp.hpp
-- Up-to-date symlink: /home/hj/PB_RM_Vision_2/install/rm_referee_ros2/include/rm_referee_ros2/rm_referee_ros2/msg/detail/shoot_data__rosidl_typesupport_introspection_cpp.hpp
-- Up-to-date symlink: /home/hj/PB_RM_Vision_2/install/rm_referee_ros2/share/rm_referee_ros2/environment/pythonpath.sh
-- Up-to-date symlink: /home/hj/PB_RM_Vision_2/install/rm_referee_ros2/share/rm_referee_ros2/environment/pythonpath.dsv
-- Up-to-date symlink: /home/hj/PB_RM_Vision_2/install/rm_referee_ros2/local/lib/python3.10/dist-packages/rm_referee_ros2-0.1.0-py3.10.egg-info/PKG-INFO
-- Up-to-date symlink: /home/hj/PB_RM_Vision_2/install/rm_referee_ros2/local/lib/python3.10/dist-packages/rm_referee_ros2-0.1.0-py3.10.egg-info/SOURCES.txt
-- Up-to-date symlink: /home/hj/PB_RM_Vision_2/install/rm_referee_ros2/local/lib/python3.10/dist-packages/rm_referee_ros2-0.1.0-py3.10.egg-info/dependency_links.txt
-- Up-to-date symlink: /home/hj/PB_RM_Vision_2/install/rm_referee_ros2/local/lib/python3.10/dist-packages/rm_referee_ros2-0.1.0-py3.10.egg-info/top_level.txt
-- Up-to-date symlink: /home/hj/PB_RM_Vision_2/install/rm_referee_ros2/local/lib/python3.10/dist-packages/rm_referee_ros2/__init__.py
-- Up-to-date symlink: /home/hj/PB_RM_Vision_2/install/rm_referee_ros2/local/lib/python3.10/dist-packages/rm_referee_ros2/_rm_referee_ros2_s.ep.rosidl_typesupport_c.c
-- Up-to-date symlink: /home/hj/PB_RM_Vision_2/install/rm_referee_ros2/local/lib/python3.10/dist-packages/rm_referee_ros2/_rm_referee_ros2_s.ep.rosidl_typesupport_fastrtps_c.c
-- Up-to-date symlink: /home/hj/PB_RM_Vision_2/install/rm_referee_ros2/local/lib/python3.10/dist-packages/rm_referee_ros2/_rm_referee_ros2_s.ep.rosidl_typesupport_introspection_c.c
-- Up-to-date symlink: /home/hj/PB_RM_Vision_2/install/rm_referee_ros2/local/lib/python3.10/dist-packages/rm_referee_ros2/librm_referee_ros2__rosidl_generator_py.so
-- Up-to-date symlink: /home/hj/PB_RM_Vision_2/install/rm_referee_ros2/local/lib/python3.10/dist-packages/rm_referee_ros2/msg/__init__.py
-- Up-to-date symlink: /home/hj/PB_RM_Vision_2/install/rm_referee_ros2/local/lib/python3.10/dist-packages/rm_referee_ros2/msg/_bullet_remaining.py
-- Up-to-date symlink: /home/hj/PB_RM_Vision_2/install/rm_referee_ros2/local/lib/python3.10/dist-packages/rm_referee_ros2/msg/_bullet_remaining_s.c
-- Up-to-date symlink: /home/hj/PB_RM_Vision_2/install/rm_referee_ros2/local/lib/python3.10/dist-packages/rm_referee_ros2/msg/_field_events.py
-- Up-to-date symlink: /home/hj/PB_RM_Vision_2/install/rm_referee_ros2/local/lib/python3.10/dist-packages/rm_referee_ros2/msg/_field_events_s.c
-- Up-to-date symlink: /home/hj/PB_RM_Vision_2/install/rm_referee_ros2/local/lib/python3.10/dist-packages/rm_referee_ros2/msg/_game_result.py
-- Up-to-date symlink: /home/hj/PB_RM_Vision_2/install/rm_referee_ros2/local/lib/python3.10/dist-packages/rm_referee_ros2/msg/_game_result_s.c
-- Up-to-date symlink: /home/hj/PB_RM_Vision_2/install/rm_referee_ros2/local/lib/python3.10/dist-packages/rm_referee_ros2/msg/_game_robot_hp.py
-- Up-to-date symlink: /home/hj/PB_RM_Vision_2/install/rm_referee_ros2/local/lib/python3.10/dist-packages/rm_referee_ros2/msg/_game_robot_hp_s.c
-- Up-to-date symlink: /home/hj/PB_RM_Vision_2/install/rm_referee_ros2/local/lib/python3.10/dist-packages/rm_referee_ros2/msg/_game_status.py
-- Up-to-date symlink: /home/hj/PB_RM_Vision_2/install/rm_referee_ros2/local/lib/python3.10/dist-packages/rm_referee_ros2/msg/_game_status_s.c
-- Up-to-date symlink: /home/hj/PB_RM_Vision_2/install/rm_referee_ros2/local/lib/python3.10/dist-packages/rm_referee_ros2/msg/_referee_warning.py
-- Up-to-date symlink: /home/hj/PB_RM_Vision_2/install/rm_referee_ros2/local/lib/python3.10/dist-packages/rm_referee_ros2/msg/_referee_warning_s.c
-- Up-to-date symlink: /home/hj/PB_RM_Vision_2/install/rm_referee_ros2/local/lib/python3.10/dist-packages/rm_referee_ros2/msg/_robot_hurt.py
-- Up-to-date symlink: /home/hj/PB_RM_Vision_2/install/rm_referee_ros2/local/lib/python3.10/dist-packages/rm_referee_ros2/msg/_robot_hurt_s.c
-- Up-to-date symlink: /home/hj/PB_RM_Vision_2/install/rm_referee_ros2/local/lib/python3.10/dist-packages/rm_referee_ros2/msg/_robot_pos.py
-- Up-to-date symlink: /home/hj/PB_RM_Vision_2/install/rm_referee_ros2/local/lib/python3.10/dist-packages/rm_referee_ros2/msg/_robot_pos_s.c
-- Up-to-date symlink: /home/hj/PB_RM_Vision_2/install/rm_referee_ros2/local/lib/python3.10/dist-packages/rm_referee_ros2/msg/_robot_status.py
-- Up-to-date symlink: /home/hj/PB_RM_Vision_2/install/rm_referee_ros2/local/lib/python3.10/dist-packages/rm_referee_ros2/msg/_robot_status_s.c
-- Up-to-date symlink: /home/hj/PB_RM_Vision_2/install/rm_referee_ros2/local/lib/python3.10/dist-packages/rm_referee_ros2/msg/_shoot_data.py
-- Up-to-date symlink: /home/hj/PB_RM_Vision_2/install/rm_referee_ros2/local/lib/python3.10/dist-packages/rm_referee_ros2/msg/_shoot_data_s.c
-- Up-to-date symlink: /home/hj/PB_RM_Vision_2/install/rm_referee_ros2/local/lib/python3.10/dist-packages/rm_referee_ros2/rm_referee_ros2_s__rosidl_typesupport_c.cpython-310-x86_64-linux-gnu.so
-- Up-to-date symlink: /home/hj/PB_RM_Vision_2/install/rm_referee_ros2/local/lib/python3.10/dist-packages/rm_referee_ros2/rm_referee_ros2_s__rosidl_typesupport_fastrtps_c.cpython-310-x86_64-linux-gnu.so
-- Up-to-date symlink: /home/hj/PB_RM_Vision_2/install/rm_referee_ros2/local/lib/python3.10/dist-packages/rm_referee_ros2/rm_referee_ros2_s__rosidl_typesupport_introspection_c.cpython-310-x86_64-linux-gnu.so
-- Up-to-date symlink: /home/hj/PB_RM_Vision_2/install/rm_referee_ros2/local/lib/python3.10/dist-packages/rm_referee_ros2/rm_referee_ros2_s__rosidl_typesupport_fastrtps_c.cpython-310-x86_64-linux-gnu.so
-- Up-to-date symlink: /home/hj/PB_RM_Vision_2/install/rm_referee_ros2/local/lib/python3.10/dist-packages/rm_referee_ros2/rm_referee_ros2_s__rosidl_typesupport_introspection_c.cpython-310-x86_64-linux-gnu.so
-- Up-to-date symlink: /home/hj/PB_RM_Vision_2/install/rm_referee_ros2/local/lib/python3.10/dist-packages/rm_referee_ros2/rm_referee_ros2_s__rosidl_typesupport_c.cpython-310-x86_64-linux-gnu.so
-- Up-to-date symlink: /home/hj/PB_RM_Vision_2/install/rm_referee_ros2/share/rm_referee_ros2/msg/GameStatus.idl
-- Up-to-date symlink: /home/hj/PB_RM_Vision_2/install/rm_referee_ros2/share/rm_referee_ros2/msg/GameRobotHp.idl
-- Up-to-date symlink: /home/hj/PB_RM_Vision_2/install/rm_referee_ros2/share/rm_referee_ros2/msg/GameResult.idl
-- Up-to-date symlink: /home/hj/PB_RM_Vision_2/install/rm_referee_ros2/share/rm_referee_ros2/msg/FieldEvents.idl
-- Up-to-date symlink: /home/hj/PB_RM_Vision_2/install/rm_referee_ros2/share/rm_referee_ros2/msg/RobotHurt.idl
-- Up-to-date symlink: /home/hj/PB_RM_Vision_2/install/rm_referee_ros2/share/rm_referee_ros2/msg/RefereeWarning.idl
-- Up-to-date symlink: /home/hj/PB_RM_Vision_2/install/rm_referee_ros2/share/rm_referee_ros2/msg/ShootData.idl
-- Up-to-date symlink: /home/hj/PB_RM_Vision_2/install/rm_referee_ros2/share/rm_referee_ros2/msg/BulletRemaining.idl
-- Up-to-date symlink: /home/hj/PB_RM_Vision_2/install/rm_referee_ros2/share/rm_referee_ros2/msg/RobotStatus.idl
-- Up-to-date symlink: /home/hj/PB_RM_Vision_2/install/rm_referee_ros2/share/rm_referee_ros2/msg/RobotPos.idl
-- Up-to-date symlink: /home/hj/PB_RM_Vision_2/install/rm_referee_ros2/share/rm_referee_ros2/msg/GameStatus.msg
-- Up-to-date symlink: /home/hj/PB_RM_Vision_2/install/rm_referee_ros2/share/rm_referee_ros2/msg/GameRobotHp.msg
-- Up-to-date symlink: /home/hj/PB_RM_Vision_2/install/rm_referee_ros2/share/rm_referee_ros2/msg/GameResult.msg
-- Up-to-date symlink: /home/hj/PB_RM_Vision_2/install/rm_referee_ros2/share/rm_referee_ros2/msg/FieldEvents.msg
-- Up-to-date symlink: /home/hj/PB_RM_Vision_2/install/rm_referee_ros2/share/rm_referee_ros2/msg/RobotHurt.msg
-- Up-to-date symlink: /home/hj/PB_RM_Vision_2/install/rm_referee_ros2/share/rm_referee_ros2/msg/RefereeWarning.msg
-- Up-to-date symlink: /home/hj/PB_RM_Vision_2/install/rm_referee_ros2/share/rm_referee_ros2/msg/ShootData.msg
-- Up-to-date symlink: /home/hj/PB_RM_Vision_2/install/rm_referee_ros2/share/rm_referee_ros2/msg/BulletRemaining.msg
-- Up-to-date symlink: /home/hj/PB_RM_Vision_2/install/rm_referee_ros2/share/rm_referee_ros2/msg/RobotStatus.msg
-- Up-to-date symlink: /home/hj/PB_RM_Vision_2/install/rm_referee_ros2/share/rm_referee_ros2/msg/RobotPos.msg
-- Up-to-date symlink: /home/hj/PB_RM_Vision_2/install/rm_referee_ros2/lib/rm_referee_ros2/rm_referee_node
-- Up-to-date symlink: /home/hj/PB_RM_Vision_2/install/rm_referee_ros2/include/rm_referee_ros2/debug_ui.hpp
-- Up-to-date symlink: /home/hj/PB_RM_Vision_2/install/rm_referee_ros2/include/rm_referee_ros2/protocol.hpp
-- Up-to-date symlink: /home/hj/PB_RM_Vision_2/install/rm_referee_ros2/include/rm_referee_ros2/referee.hpp
-- Up-to-date symlink: /home/hj/PB_RM_Vision_2/install/rm_referee_ros2/share/rm_referee_ros2/launch/referee.launch.py
-- Up-to-date symlink: /home/hj/PB_RM_Vision_2/install/rm_referee_ros2/share/ament_index/resource_index/package_run_dependencies/rm_referee_ros2
-- Up-to-date symlink: /home/hj/PB_RM_Vision_2/install/rm_referee_ros2/share/ament_index/resource_index/parent_prefix_path/rm_referee_ros2
-- Up-to-date symlink: /home/hj/PB_RM_Vision_2/install/rm_referee_ros2/share/rm_referee_ros2/environment/ament_prefix_path.sh
-- Up-to-date symlink: /home/hj/PB_RM_Vision_2/install/rm_referee_ros2/share/rm_referee_ros2/environment/ament_prefix_path.dsv
-- Up-to-date symlink: /home/hj/PB_RM_Vision_2/install/rm_referee_ros2/share/rm_referee_ros2/environment/path.sh
-- Up-to-date symlink: /home/hj/PB_RM_Vision_2/install/rm_referee_ros2/share/rm_referee_ros2/environment/path.dsv
-- Up-to-date symlink: /home/hj/PB_RM_Vision_2/install/rm_referee_ros2/share/rm_referee_ros2/local_setup.bash
-- Up-to-date symlink: /home/hj/PB_RM_Vision_2/install/rm_referee_ros2/share/rm_referee_ros2/local_setup.sh
-- Up-to-date symlink: /home/hj/PB_RM_Vision_2/install/rm_referee_ros2/share/rm_referee_ros2/local_setup.zsh
-- Up-to-date symlink: /home/hj/PB_RM_Vision_2/install/rm_referee_ros2/share/rm_referee_ros2/local_setup.dsv
-- Symlinking: /home/hj/PB_RM_Vision_2/install/rm_referee_ros2/share/rm_referee_ros2/package.dsv
-- Up-to-date symlink: /home/hj/PB_RM_Vision_2/install/rm_referee_ros2/share/ament_index/resource_index/packages/rm_referee_ros2
-- Up-to-date symlink: /home/hj/PB_RM_Vision_2/install/rm_referee_ros2/share/rm_referee_ros2/cmake/rosidl_cmake-extras.cmake
-- Up-to-date symlink: /home/hj/PB_RM_Vision_2/install/rm_referee_ros2/share/rm_referee_ros2/cmake/ament_cmake_export_dependencies-extras.cmake
-- Up-to-date symlink: /home/hj/PB_RM_Vision_2/install/rm_referee_ros2/share/rm_referee_ros2/cmake/ament_cmake_export_include_directories-extras.cmake
-- Up-to-date symlink: /home/hj/PB_RM_Vision_2/install/rm_referee_ros2/share/rm_referee_ros2/cmake/ament_cmake_export_libraries-extras.cmake
-- Up-to-date symlink: /home/hj/PB_RM_Vision_2/install/rm_referee_ros2/share/rm_referee_ros2/cmake/ament_cmake_export_targets-extras.cmake
-- Up-to-date symlink: /home/hj/PB_RM_Vision_2/install/rm_referee_ros2/share/rm_referee_ros2/cmake/rosidl_cmake_export_typesupport_targets-extras.cmake
-- Up-to-date symlink: /home/hj/PB_RM_Vision_2/install/rm_referee_ros2/share/rm_referee_ros2/cmake/rosidl_cmake_export_typesupport_libraries-extras.cmake
-- Up-to-date symlink: /home/hj/PB_RM_Vision_2/install/rm_referee_ros2/share/rm_referee_ros2/cmake/rm_referee_ros2Config.cmake
-- Up-to-date symlink: /home/hj/PB_RM_Vision_2/install/rm_referee_ros2/share/rm_referee_ros2/cmake/rm_referee_ros2Config-version.cmake
-- Up-to-date symlink: /home/hj/PB_RM_Vision_2/install/rm_referee_ros2/share/rm_referee_ros2/package.xml
-- Up-to-date: /home/hj/PB_RM_Vision_2/install/rm_referee_ros2/lib/librm_referee_ros2__rosidl_generator_c.so
-- Up-to-date: /home/hj/PB_RM_Vision_2/install/rm_referee_ros2/lib/librm_referee_ros2__rosidl_typesupport_fastrtps_c.so
-- Up-to-date: /home/hj/PB_RM_Vision_2/install/rm_referee_ros2/lib/librm_referee_ros2__rosidl_typesupport_fastrtps_cpp.so
-- Up-to-date: /home/hj/PB_RM_Vision_2/install/rm_referee_ros2/lib/librm_referee_ros2__rosidl_typesupport_introspection_c.so
-- Up-to-date: /home/hj/PB_RM_Vision_2/install/rm_referee_ros2/lib/librm_referee_ros2__rosidl_typesupport_c.so
-- Up-to-date: /home/hj/PB_RM_Vision_2/install/rm_referee_ros2/lib/librm_referee_ros2__rosidl_typesupport_introspection_cpp.so
-- Up-to-date: /home/hj/PB_RM_Vision_2/install/rm_referee_ros2/lib/librm_referee_ros2__rosidl_typesupport_cpp.so
Listing '/home/hj/PB_RM_Vision_2/install/rm_referee_ros2/local/lib/python3.10/dist-packages/rm_referee_ros2'...
Listing '/home/hj/PB_RM_Vision_2/install/rm_referee_ros2/local/lib/python3.10/dist-packages/rm_referee_ros2/msg'...
-- Up-to-date: /home/hj/PB_RM_Vision_2/install/rm_referee_ros2/lib/librm_referee_ros2__rosidl_generator_py.so
-- Up-to-date: /home/hj/PB_RM_Vision_2/install/rm_referee_ros2/share/rm_referee_ros2/cmake/export_rm_referee_ros2__rosidl_generator_cExport.cmake
-- Up-to-date: /home/hj/PB_RM_Vision_2/install/rm_referee_ros2/share/rm_referee_ros2/cmake/export_rm_referee_ros2__rosidl_generator_cExport-noconfig.cmake
-- Up-to-date: /home/hj/PB_RM_Vision_2/install/rm_referee_ros2/share/rm_referee_ros2/cmake/export_rm_referee_ros2__rosidl_typesupport_fastrtps_cExport.cmake
-- Up-to-date: /home/hj/PB_RM_Vision_2/install/rm_referee_ros2/share/rm_referee_ros2/cmake/export_rm_referee_ros2__rosidl_typesupport_fastrtps_cExport-noconfig.cmake
-- Up-to-date: /home/hj/PB_RM_Vision_2/install/rm_referee_ros2/share/rm_referee_ros2/cmake/export_rm_referee_ros2__rosidl_generator_cppExport.cmake
-- Up-to-date: /home/hj/PB_RM_Vision_2/install/rm_referee_ros2/share/rm_referee_ros2/cmake/export_rm_referee_ros2__rosidl_typesupport_fastrtps_cppExport.cmake
-- Up-to-date: /home/hj/PB_RM_Vision_2/install/rm_referee_ros2/share/rm_referee_ros2/cmake/export_rm_referee_ros2__rosidl_typesupport_fastrtps_cppExport-noconfig.cmake
-- Up-to-date: /home/hj/PB_RM_Vision_2/install/rm_referee_ros2/share/rm_referee_ros2/cmake/rm_referee_ros2__rosidl_typesupport_introspection_cExport.cmake
-- Up-to-date: /home/hj/PB_RM_Vision_2/install/rm_referee_ros2/share/rm_referee_ros2/cmake/rm_referee_ros2__rosidl_typesupport_introspection_cExport-noconfig.cmake
-- Up-to-date: /home/hj/PB_RM_Vision_2/install/rm_referee_ros2/share/rm_referee_ros2/cmake/rm_referee_ros2__rosidl_typesupport_cExport.cmake
-- Up-to-date: /home/hj/PB_RM_Vision_2/install/rm_referee_ros2/share/rm_referee_ros2/cmake/rm_referee_ros2__rosidl_typesupport_cExport-noconfig.cmake
-- Up-to-date: /home/hj/PB_RM_Vision_2/install/rm_referee_ros2/share/rm_referee_ros2/cmake/rm_referee_ros2__rosidl_typesupport_introspection_cppExport.cmake
-- Up-to-date: /home/hj/PB_RM_Vision_2/install/rm_referee_ros2/share/rm_referee_ros2/cmake/rm_referee_ros2__rosidl_typesupport_introspection_cppExport-noconfig.cmake
-- Up-to-date: /home/hj/PB_RM_Vision_2/install/rm_referee_ros2/share/rm_referee_ros2/cmake/rm_referee_ros2__rosidl_typesupport_cppExport.cmake
-- Up-to-date: /home/hj/PB_RM_Vision_2/install/rm_referee_ros2/share/rm_referee_ros2/cmake/rm_referee_ros2__rosidl_typesupport_cppExport-noconfig.cmake
-- Up-to-date: /home/hj/PB_RM_Vision_2/install/rm_referee_ros2/share/rm_referee_ros2/cmake/export_rm_referee_ros2__rosidl_generator_pyExport.cmake
-- Up-to-date: /home/hj/PB_RM_Vision_2/install/rm_referee_ros2/share/rm_referee_ros2/cmake/export_rm_referee_ros2__rosidl_generator_pyExport-noconfig.cmake
