[0.026s] Invoking command in '/home/hj/PB_RM_Vision_2/build/hik_camera': CMAKE_PREFIX_PATH=${CMAKE_PREFIX_PATH}:/opt/ros/humble /usr/local/bin/cmake --build /home/hj/PB_RM_Vision_2/build/hik_camera -- -j8 -l8
[0.122s] [ 50%] Built target hik_camera_node
[0.122s] [100%] Built target hik_camera
[0.162s] Invoked command in '/home/hj/PB_RM_Vision_2/build/hik_camera' returned '0': CMAKE_PREFIX_PATH=${CMAKE_PREFIX_PATH}:/opt/ros/humble /usr/local/bin/cmake --build /home/hj/PB_RM_Vision_2/build/hik_camera -- -j8 -l8
[0.164s] Invoking command in '/home/hj/PB_RM_Vision_2/build/hik_camera': CMAKE_PREFIX_PATH=${CMAKE_PREFIX_PATH}:/opt/ros/humble /usr/local/bin/cmake --install /home/hj/PB_RM_Vision_2/build/hik_camera
[0.169s] -- Install configuration: ""
[0.171s] -- Execute custom install script
[0.172s] -- Up-to-date symlink: /home/hj/PB_RM_Vision_2/install/hik_camera/lib/libFormatConversion.so
[0.172s] -- Up-to-date symlink: /home/hj/PB_RM_Vision_2/install/hik_camera/lib/libMVRender.so
[0.172s] -- Up-to-date symlink: /home/hj/PB_RM_Vision_2/install/hik_camera/lib/libMediaProcess.so
[0.172s] -- Up-to-date symlink: /home/hj/PB_RM_Vision_2/install/hik_camera/lib/libMvCameraControl.so
[0.172s] -- Up-to-date symlink: /home/hj/PB_RM_Vision_2/install/hik_camera/lib/libMvUsb3vTL.so
[0.173s] -- Up-to-date symlink: /home/hj/PB_RM_Vision_2/install/hik_camera/lib/hik_camera/hik_camera_node
[0.173s] -- Up-to-date symlink: /home/hj/PB_RM_Vision_2/install/hik_camera/share/hik_camera/environment/library_path.sh
[0.173s] -- Up-to-date symlink: /home/hj/PB_RM_Vision_2/install/hik_camera/share/hik_camera/environment/library_path.dsv
[0.173s] -- Up-to-date symlink: /home/hj/PB_RM_Vision_2/install/hik_camera/lib/libhik_camera.so
[0.173s] -- Up-to-date symlink: /home/hj/PB_RM_Vision_2/install/hik_camera/share/hik_camera/launch/hik_camera.launch.py
[0.174s] -- Up-to-date symlink: /home/hj/PB_RM_Vision_2/install/hik_camera/share/hik_camera/config/camera_info.yaml
[0.174s] -- Up-to-date symlink: /home/hj/PB_RM_Vision_2/install/hik_camera/share/hik_camera/config/camera_info_01.yaml
[0.174s] -- Up-to-date symlink: /home/hj/PB_RM_Vision_2/install/hik_camera/share/hik_camera/config/camera_info_02.yaml
[0.174s] -- Up-to-date symlink: /home/hj/PB_RM_Vision_2/install/hik_camera/share/hik_camera/config/camera_info_03.yaml
[0.175s] -- Up-to-date symlink: /home/hj/PB_RM_Vision_2/install/hik_camera/share/hik_camera/config/camera_params.yaml
[0.175s] -- Up-to-date symlink: /home/hj/PB_RM_Vision_2/install/hik_camera/share/ament_index/resource_index/package_run_dependencies/hik_camera
[0.175s] -- Up-to-date symlink: /home/hj/PB_RM_Vision_2/install/hik_camera/share/ament_index/resource_index/parent_prefix_path/hik_camera
[0.175s] -- Up-to-date symlink: /home/hj/PB_RM_Vision_2/install/hik_camera/share/hik_camera/environment/ament_prefix_path.sh
[0.175s] -- Up-to-date symlink: /home/hj/PB_RM_Vision_2/install/hik_camera/share/hik_camera/environment/ament_prefix_path.dsv
[0.176s] -- Up-to-date symlink: /home/hj/PB_RM_Vision_2/install/hik_camera/share/hik_camera/environment/path.sh
[0.176s] -- Up-to-date symlink: /home/hj/PB_RM_Vision_2/install/hik_camera/share/hik_camera/environment/path.dsv
[0.176s] -- Up-to-date symlink: /home/hj/PB_RM_Vision_2/install/hik_camera/share/hik_camera/local_setup.bash
[0.176s] -- Up-to-date symlink: /home/hj/PB_RM_Vision_2/install/hik_camera/share/hik_camera/local_setup.sh
[0.177s] -- Up-to-date symlink: /home/hj/PB_RM_Vision_2/install/hik_camera/share/hik_camera/local_setup.zsh
[0.177s] -- Up-to-date symlink: /home/hj/PB_RM_Vision_2/install/hik_camera/share/hik_camera/local_setup.dsv
[0.178s] -- Symlinking: /home/hj/PB_RM_Vision_2/install/hik_camera/share/hik_camera/package.dsv
[0.181s] -- Up-to-date symlink: /home/hj/PB_RM_Vision_2/install/hik_camera/share/ament_index/resource_index/packages/hik_camera
[0.181s] -- Up-to-date symlink: /home/hj/PB_RM_Vision_2/install/hik_camera/share/ament_index/resource_index/rclcpp_components/hik_camera
[0.182s] -- Up-to-date symlink: /home/hj/PB_RM_Vision_2/install/hik_camera/share/hik_camera/cmake/ament_cmake_export_dependencies-extras.cmake
[0.182s] -- Up-to-date symlink: /home/hj/PB_RM_Vision_2/install/hik_camera/share/hik_camera/cmake/ament_cmake_export_libraries-extras.cmake
[0.182s] -- Up-to-date symlink: /home/hj/PB_RM_Vision_2/install/hik_camera/share/hik_camera/cmake/hik_cameraConfig.cmake
[0.183s] -- Up-to-date symlink: /home/hj/PB_RM_Vision_2/install/hik_camera/share/hik_camera/cmake/hik_cameraConfig-version.cmake
[0.183s] -- Up-to-date symlink: /home/hj/PB_RM_Vision_2/install/hik_camera/share/hik_camera/package.xml
[0.218s] Invoked command in '/home/hj/PB_RM_Vision_2/build/hik_camera' returned '0': CMAKE_PREFIX_PATH=${CMAKE_PREFIX_PATH}:/opt/ros/humble /usr/local/bin/cmake --install /home/hj/PB_RM_Vision_2/build/hik_camera
