[0.024s] Invoking command in '/home/hj/PB_RM_Vision_2/build/rm_decision': CMAKE_PREFIX_PATH=${CMAKE_PREFIX_PATH}:/opt/ros/humble /usr/local/bin/cmake --build /home/hj/PB_RM_Vision_2/build/rm_decision -- -j8 -l8
[0.127s] [100%] Built target robot_decision_node
[0.155s] Invoked command in '/home/hj/PB_RM_Vision_2/build/rm_decision' returned '0': CMAKE_PREFIX_PATH=${CMAKE_PREFIX_PATH}:/opt/ros/humble /usr/local/bin/cmake --build /home/hj/PB_RM_Vision_2/build/rm_decision -- -j8 -l8
[0.157s] Invoking command in '/home/hj/PB_RM_Vision_2/build/rm_decision': CMAKE_PREFIX_PATH=${CMAKE_PREFIX_PATH}:/opt/ros/humble /usr/local/bin/cmake --install /home/hj/PB_RM_Vision_2/build/rm_decision
[0.164s] -- Install configuration: ""
[0.165s] -- Execute custom install script
[0.165s] -- Up-to-date symlink: /home/hj/PB_RM_Vision_2/install/rm_decision/lib/rm_decision/robot_decision_node
[0.165s] -- Up-to-date symlink: /home/hj/PB_RM_Vision_2/install/rm_decision/include//rm_decision/robot_decision.hpp
[0.165s] -- Up-to-date symlink: /home/hj/PB_RM_Vision_2/install/rm_decision/share/rm_decision/launch/robot_decision.launch.py
[0.167s] -- Up-to-date symlink: /home/hj/PB_RM_Vision_2/install/rm_decision/share/rm_decision/config/robot_decision_params.yaml
[0.167s] -- Up-to-date symlink: /home/hj/PB_RM_Vision_2/install/rm_decision/share/ament_index/resource_index/package_run_dependencies/rm_decision
[0.167s] -- Up-to-date symlink: /home/hj/PB_RM_Vision_2/install/rm_decision/share/ament_index/resource_index/parent_prefix_path/rm_decision
[0.168s] -- Up-to-date symlink: /home/hj/PB_RM_Vision_2/install/rm_decision/share/rm_decision/environment/ament_prefix_path.sh
[0.168s] -- Up-to-date symlink: /home/hj/PB_RM_Vision_2/install/rm_decision/share/rm_decision/environment/ament_prefix_path.dsv
[0.168s] -- Up-to-date symlink: /home/hj/PB_RM_Vision_2/install/rm_decision/share/rm_decision/environment/path.sh
[0.168s] -- Up-to-date symlink: /home/hj/PB_RM_Vision_2/install/rm_decision/share/rm_decision/environment/path.dsv
[0.168s] -- Up-to-date symlink: /home/hj/PB_RM_Vision_2/install/rm_decision/share/rm_decision/local_setup.bash
[0.168s] -- Up-to-date symlink: /home/hj/PB_RM_Vision_2/install/rm_decision/share/rm_decision/local_setup.sh
[0.168s] -- Up-to-date symlink: /home/hj/PB_RM_Vision_2/install/rm_decision/share/rm_decision/local_setup.zsh
[0.169s] -- Up-to-date symlink: /home/hj/PB_RM_Vision_2/install/rm_decision/share/rm_decision/local_setup.dsv
[0.169s] -- Symlinking: /home/hj/PB_RM_Vision_2/install/rm_decision/share/rm_decision/package.dsv
[0.172s] -- Up-to-date symlink: /home/hj/PB_RM_Vision_2/install/rm_decision/share/ament_index/resource_index/packages/rm_decision
[0.174s] -- Up-to-date symlink: /home/hj/PB_RM_Vision_2/install/rm_decision/share/rm_decision/cmake/rm_decisionConfig.cmake
[0.174s] -- Up-to-date symlink: /home/hj/PB_RM_Vision_2/install/rm_decision/share/rm_decision/cmake/rm_decisionConfig-version.cmake
[0.174s] -- Up-to-date symlink: /home/hj/PB_RM_Vision_2/install/rm_decision/share/rm_decision/package.xml
[0.190s] Invoked command in '/home/hj/PB_RM_Vision_2/build/rm_decision' returned '0': CMAKE_PREFIX_PATH=${CMAKE_PREFIX_PATH}:/opt/ros/humble /usr/local/bin/cmake --install /home/hj/PB_RM_Vision_2/build/rm_decision
