[ 33%] Built target rm_rune_detector_node
[100%] Built target rm_rune_detector
-- Install configuration: ""
-- Execute custom install script
-- Up-to-date symlink: /home/hj/PB_RM_Vision_2/install/rm_rune_detector/lib/rm_rune_detector/rm_rune_detector_node
-- Up-to-date symlink: /home/hj/PB_RM_Vision_2/install/rm_rune_detector/include/rm_rune_detector/pnp_solver.hpp
-- Up-to-date symlink: /home/hj/PB_RM_Vision_2/install/rm_rune_detector/include/rm_rune_detector/rm_rune_detector_node.hpp
-- Up-to-date symlink: /home/hj/PB_RM_Vision_2/install/rm_rune_detector/include/rm_rune_detector/rune.hpp
-- Up-to-date symlink: /home/hj/PB_RM_Vision_2/install/rm_rune_detector/include/rm_rune_detector/rune_detector.hpp
-- Up-to-date symlink: /home/hj/PB_RM_Vision_2/install/rm_rune_detector/share/rm_rune_detector/environment/library_path.sh
-- Up-to-date symlink: /home/hj/PB_RM_Vision_2/install/rm_rune_detector/share/rm_rune_detector/environment/library_path.dsv
-- Up-to-date symlink: /home/hj/PB_RM_Vision_2/install/rm_rune_detector/lib/librm_rune_detector.so
-- Up-to-date symlink: /home/hj/PB_RM_Vision_2/install/rm_rune_detector/share/rm_rune_detector/launch/rm_rune_detector.launch.py
-- Up-to-date symlink: /home/hj/PB_RM_Vision_2/install/rm_rune_detector/share/ament_index/resource_index/package_run_dependencies/rm_rune_detector
-- Up-to-date symlink: /home/hj/PB_RM_Vision_2/install/rm_rune_detector/share/ament_index/resource_index/parent_prefix_path/rm_rune_detector
-- Up-to-date symlink: /home/hj/PB_RM_Vision_2/install/rm_rune_detector/share/rm_rune_detector/environment/ament_prefix_path.sh
-- Up-to-date symlink: /home/hj/PB_RM_Vision_2/install/rm_rune_detector/share/rm_rune_detector/environment/ament_prefix_path.dsv
-- Up-to-date symlink: /home/hj/PB_RM_Vision_2/install/rm_rune_detector/share/rm_rune_detector/environment/path.sh
-- Up-to-date symlink: /home/hj/PB_RM_Vision_2/install/rm_rune_detector/share/rm_rune_detector/environment/path.dsv
-- Up-to-date symlink: /home/hj/PB_RM_Vision_2/install/rm_rune_detector/share/rm_rune_detector/local_setup.bash
-- Up-to-date symlink: /home/hj/PB_RM_Vision_2/install/rm_rune_detector/share/rm_rune_detector/local_setup.sh
-- Up-to-date symlink: /home/hj/PB_RM_Vision_2/install/rm_rune_detector/share/rm_rune_detector/local_setup.zsh
-- Up-to-date symlink: /home/hj/PB_RM_Vision_2/install/rm_rune_detector/share/rm_rune_detector/local_setup.dsv
-- Symlinking: /home/hj/PB_RM_Vision_2/install/rm_rune_detector/share/rm_rune_detector/package.dsv
-- Up-to-date symlink: /home/hj/PB_RM_Vision_2/install/rm_rune_detector/share/ament_index/resource_index/packages/rm_rune_detector
-- Up-to-date symlink: /home/hj/PB_RM_Vision_2/install/rm_rune_detector/share/ament_index/resource_index/rclcpp_components/rm_rune_detector
-- Up-to-date symlink: /home/hj/PB_RM_Vision_2/install/rm_rune_detector/share/rm_rune_detector/cmake/ament_cmake_export_dependencies-extras.cmake
-- Up-to-date symlink: /home/hj/PB_RM_Vision_2/install/rm_rune_detector/share/rm_rune_detector/cmake/ament_cmake_export_include_directories-extras.cmake
-- Up-to-date symlink: /home/hj/PB_RM_Vision_2/install/rm_rune_detector/share/rm_rune_detector/cmake/ament_cmake_export_libraries-extras.cmake
-- Up-to-date symlink: /home/hj/PB_RM_Vision_2/install/rm_rune_detector/share/rm_rune_detector/cmake/rm_rune_detectorConfig.cmake
-- Up-to-date symlink: /home/hj/PB_RM_Vision_2/install/rm_rune_detector/share/rm_rune_detector/cmake/rm_rune_detectorConfig-version.cmake
-- Up-to-date symlink: /home/hj/PB_RM_Vision_2/install/rm_rune_detector/share/rm_rune_detector/package.xml
