[0.019s] Invoking command in '/home/hj/PB_RM_Vision_2/build/auto_aim_interfaces': CMAKE_PREFIX_PATH=/opt/ros/humble /usr/local/bin/cmake /home/hj/PB_RM_Vision_2/src/rm_auto_aim/auto_aim_interfaces -DAMENT_CMAKE_SYMLINK_INSTALL=1 -DCMAKE_INSTALL_PREFIX=/home/hj/PB_RM_Vision_2/install/auto_aim_interfaces
[0.071s] -- The C compiler identification is GNU 11.4.0
[0.129s] -- The CXX compiler identification is GNU 11.4.0
[0.141s] -- Detecting C compiler ABI info
[0.199s] -- Detecting C compiler ABI info - done
[0.210s] -- Check for working C compiler: /usr/bin/cc - skipped
[0.211s] -- Detecting C compile features
[0.211s] -- Detecting C compile features - done
[0.218s] -- Detecting CXX compiler ABI info
[0.283s] -- Detecting CXX compiler ABI info - done
[0.295s] -- Check for working CXX compiler: /usr/bin/c++ - skipped
[0.296s] -- Detecting CXX compile features
[0.296s] -- Detecting CXX compile features - done
[0.299s] -- Found ament_cmake: 1.3.11 (/opt/ros/humble/share/ament_cmake/cmake)
[0.431s] -- Found Python3: /usr/bin/python3 (found version "3.10.12") found components: Interpreter 
[0.484s] -- Override CMake install command with custom implementation using symlinks instead of copying resources
[0.504s] -- Found rosidl_default_generators: 1.2.0 (/opt/ros/humble/share/rosidl_default_generators/cmake)
[0.507s] -- Using all available rosidl_typesupport_c: rosidl_typesupport_fastrtps_c;rosidl_typesupport_introspection_c
[0.515s] -- Found rosidl_adapter: 3.1.6 (/opt/ros/humble/share/rosidl_adapter/cmake)
[0.554s] -- Using all available rosidl_typesupport_cpp: rosidl_typesupport_fastrtps_cpp;rosidl_typesupport_introspection_cpp
[0.586s] -- Found geometry_msgs: 4.2.4 (/opt/ros/humble/share/geometry_msgs/cmake)
[1.294s] -- Found ament_cmake_ros: 0.10.0 (/opt/ros/humble/share/ament_cmake_ros/cmake)
[2.121s] -- Using all available rosidl_typesupport_c: rosidl_typesupport_fastrtps_c;rosidl_typesupport_introspection_c
[3.244s] -- Using all available rosidl_typesupport_cpp: rosidl_typesupport_fastrtps_cpp;rosidl_typesupport_introspection_cpp
[3.247s] [33mCMake Warning (dev) at /opt/ros/humble/share/rosidl_generator_py/cmake/rosidl_generator_py_generate_interfaces.cmake:20 (find_package):
[3.247s]   Policy CMP0148 is not set: The FindPythonInterp and FindPythonLibs modules
[3.247s]   are removed.  Run "cmake --help-policy CMP0148" for policy details.  Use
[3.247s]   the cmake_policy command to set the policy and suppress this warning.
[3.247s] 
[3.247s] Call Stack (most recent call first):
[3.247s]   /opt/ros/humble/share/ament_cmake_core/cmake/core/ament_execute_extensions.cmake:48 (include)
[3.247s]   /opt/ros/humble/share/rosidl_cmake/cmake/rosidl_generate_interfaces.cmake:286 (ament_execute_extensions)
[3.247s]   CMakeLists.txt:13 (rosidl_generate_interfaces)
[3.247s] This warning is for project developers.  Use -Wno-dev to suppress it.
[3.249s] [0m
[3.271s] -- Found PythonInterp: /usr/bin/python3 (found suitable version "3.10.12", minimum required is "3.6") 
[3.273s] -- Found python_cmake_module: 0.10.0 (/opt/ros/humble/share/python_cmake_module/cmake)
[3.275s] [33mCMake Warning (dev) at /opt/ros/humble/share/python_cmake_module/cmake/Modules/FindPythonExtra.cmake:52 (find_package):
[3.275s]   Policy CMP0148 is not set: The FindPythonInterp and FindPythonLibs modules
[3.275s]   are removed.  Run "cmake --help-policy CMP0148" for policy details.  Use
[3.275s]   the cmake_policy command to set the policy and suppress this warning.
[3.276s] 
[3.276s] Call Stack (most recent call first):
[3.276s]   /opt/ros/humble/share/rosidl_generator_py/cmake/rosidl_generator_py_generate_interfaces.cmake:23 (find_package)
[3.276s]   /opt/ros/humble/share/ament_cmake_core/cmake/core/ament_execute_extensions.cmake:48 (include)
[3.276s]   /opt/ros/humble/share/rosidl_cmake/cmake/rosidl_generate_interfaces.cmake:286 (ament_execute_extensions)
[3.276s]   CMakeLists.txt:13 (rosidl_generate_interfaces)
[3.276s] This warning is for project developers.  Use -Wno-dev to suppress it.
[3.276s] [0m
[3.298s] [33mCMake Warning (dev) at /opt/ros/humble/share/python_cmake_module/cmake/Modules/FindPythonExtra.cmake:140 (find_package):
[3.299s]   Policy CMP0148 is not set: The FindPythonInterp and FindPythonLibs modules
[3.299s]   are removed.  Run "cmake --help-policy CMP0148" for policy details.  Use
[3.299s]   the cmake_policy command to set the policy and suppress this warning.
[3.299s] 
[3.299s] Call Stack (most recent call first):
[3.299s]   /opt/ros/humble/share/rosidl_generator_py/cmake/rosidl_generator_py_generate_interfaces.cmake:23 (find_package)
[3.302s]   /opt/ros/humble/share/ament_cmake_core/cmake/core/ament_execute_extensions.cmake:48 (include)
[3.302s]   /opt/ros/humble/share/rosidl_cmake/cmake/rosidl_generate_interfaces.cmake:286 (ament_execute_extensions)
[3.302s]   CMakeLists.txt:13 (rosidl_generate_interfaces)
[3.303s] This warning is for project developers.  Use -Wno-dev to suppress it.
[3.303s] [0m
[3.307s] -- Found PythonLibs: /usr/lib/x86_64-linux-gnu/libpython3.10.so (found suitable version "3.10.12", minimum required is "3.5") 
[3.307s] -- Using PYTHON_EXECUTABLE: /usr/bin/python3
[3.307s] -- Using PYTHON_INCLUDE_DIRS: /usr/include/python3.10
[3.307s] -- Using PYTHON_LIBRARIES: /usr/lib/x86_64-linux-gnu/libpython3.10.so
[3.335s] -- Found PythonExtra: .so  
[3.437s] -- Configuring done (3.4s)
[3.502s] -- Generating done (0.0s)
[3.517s] -- Build files have been written to: /home/hj/PB_RM_Vision_2/build/auto_aim_interfaces
[3.531s] Invoked command in '/home/hj/PB_RM_Vision_2/build/auto_aim_interfaces' returned '0': CMAKE_PREFIX_PATH=/opt/ros/humble /usr/local/bin/cmake /home/hj/PB_RM_Vision_2/src/rm_auto_aim/auto_aim_interfaces -DAMENT_CMAKE_SYMLINK_INSTALL=1 -DCMAKE_INSTALL_PREFIX=/home/hj/PB_RM_Vision_2/install/auto_aim_interfaces
[3.532s] Invoking command in '/home/hj/PB_RM_Vision_2/build/auto_aim_interfaces': CMAKE_PREFIX_PATH=/opt/ros/humble /usr/local/bin/cmake --build /home/hj/PB_RM_Vision_2/build/auto_aim_interfaces -- -j8 -l8
[3.565s] [  1%] [34m[1mGenerating C code for ROS interfaces[0m
[3.572s] [  2%] [34m[1mGenerating C++ code for ROS interfaces[0m
[3.573s] [  2%] Built target ament_cmake_python_symlink_auto_aim_interfaces
[4.038s] running egg_info
[4.039s] creating auto_aim_interfaces.egg-info
[4.039s] writing auto_aim_interfaces.egg-info/PKG-INFO
[4.039s] writing dependency_links to auto_aim_interfaces.egg-info/dependency_links.txt
[4.039s] writing top-level names to auto_aim_interfaces.egg-info/top_level.txt
[4.040s] writing manifest file 'auto_aim_interfaces.egg-info/SOURCES.txt'
[4.042s] reading manifest file 'auto_aim_interfaces.egg-info/SOURCES.txt'
[4.043s] writing manifest file 'auto_aim_interfaces.egg-info/SOURCES.txt'
[4.077s] [  2%] Built target ament_cmake_python_build_auto_aim_interfaces_egg
[4.476s] [  2%] Built target auto_aim_interfaces__cpp
[4.492s] [  3%] [34m[1mGenerating C++ type support for eProsima Fast-RTPS[0m
[4.492s] [  4%] [34m[1mGenerating C++ type support dispatch for ROS interfaces[0m
[4.497s] [  5%] [34m[1mGenerating C++ introspection for ROS interfaces[0m
[4.527s] [  6%] [32mBuilding C object CMakeFiles/auto_aim_interfaces__rosidl_generator_c.dir/rosidl_generator_c/auto_aim_interfaces/msg/detail/target__functions.c.o[0m
[4.529s] [  8%] [32mBuilding C object CMakeFiles/auto_aim_interfaces__rosidl_generator_c.dir/rosidl_generator_c/auto_aim_interfaces/msg/detail/armor__functions.c.o[0m
[4.529s] [  9%] [32mBuilding C object CMakeFiles/auto_aim_interfaces__rosidl_generator_c.dir/rosidl_generator_c/auto_aim_interfaces/msg/detail/debug_light__functions.c.o[0m
[4.531s] [ 10%] [32mBuilding C object CMakeFiles/auto_aim_interfaces__rosidl_generator_c.dir/rosidl_generator_c/auto_aim_interfaces/msg/detail/armors__functions.c.o[0m
[4.544s] [ 11%] [32mBuilding C object CMakeFiles/auto_aim_interfaces__rosidl_generator_c.dir/rosidl_generator_c/auto_aim_interfaces/msg/detail/debug_lights__functions.c.o[0m
[4.620s] [ 12%] [32mBuilding C object CMakeFiles/auto_aim_interfaces__rosidl_generator_c.dir/rosidl_generator_c/auto_aim_interfaces/msg/detail/debug_armor__functions.c.o[0m
[4.622s] [ 13%] [32mBuilding C object CMakeFiles/auto_aim_interfaces__rosidl_generator_c.dir/rosidl_generator_c/auto_aim_interfaces/msg/detail/debug_armors__functions.c.o[0m
[4.628s] [ 14%] [32mBuilding C object CMakeFiles/auto_aim_interfaces__rosidl_generator_c.dir/rosidl_generator_c/auto_aim_interfaces/msg/detail/tracker_info__functions.c.o[0m
[4.733s] [ 16%] [32m[1mLinking C shared library libauto_aim_interfaces__rosidl_generator_c.so[0m
[4.801s] [ 16%] Built target auto_aim_interfaces__rosidl_generator_c
[4.815s] [ 17%] [34m[1mGenerating C type support for eProsima Fast-RTPS[0m
[4.815s] [ 18%] [34m[1mGenerating C introspection for ROS interfaces[0m
[4.826s] [ 19%] [34m[1mGenerating C type support dispatch for ROS interfaces[0m
[5.308s] [ 20%] [32mBuilding CXX object CMakeFiles/auto_aim_interfaces__rosidl_typesupport_cpp.dir/rosidl_typesupport_cpp/auto_aim_interfaces/msg/armors__type_support.cpp.o[0m
[5.320s] [ 22%] [32mBuilding CXX object CMakeFiles/auto_aim_interfaces__rosidl_typesupport_cpp.dir/rosidl_typesupport_cpp/auto_aim_interfaces/msg/target__type_support.cpp.o[0m
[5.321s] [ 21%] [32mBuilding CXX object CMakeFiles/auto_aim_interfaces__rosidl_typesupport_cpp.dir/rosidl_typesupport_cpp/auto_aim_interfaces/msg/armor__type_support.cpp.o[0m
[5.651s] [ 24%] [32mBuilding CXX object CMakeFiles/auto_aim_interfaces__rosidl_typesupport_introspection_cpp.dir/rosidl_typesupport_introspection_cpp/auto_aim_interfaces/msg/detail/armor__type_support.cpp.o[0m
[5.730s] [ 25%] [32mBuilding CXX object CMakeFiles/auto_aim_interfaces__rosidl_typesupport_cpp.dir/rosidl_typesupport_cpp/auto_aim_interfaces/msg/debug_light__type_support.cpp.o[0m
[5.868s] [ 26%] [32mBuilding CXX object CMakeFiles/auto_aim_interfaces__rosidl_typesupport_cpp.dir/rosidl_typesupport_cpp/auto_aim_interfaces/msg/debug_lights__type_support.cpp.o[0m
[5.889s] [ 27%] [32mBuilding C object CMakeFiles/auto_aim_interfaces__rosidl_typesupport_introspection_c.dir/rosidl_typesupport_introspection_c/auto_aim_interfaces/msg/detail/armor__type_support.c.o[0m
[5.971s] [ 28%] [32mBuilding C object CMakeFiles/auto_aim_interfaces__rosidl_typesupport_introspection_c.dir/rosidl_typesupport_introspection_c/auto_aim_interfaces/msg/detail/armors__type_support.c.o[0m
[5.979s] [ 29%] [32mBuilding CXX object CMakeFiles/auto_aim_interfaces__rosidl_typesupport_fastrtps_cpp.dir/rosidl_typesupport_fastrtps_cpp/auto_aim_interfaces/msg/detail/dds_fastrtps/armor__type_support.cpp.o[0m
[6.024s] [ 31%] [32mBuilding C object CMakeFiles/auto_aim_interfaces__rosidl_typesupport_introspection_c.dir/rosidl_typesupport_introspection_c/auto_aim_interfaces/msg/detail/target__type_support.c.o[0m
[6.053s] [ 32%] [32mBuilding CXX object CMakeFiles/auto_aim_interfaces__rosidl_typesupport_fastrtps_cpp.dir/rosidl_typesupport_fastrtps_cpp/auto_aim_interfaces/msg/detail/dds_fastrtps/armors__type_support.cpp.o[0m
[6.059s] [ 33%] [32mBuilding CXX object CMakeFiles/auto_aim_interfaces__rosidl_typesupport_c.dir/rosidl_typesupport_c/auto_aim_interfaces/msg/armor__type_support.cpp.o[0m
[6.098s] [ 34%] [32mBuilding C object CMakeFiles/auto_aim_interfaces__rosidl_typesupport_introspection_c.dir/rosidl_typesupport_introspection_c/auto_aim_interfaces/msg/detail/debug_light__type_support.c.o[0m
[6.116s] [ 35%] [32mBuilding CXX object CMakeFiles/auto_aim_interfaces__rosidl_typesupport_introspection_cpp.dir/rosidl_typesupport_introspection_cpp/auto_aim_interfaces/msg/detail/armors__type_support.cpp.o[0m
[6.136s] [ 36%] [32mBuilding CXX object CMakeFiles/auto_aim_interfaces__rosidl_typesupport_c.dir/rosidl_typesupport_c/auto_aim_interfaces/msg/armors__type_support.cpp.o[0m
[6.177s] [ 37%] [32mBuilding C object CMakeFiles/auto_aim_interfaces__rosidl_typesupport_introspection_c.dir/rosidl_typesupport_introspection_c/auto_aim_interfaces/msg/detail/debug_lights__type_support.c.o[0m
[6.208s] [ 39%] [32mBuilding CXX object CMakeFiles/auto_aim_interfaces__rosidl_typesupport_c.dir/rosidl_typesupport_c/auto_aim_interfaces/msg/target__type_support.cpp.o[0m
[6.236s] [ 40%] [32mBuilding C object CMakeFiles/auto_aim_interfaces__rosidl_typesupport_introspection_c.dir/rosidl_typesupport_introspection_c/auto_aim_interfaces/msg/detail/debug_armor__type_support.c.o[0m
[6.292s] [ 41%] [32mBuilding CXX object CMakeFiles/auto_aim_interfaces__rosidl_typesupport_c.dir/rosidl_typesupport_c/auto_aim_interfaces/msg/debug_light__type_support.cpp.o[0m
[6.293s] [ 42%] [32mBuilding C object CMakeFiles/auto_aim_interfaces__rosidl_typesupport_introspection_c.dir/rosidl_typesupport_introspection_c/auto_aim_interfaces/msg/detail/debug_armors__type_support.c.o[0m
[6.304s] [ 43%] [32mBuilding CXX object CMakeFiles/auto_aim_interfaces__rosidl_typesupport_fastrtps_c.dir/rosidl_typesupport_fastrtps_c/auto_aim_interfaces/msg/detail/armor__type_support_c.cpp.o[0m
[6.365s] [ 44%] [32mBuilding CXX object CMakeFiles/auto_aim_interfaces__rosidl_typesupport_c.dir/rosidl_typesupport_c/auto_aim_interfaces/msg/debug_lights__type_support.cpp.o[0m
[6.370s] [ 45%] [32mBuilding C object CMakeFiles/auto_aim_interfaces__rosidl_typesupport_introspection_c.dir/rosidl_typesupport_introspection_c/auto_aim_interfaces/msg/detail/tracker_info__type_support.c.o[0m
[6.434s] [ 47%] [32mBuilding CXX object CMakeFiles/auto_aim_interfaces__rosidl_typesupport_c.dir/rosidl_typesupport_c/auto_aim_interfaces/msg/debug_armor__type_support.cpp.o[0m
[6.437s] [ 48%] [32m[1mLinking C shared library libauto_aim_interfaces__rosidl_typesupport_introspection_c.so[0m
[6.494s] [ 49%] [32mBuilding CXX object CMakeFiles/auto_aim_interfaces__rosidl_typesupport_c.dir/rosidl_typesupport_c/auto_aim_interfaces/msg/debug_armors__type_support.cpp.o[0m
[6.495s] [ 49%] Built target auto_aim_interfaces__rosidl_typesupport_introspection_c
[6.506s] [ 50%] [32mBuilding CXX object CMakeFiles/auto_aim_interfaces__rosidl_typesupport_c.dir/rosidl_typesupport_c/auto_aim_interfaces/msg/tracker_info__type_support.cpp.o[0m
[6.521s] [ 51%] [32mBuilding CXX object CMakeFiles/auto_aim_interfaces__rosidl_typesupport_cpp.dir/rosidl_typesupport_cpp/auto_aim_interfaces/msg/debug_armor__type_support.cpp.o[0m
[6.557s] [ 52%] [32mBuilding CXX object CMakeFiles/auto_aim_interfaces__rosidl_typesupport_fastrtps_cpp.dir/rosidl_typesupport_fastrtps_cpp/auto_aim_interfaces/msg/detail/dds_fastrtps/target__type_support.cpp.o[0m
[6.562s] [ 54%] [32mBuilding CXX object CMakeFiles/auto_aim_interfaces__rosidl_typesupport_cpp.dir/rosidl_typesupport_cpp/auto_aim_interfaces/msg/debug_armors__type_support.cpp.o[0m
[6.569s] [ 55%] [32m[1mLinking CXX shared library libauto_aim_interfaces__rosidl_typesupport_c.so[0m
[6.618s] [ 56%] [32mBuilding CXX object CMakeFiles/auto_aim_interfaces__rosidl_typesupport_fastrtps_c.dir/rosidl_typesupport_fastrtps_c/auto_aim_interfaces/msg/detail/armors__type_support_c.cpp.o[0m
[6.673s] [ 56%] Built target auto_aim_interfaces__rosidl_typesupport_c
[6.686s] [ 57%] [32mBuilding CXX object CMakeFiles/auto_aim_interfaces__rosidl_typesupport_fastrtps_c.dir/rosidl_typesupport_fastrtps_c/auto_aim_interfaces/msg/detail/target__type_support_c.cpp.o[0m
[6.914s] [ 58%] [32mBuilding CXX object CMakeFiles/auto_aim_interfaces__rosidl_typesupport_cpp.dir/rosidl_typesupport_cpp/auto_aim_interfaces/msg/tracker_info__type_support.cpp.o[0m
[6.921s] [ 59%] [32mBuilding CXX object CMakeFiles/auto_aim_interfaces__rosidl_typesupport_introspection_cpp.dir/rosidl_typesupport_introspection_cpp/auto_aim_interfaces/msg/detail/target__type_support.cpp.o[0m
[6.921s] [ 60%] [32mBuilding CXX object CMakeFiles/auto_aim_interfaces__rosidl_typesupport_fastrtps_c.dir/rosidl_typesupport_fastrtps_c/auto_aim_interfaces/msg/detail/debug_light__type_support_c.cpp.o[0m
[7.006s] [ 62%] [32mBuilding CXX object CMakeFiles/auto_aim_interfaces__rosidl_typesupport_introspection_cpp.dir/rosidl_typesupport_introspection_cpp/auto_aim_interfaces/msg/detail/debug_light__type_support.cpp.o[0m
[7.142s] [ 63%] [32mBuilding CXX object CMakeFiles/auto_aim_interfaces__rosidl_typesupport_introspection_cpp.dir/rosidl_typesupport_introspection_cpp/auto_aim_interfaces/msg/detail/debug_lights__type_support.cpp.o[0m
[7.158s] [ 64%] [32mBuilding CXX object CMakeFiles/auto_aim_interfaces__rosidl_typesupport_introspection_cpp.dir/rosidl_typesupport_introspection_cpp/auto_aim_interfaces/msg/detail/debug_armor__type_support.cpp.o[0m
[7.288s] [ 65%] [32m[1mLinking CXX shared library libauto_aim_interfaces__rosidl_typesupport_cpp.so[0m
[7.311s] [ 66%] [32mBuilding CXX object CMakeFiles/auto_aim_interfaces__rosidl_typesupport_fastrtps_cpp.dir/rosidl_typesupport_fastrtps_cpp/auto_aim_interfaces/msg/detail/dds_fastrtps/debug_light__type_support.cpp.o[0m
[7.349s] [ 66%] Built target auto_aim_interfaces__rosidl_typesupport_cpp
[7.354s] [ 67%] [32mBuilding CXX object CMakeFiles/auto_aim_interfaces__rosidl_typesupport_introspection_cpp.dir/rosidl_typesupport_introspection_cpp/auto_aim_interfaces/msg/detail/debug_armors__type_support.cpp.o[0m
[7.417s] [ 68%] [32mBuilding CXX object CMakeFiles/auto_aim_interfaces__rosidl_typesupport_fastrtps_c.dir/rosidl_typesupport_fastrtps_c/auto_aim_interfaces/msg/detail/debug_lights__type_support_c.cpp.o[0m
[7.466s] [ 70%] [32mBuilding CXX object CMakeFiles/auto_aim_interfaces__rosidl_typesupport_introspection_cpp.dir/rosidl_typesupport_introspection_cpp/auto_aim_interfaces/msg/detail/tracker_info__type_support.cpp.o[0m
[7.590s] [ 71%] [32mBuilding CXX object CMakeFiles/auto_aim_interfaces__rosidl_typesupport_fastrtps_cpp.dir/rosidl_typesupport_fastrtps_cpp/auto_aim_interfaces/msg/detail/dds_fastrtps/debug_lights__type_support.cpp.o[0m
[7.596s] [ 72%] [32mBuilding CXX object CMakeFiles/auto_aim_interfaces__rosidl_typesupport_fastrtps_cpp.dir/rosidl_typesupport_fastrtps_cpp/auto_aim_interfaces/msg/detail/dds_fastrtps/debug_armor__type_support.cpp.o[0m
[7.872s] [ 73%] [32mBuilding CXX object CMakeFiles/auto_aim_interfaces__rosidl_typesupport_fastrtps_cpp.dir/rosidl_typesupport_fastrtps_cpp/auto_aim_interfaces/msg/detail/dds_fastrtps/debug_armors__type_support.cpp.o[0m
[7.968s] [ 74%] [32mBuilding CXX object CMakeFiles/auto_aim_interfaces__rosidl_typesupport_fastrtps_cpp.dir/rosidl_typesupport_fastrtps_cpp/auto_aim_interfaces/msg/detail/dds_fastrtps/tracker_info__type_support.cpp.o[0m
[7.976s] [ 75%] [32mBuilding CXX object CMakeFiles/auto_aim_interfaces__rosidl_typesupport_fastrtps_c.dir/rosidl_typesupport_fastrtps_c/auto_aim_interfaces/msg/detail/debug_armor__type_support_c.cpp.o[0m
[8.017s] [ 77%] [32mBuilding CXX object CMakeFiles/auto_aim_interfaces__rosidl_typesupport_fastrtps_c.dir/rosidl_typesupport_fastrtps_c/auto_aim_interfaces/msg/detail/debug_armors__type_support_c.cpp.o[0m
[8.035s] [ 78%] [32m[1mLinking CXX shared library libauto_aim_interfaces__rosidl_typesupport_introspection_cpp.so[0m
[8.130s] [ 79%] [32mBuilding CXX object CMakeFiles/auto_aim_interfaces__rosidl_typesupport_fastrtps_c.dir/rosidl_typesupport_fastrtps_c/auto_aim_interfaces/msg/detail/tracker_info__type_support_c.cpp.o[0m
[8.169s] [ 79%] Built target auto_aim_interfaces__rosidl_typesupport_introspection_cpp
[8.495s] [ 80%] [32m[1mLinking CXX shared library libauto_aim_interfaces__rosidl_typesupport_fastrtps_cpp.so[0m
[8.540s] [ 81%] [32m[1mLinking CXX shared library libauto_aim_interfaces__rosidl_typesupport_fastrtps_c.so[0m
[8.554s] [ 81%] Built target auto_aim_interfaces__rosidl_typesupport_fastrtps_cpp
[8.606s] [ 81%] Built target auto_aim_interfaces__rosidl_typesupport_fastrtps_c
[8.614s] [ 81%] Built target auto_aim_interfaces
[8.624s] [ 82%] [34m[1mGenerating Python code for ROS interfaces[0m
[9.347s] [ 82%] Built target auto_aim_interfaces__py
[9.357s] [ 83%] [32mBuilding C object CMakeFiles/auto_aim_interfaces__rosidl_generator_py.dir/rosidl_generator_py/auto_aim_interfaces/msg/_armor_s.c.o[0m
[9.357s] [ 85%] [32mBuilding C object CMakeFiles/auto_aim_interfaces__rosidl_generator_py.dir/rosidl_generator_py/auto_aim_interfaces/msg/_armors_s.c.o[0m
[9.358s] [ 86%] [32mBuilding C object CMakeFiles/auto_aim_interfaces__rosidl_generator_py.dir/rosidl_generator_py/auto_aim_interfaces/msg/_target_s.c.o[0m
[9.358s] [ 88%] [32mBuilding C object CMakeFiles/auto_aim_interfaces__rosidl_generator_py.dir/rosidl_generator_py/auto_aim_interfaces/msg/_debug_lights_s.c.o[0m
[9.360s] [ 88%] [32mBuilding C object CMakeFiles/auto_aim_interfaces__rosidl_generator_py.dir/rosidl_generator_py/auto_aim_interfaces/msg/_debug_light_s.c.o[0m
[9.361s] [ 89%] [32mBuilding C object CMakeFiles/auto_aim_interfaces__rosidl_generator_py.dir/rosidl_generator_py/auto_aim_interfaces/msg/_debug_armor_s.c.o[0m
[9.369s] [ 90%] [32mBuilding C object CMakeFiles/auto_aim_interfaces__rosidl_generator_py.dir/rosidl_generator_py/auto_aim_interfaces/msg/_debug_armors_s.c.o[0m
[9.372s] [ 91%] [32mBuilding C object CMakeFiles/auto_aim_interfaces__rosidl_generator_py.dir/rosidl_generator_py/auto_aim_interfaces/msg/_tracker_info_s.c.o[0m
[9.558s] [ 93%] [32m[1mLinking C shared library rosidl_generator_py/auto_aim_interfaces/libauto_aim_interfaces__rosidl_generator_py.so[0m
[9.586s] [ 93%] Built target auto_aim_interfaces__rosidl_generator_py
[9.595s] [ 94%] [32mBuilding C object CMakeFiles/auto_aim_interfaces__rosidl_typesupport_fastrtps_c__pyext.dir/rosidl_generator_py/auto_aim_interfaces/_auto_aim_interfaces_s.ep.rosidl_typesupport_fastrtps_c.c.o[0m
[9.597s] [ 95%] [32mBuilding C object CMakeFiles/auto_aim_interfaces__rosidl_typesupport_introspection_c__pyext.dir/rosidl_generator_py/auto_aim_interfaces/_auto_aim_interfaces_s.ep.rosidl_typesupport_introspection_c.c.o[0m
[9.597s] [ 96%] [32mBuilding C object CMakeFiles/auto_aim_interfaces__rosidl_typesupport_c__pyext.dir/rosidl_generator_py/auto_aim_interfaces/_auto_aim_interfaces_s.ep.rosidl_typesupport_c.c.o[0m
[9.699s] [ 97%] [32m[1mLinking C shared library rosidl_generator_py/auto_aim_interfaces/auto_aim_interfaces_s__rosidl_typesupport_c.cpython-310-x86_64-linux-gnu.so[0m
[9.708s] [ 98%] [32m[1mLinking C shared library rosidl_generator_py/auto_aim_interfaces/auto_aim_interfaces_s__rosidl_typesupport_introspection_c.cpython-310-x86_64-linux-gnu.so[0m
[9.730s] [ 98%] Built target auto_aim_interfaces__rosidl_typesupport_c__pyext
[9.737s] [100%] [32m[1mLinking C shared library rosidl_generator_py/auto_aim_interfaces/auto_aim_interfaces_s__rosidl_typesupport_fastrtps_c.cpython-310-x86_64-linux-gnu.so[0m
[9.744s] [100%] Built target auto_aim_interfaces__rosidl_typesupport_introspection_c__pyext
[9.769s] [100%] Built target auto_aim_interfaces__rosidl_typesupport_fastrtps_c__pyext
[9.775s] Invoked command in '/home/hj/PB_RM_Vision_2/build/auto_aim_interfaces' returned '0': CMAKE_PREFIX_PATH=/opt/ros/humble /usr/local/bin/cmake --build /home/hj/PB_RM_Vision_2/build/auto_aim_interfaces -- -j8 -l8
[9.777s] Invoking command in '/home/hj/PB_RM_Vision_2/build/auto_aim_interfaces': CMAKE_PREFIX_PATH=/opt/ros/humble /usr/local/bin/cmake --install /home/hj/PB_RM_Vision_2/build/auto_aim_interfaces
[9.781s] -- Install configuration: ""
[9.781s] -- Execute custom install script
[9.781s] -- Symlinking: /home/hj/PB_RM_Vision_2/install/auto_aim_interfaces/share/ament_index/resource_index/rosidl_interfaces/auto_aim_interfaces
[9.785s] -- Symlinking: /home/hj/PB_RM_Vision_2/install/auto_aim_interfaces/include/auto_aim_interfaces/auto_aim_interfaces/msg/armor.h
[9.788s] -- Symlinking: /home/hj/PB_RM_Vision_2/install/auto_aim_interfaces/include/auto_aim_interfaces/auto_aim_interfaces/msg/armors.h
[9.791s] -- Symlinking: /home/hj/PB_RM_Vision_2/install/auto_aim_interfaces/include/auto_aim_interfaces/auto_aim_interfaces/msg/debug_armor.h
[9.794s] -- Symlinking: /home/hj/PB_RM_Vision_2/install/auto_aim_interfaces/include/auto_aim_interfaces/auto_aim_interfaces/msg/debug_armors.h
[9.797s] -- Symlinking: /home/hj/PB_RM_Vision_2/install/auto_aim_interfaces/include/auto_aim_interfaces/auto_aim_interfaces/msg/debug_light.h
[9.800s] -- Symlinking: /home/hj/PB_RM_Vision_2/install/auto_aim_interfaces/include/auto_aim_interfaces/auto_aim_interfaces/msg/debug_lights.h
[9.803s] -- Symlinking: /home/hj/PB_RM_Vision_2/install/auto_aim_interfaces/include/auto_aim_interfaces/auto_aim_interfaces/msg/detail/armor__functions.h
[9.806s] -- Symlinking: /home/hj/PB_RM_Vision_2/install/auto_aim_interfaces/include/auto_aim_interfaces/auto_aim_interfaces/msg/detail/armor__struct.h
[9.809s] -- Symlinking: /home/hj/PB_RM_Vision_2/install/auto_aim_interfaces/include/auto_aim_interfaces/auto_aim_interfaces/msg/detail/armor__type_support.h
[9.811s] -- Symlinking: /home/hj/PB_RM_Vision_2/install/auto_aim_interfaces/include/auto_aim_interfaces/auto_aim_interfaces/msg/detail/armors__functions.h
[9.814s] -- Symlinking: /home/hj/PB_RM_Vision_2/install/auto_aim_interfaces/include/auto_aim_interfaces/auto_aim_interfaces/msg/detail/armors__struct.h
[9.817s] -- Symlinking: /home/hj/PB_RM_Vision_2/install/auto_aim_interfaces/include/auto_aim_interfaces/auto_aim_interfaces/msg/detail/armors__type_support.h
[9.820s] -- Symlinking: /home/hj/PB_RM_Vision_2/install/auto_aim_interfaces/include/auto_aim_interfaces/auto_aim_interfaces/msg/detail/debug_armor__functions.h
[9.823s] -- Symlinking: /home/hj/PB_RM_Vision_2/install/auto_aim_interfaces/include/auto_aim_interfaces/auto_aim_interfaces/msg/detail/debug_armor__struct.h
[9.826s] -- Symlinking: /home/hj/PB_RM_Vision_2/install/auto_aim_interfaces/include/auto_aim_interfaces/auto_aim_interfaces/msg/detail/debug_armor__type_support.h
[9.829s] -- Symlinking: /home/hj/PB_RM_Vision_2/install/auto_aim_interfaces/include/auto_aim_interfaces/auto_aim_interfaces/msg/detail/debug_armors__functions.h
[9.833s] -- Symlinking: /home/hj/PB_RM_Vision_2/install/auto_aim_interfaces/include/auto_aim_interfaces/auto_aim_interfaces/msg/detail/debug_armors__struct.h
[9.836s] -- Symlinking: /home/hj/PB_RM_Vision_2/install/auto_aim_interfaces/include/auto_aim_interfaces/auto_aim_interfaces/msg/detail/debug_armors__type_support.h
[9.838s] -- Symlinking: /home/hj/PB_RM_Vision_2/install/auto_aim_interfaces/include/auto_aim_interfaces/auto_aim_interfaces/msg/detail/debug_light__functions.h
[9.841s] -- Symlinking: /home/hj/PB_RM_Vision_2/install/auto_aim_interfaces/include/auto_aim_interfaces/auto_aim_interfaces/msg/detail/debug_light__struct.h
[9.844s] -- Symlinking: /home/hj/PB_RM_Vision_2/install/auto_aim_interfaces/include/auto_aim_interfaces/auto_aim_interfaces/msg/detail/debug_light__type_support.h
[9.847s] -- Symlinking: /home/hj/PB_RM_Vision_2/install/auto_aim_interfaces/include/auto_aim_interfaces/auto_aim_interfaces/msg/detail/debug_lights__functions.h
[9.850s] -- Symlinking: /home/hj/PB_RM_Vision_2/install/auto_aim_interfaces/include/auto_aim_interfaces/auto_aim_interfaces/msg/detail/debug_lights__struct.h
[9.853s] -- Symlinking: /home/hj/PB_RM_Vision_2/install/auto_aim_interfaces/include/auto_aim_interfaces/auto_aim_interfaces/msg/detail/debug_lights__type_support.h
[9.856s] -- Symlinking: /home/hj/PB_RM_Vision_2/install/auto_aim_interfaces/include/auto_aim_interfaces/auto_aim_interfaces/msg/detail/target__functions.h
[9.859s] -- Symlinking: /home/hj/PB_RM_Vision_2/install/auto_aim_interfaces/include/auto_aim_interfaces/auto_aim_interfaces/msg/detail/target__struct.h
[9.861s] -- Symlinking: /home/hj/PB_RM_Vision_2/install/auto_aim_interfaces/include/auto_aim_interfaces/auto_aim_interfaces/msg/detail/target__type_support.h
[9.864s] -- Symlinking: /home/hj/PB_RM_Vision_2/install/auto_aim_interfaces/include/auto_aim_interfaces/auto_aim_interfaces/msg/detail/tracker_info__functions.h
[9.867s] -- Symlinking: /home/hj/PB_RM_Vision_2/install/auto_aim_interfaces/include/auto_aim_interfaces/auto_aim_interfaces/msg/detail/tracker_info__struct.h
[9.870s] -- Symlinking: /home/hj/PB_RM_Vision_2/install/auto_aim_interfaces/include/auto_aim_interfaces/auto_aim_interfaces/msg/detail/tracker_info__type_support.h
[9.873s] -- Symlinking: /home/hj/PB_RM_Vision_2/install/auto_aim_interfaces/include/auto_aim_interfaces/auto_aim_interfaces/msg/rosidl_generator_c__visibility_control.h
[9.876s] -- Symlinking: /home/hj/PB_RM_Vision_2/install/auto_aim_interfaces/include/auto_aim_interfaces/auto_aim_interfaces/msg/target.h
[9.880s] -- Symlinking: /home/hj/PB_RM_Vision_2/install/auto_aim_interfaces/include/auto_aim_interfaces/auto_aim_interfaces/msg/tracker_info.h
[9.883s] -- Symlinking: /home/hj/PB_RM_Vision_2/install/auto_aim_interfaces/share/auto_aim_interfaces/environment/library_path.sh
[9.886s] -- Symlinking: /home/hj/PB_RM_Vision_2/install/auto_aim_interfaces/share/auto_aim_interfaces/environment/library_path.dsv
[9.890s] -- Symlinking: /home/hj/PB_RM_Vision_2/install/auto_aim_interfaces/include/auto_aim_interfaces/auto_aim_interfaces/msg/detail/armor__rosidl_typesupport_fastrtps_c.h
[9.893s] -- Symlinking: /home/hj/PB_RM_Vision_2/install/auto_aim_interfaces/include/auto_aim_interfaces/auto_aim_interfaces/msg/detail/armors__rosidl_typesupport_fastrtps_c.h
[9.896s] -- Symlinking: /home/hj/PB_RM_Vision_2/install/auto_aim_interfaces/include/auto_aim_interfaces/auto_aim_interfaces/msg/detail/debug_armor__rosidl_typesupport_fastrtps_c.h
[9.899s] -- Symlinking: /home/hj/PB_RM_Vision_2/install/auto_aim_interfaces/include/auto_aim_interfaces/auto_aim_interfaces/msg/detail/debug_armors__rosidl_typesupport_fastrtps_c.h
[9.902s] -- Symlinking: /home/hj/PB_RM_Vision_2/install/auto_aim_interfaces/include/auto_aim_interfaces/auto_aim_interfaces/msg/detail/debug_light__rosidl_typesupport_fastrtps_c.h
[9.905s] -- Symlinking: /home/hj/PB_RM_Vision_2/install/auto_aim_interfaces/include/auto_aim_interfaces/auto_aim_interfaces/msg/detail/debug_lights__rosidl_typesupport_fastrtps_c.h
[9.908s] -- Symlinking: /home/hj/PB_RM_Vision_2/install/auto_aim_interfaces/include/auto_aim_interfaces/auto_aim_interfaces/msg/detail/target__rosidl_typesupport_fastrtps_c.h
[9.911s] -- Symlinking: /home/hj/PB_RM_Vision_2/install/auto_aim_interfaces/include/auto_aim_interfaces/auto_aim_interfaces/msg/detail/tracker_info__rosidl_typesupport_fastrtps_c.h
[9.915s] -- Symlinking: /home/hj/PB_RM_Vision_2/install/auto_aim_interfaces/include/auto_aim_interfaces/auto_aim_interfaces/msg/rosidl_typesupport_fastrtps_c__visibility_control.h
[9.918s] -- Symlinking: /home/hj/PB_RM_Vision_2/install/auto_aim_interfaces/include/auto_aim_interfaces/auto_aim_interfaces/msg/detail/armor__rosidl_typesupport_introspection_c.h
[9.921s] -- Symlinking: /home/hj/PB_RM_Vision_2/install/auto_aim_interfaces/include/auto_aim_interfaces/auto_aim_interfaces/msg/detail/armors__rosidl_typesupport_introspection_c.h
[9.925s] -- Symlinking: /home/hj/PB_RM_Vision_2/install/auto_aim_interfaces/include/auto_aim_interfaces/auto_aim_interfaces/msg/detail/debug_armor__rosidl_typesupport_introspection_c.h
[9.928s] -- Symlinking: /home/hj/PB_RM_Vision_2/install/auto_aim_interfaces/include/auto_aim_interfaces/auto_aim_interfaces/msg/detail/debug_armors__rosidl_typesupport_introspection_c.h
[9.931s] -- Symlinking: /home/hj/PB_RM_Vision_2/install/auto_aim_interfaces/include/auto_aim_interfaces/auto_aim_interfaces/msg/detail/debug_light__rosidl_typesupport_introspection_c.h
[9.934s] -- Symlinking: /home/hj/PB_RM_Vision_2/install/auto_aim_interfaces/include/auto_aim_interfaces/auto_aim_interfaces/msg/detail/debug_lights__rosidl_typesupport_introspection_c.h
[9.937s] -- Symlinking: /home/hj/PB_RM_Vision_2/install/auto_aim_interfaces/include/auto_aim_interfaces/auto_aim_interfaces/msg/detail/target__rosidl_typesupport_introspection_c.h
[9.940s] -- Symlinking: /home/hj/PB_RM_Vision_2/install/auto_aim_interfaces/include/auto_aim_interfaces/auto_aim_interfaces/msg/detail/tracker_info__rosidl_typesupport_introspection_c.h
[9.943s] -- Symlinking: /home/hj/PB_RM_Vision_2/install/auto_aim_interfaces/include/auto_aim_interfaces/auto_aim_interfaces/msg/rosidl_typesupport_introspection_c__visibility_control.h
[9.947s] -- Symlinking: /home/hj/PB_RM_Vision_2/install/auto_aim_interfaces/include/auto_aim_interfaces/auto_aim_interfaces/msg/armor.hpp
[9.950s] -- Symlinking: /home/hj/PB_RM_Vision_2/install/auto_aim_interfaces/include/auto_aim_interfaces/auto_aim_interfaces/msg/armors.hpp
[9.953s] -- Symlinking: /home/hj/PB_RM_Vision_2/install/auto_aim_interfaces/include/auto_aim_interfaces/auto_aim_interfaces/msg/debug_armor.hpp
[9.956s] -- Symlinking: /home/hj/PB_RM_Vision_2/install/auto_aim_interfaces/include/auto_aim_interfaces/auto_aim_interfaces/msg/debug_armors.hpp
[9.959s] -- Symlinking: /home/hj/PB_RM_Vision_2/install/auto_aim_interfaces/include/auto_aim_interfaces/auto_aim_interfaces/msg/debug_light.hpp
[9.962s] -- Symlinking: /home/hj/PB_RM_Vision_2/install/auto_aim_interfaces/include/auto_aim_interfaces/auto_aim_interfaces/msg/debug_lights.hpp
[9.965s] -- Symlinking: /home/hj/PB_RM_Vision_2/install/auto_aim_interfaces/include/auto_aim_interfaces/auto_aim_interfaces/msg/detail/armor__builder.hpp
[9.968s] -- Symlinking: /home/hj/PB_RM_Vision_2/install/auto_aim_interfaces/include/auto_aim_interfaces/auto_aim_interfaces/msg/detail/armor__struct.hpp
[9.970s] -- Symlinking: /home/hj/PB_RM_Vision_2/install/auto_aim_interfaces/include/auto_aim_interfaces/auto_aim_interfaces/msg/detail/armor__traits.hpp
[9.973s] -- Symlinking: /home/hj/PB_RM_Vision_2/install/auto_aim_interfaces/include/auto_aim_interfaces/auto_aim_interfaces/msg/detail/armor__type_support.hpp
[9.976s] -- Symlinking: /home/hj/PB_RM_Vision_2/install/auto_aim_interfaces/include/auto_aim_interfaces/auto_aim_interfaces/msg/detail/armors__builder.hpp
[9.979s] -- Symlinking: /home/hj/PB_RM_Vision_2/install/auto_aim_interfaces/include/auto_aim_interfaces/auto_aim_interfaces/msg/detail/armors__struct.hpp
[9.983s] -- Symlinking: /home/hj/PB_RM_Vision_2/install/auto_aim_interfaces/include/auto_aim_interfaces/auto_aim_interfaces/msg/detail/armors__traits.hpp
[9.986s] -- Symlinking: /home/hj/PB_RM_Vision_2/install/auto_aim_interfaces/include/auto_aim_interfaces/auto_aim_interfaces/msg/detail/armors__type_support.hpp
[9.989s] -- Symlinking: /home/hj/PB_RM_Vision_2/install/auto_aim_interfaces/include/auto_aim_interfaces/auto_aim_interfaces/msg/detail/debug_armor__builder.hpp
[9.992s] -- Symlinking: /home/hj/PB_RM_Vision_2/install/auto_aim_interfaces/include/auto_aim_interfaces/auto_aim_interfaces/msg/detail/debug_armor__struct.hpp
[9.995s] -- Symlinking: /home/hj/PB_RM_Vision_2/install/auto_aim_interfaces/include/auto_aim_interfaces/auto_aim_interfaces/msg/detail/debug_armor__traits.hpp
[9.998s] -- Symlinking: /home/hj/PB_RM_Vision_2/install/auto_aim_interfaces/include/auto_aim_interfaces/auto_aim_interfaces/msg/detail/debug_armor__type_support.hpp
[10.001s] -- Symlinking: /home/hj/PB_RM_Vision_2/install/auto_aim_interfaces/include/auto_aim_interfaces/auto_aim_interfaces/msg/detail/debug_armors__builder.hpp
[10.003s] -- Symlinking: /home/hj/PB_RM_Vision_2/install/auto_aim_interfaces/include/auto_aim_interfaces/auto_aim_interfaces/msg/detail/debug_armors__struct.hpp
[10.006s] -- Symlinking: /home/hj/PB_RM_Vision_2/install/auto_aim_interfaces/include/auto_aim_interfaces/auto_aim_interfaces/msg/detail/debug_armors__traits.hpp
[10.009s] -- Symlinking: /home/hj/PB_RM_Vision_2/install/auto_aim_interfaces/include/auto_aim_interfaces/auto_aim_interfaces/msg/detail/debug_armors__type_support.hpp
[10.012s] -- Symlinking: /home/hj/PB_RM_Vision_2/install/auto_aim_interfaces/include/auto_aim_interfaces/auto_aim_interfaces/msg/detail/debug_light__builder.hpp
[10.015s] -- Symlinking: /home/hj/PB_RM_Vision_2/install/auto_aim_interfaces/include/auto_aim_interfaces/auto_aim_interfaces/msg/detail/debug_light__struct.hpp
[10.018s] -- Symlinking: /home/hj/PB_RM_Vision_2/install/auto_aim_interfaces/include/auto_aim_interfaces/auto_aim_interfaces/msg/detail/debug_light__traits.hpp
[10.021s] -- Symlinking: /home/hj/PB_RM_Vision_2/install/auto_aim_interfaces/include/auto_aim_interfaces/auto_aim_interfaces/msg/detail/debug_light__type_support.hpp
[10.024s] -- Symlinking: /home/hj/PB_RM_Vision_2/install/auto_aim_interfaces/include/auto_aim_interfaces/auto_aim_interfaces/msg/detail/debug_lights__builder.hpp
[10.027s] -- Symlinking: /home/hj/PB_RM_Vision_2/install/auto_aim_interfaces/include/auto_aim_interfaces/auto_aim_interfaces/msg/detail/debug_lights__struct.hpp
[10.030s] -- Symlinking: /home/hj/PB_RM_Vision_2/install/auto_aim_interfaces/include/auto_aim_interfaces/auto_aim_interfaces/msg/detail/debug_lights__traits.hpp
[10.033s] -- Symlinking: /home/hj/PB_RM_Vision_2/install/auto_aim_interfaces/include/auto_aim_interfaces/auto_aim_interfaces/msg/detail/debug_lights__type_support.hpp
[10.036s] -- Symlinking: /home/hj/PB_RM_Vision_2/install/auto_aim_interfaces/include/auto_aim_interfaces/auto_aim_interfaces/msg/detail/target__builder.hpp
[10.039s] -- Symlinking: /home/hj/PB_RM_Vision_2/install/auto_aim_interfaces/include/auto_aim_interfaces/auto_aim_interfaces/msg/detail/target__struct.hpp
[10.041s] -- Symlinking: /home/hj/PB_RM_Vision_2/install/auto_aim_interfaces/include/auto_aim_interfaces/auto_aim_interfaces/msg/detail/target__traits.hpp
[10.044s] -- Symlinking: /home/hj/PB_RM_Vision_2/install/auto_aim_interfaces/include/auto_aim_interfaces/auto_aim_interfaces/msg/detail/target__type_support.hpp
[10.047s] -- Symlinking: /home/hj/PB_RM_Vision_2/install/auto_aim_interfaces/include/auto_aim_interfaces/auto_aim_interfaces/msg/detail/tracker_info__builder.hpp
[10.050s] -- Symlinking: /home/hj/PB_RM_Vision_2/install/auto_aim_interfaces/include/auto_aim_interfaces/auto_aim_interfaces/msg/detail/tracker_info__struct.hpp
[10.052s] -- Symlinking: /home/hj/PB_RM_Vision_2/install/auto_aim_interfaces/include/auto_aim_interfaces/auto_aim_interfaces/msg/detail/tracker_info__traits.hpp
[10.055s] -- Symlinking: /home/hj/PB_RM_Vision_2/install/auto_aim_interfaces/include/auto_aim_interfaces/auto_aim_interfaces/msg/detail/tracker_info__type_support.hpp
[10.057s] -- Symlinking: /home/hj/PB_RM_Vision_2/install/auto_aim_interfaces/include/auto_aim_interfaces/auto_aim_interfaces/msg/rosidl_generator_cpp__visibility_control.hpp
[10.060s] -- Symlinking: /home/hj/PB_RM_Vision_2/install/auto_aim_interfaces/include/auto_aim_interfaces/auto_aim_interfaces/msg/target.hpp
[10.063s] -- Symlinking: /home/hj/PB_RM_Vision_2/install/auto_aim_interfaces/include/auto_aim_interfaces/auto_aim_interfaces/msg/tracker_info.hpp
[10.066s] -- Symlinking: /home/hj/PB_RM_Vision_2/install/auto_aim_interfaces/include/auto_aim_interfaces/auto_aim_interfaces/msg/detail/armor__rosidl_typesupport_fastrtps_cpp.hpp
[10.069s] -- Symlinking: /home/hj/PB_RM_Vision_2/install/auto_aim_interfaces/include/auto_aim_interfaces/auto_aim_interfaces/msg/detail/armors__rosidl_typesupport_fastrtps_cpp.hpp
[10.071s] -- Symlinking: /home/hj/PB_RM_Vision_2/install/auto_aim_interfaces/include/auto_aim_interfaces/auto_aim_interfaces/msg/detail/debug_armor__rosidl_typesupport_fastrtps_cpp.hpp
[10.074s] -- Symlinking: /home/hj/PB_RM_Vision_2/install/auto_aim_interfaces/include/auto_aim_interfaces/auto_aim_interfaces/msg/detail/debug_armors__rosidl_typesupport_fastrtps_cpp.hpp
[10.077s] -- Symlinking: /home/hj/PB_RM_Vision_2/install/auto_aim_interfaces/include/auto_aim_interfaces/auto_aim_interfaces/msg/detail/debug_light__rosidl_typesupport_fastrtps_cpp.hpp
[10.079s] -- Symlinking: /home/hj/PB_RM_Vision_2/install/auto_aim_interfaces/include/auto_aim_interfaces/auto_aim_interfaces/msg/detail/debug_lights__rosidl_typesupport_fastrtps_cpp.hpp
[10.082s] -- Symlinking: /home/hj/PB_RM_Vision_2/install/auto_aim_interfaces/include/auto_aim_interfaces/auto_aim_interfaces/msg/detail/target__rosidl_typesupport_fastrtps_cpp.hpp
[10.085s] -- Symlinking: /home/hj/PB_RM_Vision_2/install/auto_aim_interfaces/include/auto_aim_interfaces/auto_aim_interfaces/msg/detail/tracker_info__rosidl_typesupport_fastrtps_cpp.hpp
[10.088s] -- Symlinking: /home/hj/PB_RM_Vision_2/install/auto_aim_interfaces/include/auto_aim_interfaces/auto_aim_interfaces/msg/rosidl_typesupport_fastrtps_cpp__visibility_control.h
[10.091s] -- Symlinking: /home/hj/PB_RM_Vision_2/install/auto_aim_interfaces/include/auto_aim_interfaces/auto_aim_interfaces/msg/detail/armor__rosidl_typesupport_introspection_cpp.hpp
[10.094s] -- Symlinking: /home/hj/PB_RM_Vision_2/install/auto_aim_interfaces/include/auto_aim_interfaces/auto_aim_interfaces/msg/detail/armors__rosidl_typesupport_introspection_cpp.hpp
[10.097s] -- Symlinking: /home/hj/PB_RM_Vision_2/install/auto_aim_interfaces/include/auto_aim_interfaces/auto_aim_interfaces/msg/detail/debug_armor__rosidl_typesupport_introspection_cpp.hpp
[10.099s] -- Symlinking: /home/hj/PB_RM_Vision_2/install/auto_aim_interfaces/include/auto_aim_interfaces/auto_aim_interfaces/msg/detail/debug_armors__rosidl_typesupport_introspection_cpp.hpp
[10.102s] -- Symlinking: /home/hj/PB_RM_Vision_2/install/auto_aim_interfaces/include/auto_aim_interfaces/auto_aim_interfaces/msg/detail/debug_light__rosidl_typesupport_introspection_cpp.hpp
[10.106s] -- Symlinking: /home/hj/PB_RM_Vision_2/install/auto_aim_interfaces/include/auto_aim_interfaces/auto_aim_interfaces/msg/detail/debug_lights__rosidl_typesupport_introspection_cpp.hpp
[10.109s] -- Symlinking: /home/hj/PB_RM_Vision_2/install/auto_aim_interfaces/include/auto_aim_interfaces/auto_aim_interfaces/msg/detail/target__rosidl_typesupport_introspection_cpp.hpp
[10.112s] -- Symlinking: /home/hj/PB_RM_Vision_2/install/auto_aim_interfaces/include/auto_aim_interfaces/auto_aim_interfaces/msg/detail/tracker_info__rosidl_typesupport_introspection_cpp.hpp
[10.115s] -- Symlinking: /home/hj/PB_RM_Vision_2/install/auto_aim_interfaces/share/auto_aim_interfaces/environment/pythonpath.sh
[10.117s] -- Symlinking: /home/hj/PB_RM_Vision_2/install/auto_aim_interfaces/share/auto_aim_interfaces/environment/pythonpath.dsv
[10.120s] -- Symlinking: /home/hj/PB_RM_Vision_2/install/auto_aim_interfaces/local/lib/python3.10/dist-packages/auto_aim_interfaces-0.0.0-py3.10.egg-info/PKG-INFO
[10.123s] -- Symlinking: /home/hj/PB_RM_Vision_2/install/auto_aim_interfaces/local/lib/python3.10/dist-packages/auto_aim_interfaces-0.0.0-py3.10.egg-info/SOURCES.txt
[10.126s] -- Symlinking: /home/hj/PB_RM_Vision_2/install/auto_aim_interfaces/local/lib/python3.10/dist-packages/auto_aim_interfaces-0.0.0-py3.10.egg-info/dependency_links.txt
[10.128s] -- Symlinking: /home/hj/PB_RM_Vision_2/install/auto_aim_interfaces/local/lib/python3.10/dist-packages/auto_aim_interfaces-0.0.0-py3.10.egg-info/top_level.txt
[10.132s] -- Symlinking: /home/hj/PB_RM_Vision_2/install/auto_aim_interfaces/local/lib/python3.10/dist-packages/auto_aim_interfaces/__init__.py
[10.134s] -- Symlinking: /home/hj/PB_RM_Vision_2/install/auto_aim_interfaces/local/lib/python3.10/dist-packages/auto_aim_interfaces/_auto_aim_interfaces_s.ep.rosidl_typesupport_c.c
[10.137s] -- Symlinking: /home/hj/PB_RM_Vision_2/install/auto_aim_interfaces/local/lib/python3.10/dist-packages/auto_aim_interfaces/_auto_aim_interfaces_s.ep.rosidl_typesupport_fastrtps_c.c
[10.140s] -- Symlinking: /home/hj/PB_RM_Vision_2/install/auto_aim_interfaces/local/lib/python3.10/dist-packages/auto_aim_interfaces/_auto_aim_interfaces_s.ep.rosidl_typesupport_introspection_c.c
[10.142s] -- Symlinking: /home/hj/PB_RM_Vision_2/install/auto_aim_interfaces/local/lib/python3.10/dist-packages/auto_aim_interfaces/auto_aim_interfaces_s__rosidl_typesupport_c.cpython-310-x86_64-linux-gnu.so
[10.145s] -- Symlinking: /home/hj/PB_RM_Vision_2/install/auto_aim_interfaces/local/lib/python3.10/dist-packages/auto_aim_interfaces/auto_aim_interfaces_s__rosidl_typesupport_fastrtps_c.cpython-310-x86_64-linux-gnu.so
[10.148s] -- Symlinking: /home/hj/PB_RM_Vision_2/install/auto_aim_interfaces/local/lib/python3.10/dist-packages/auto_aim_interfaces/auto_aim_interfaces_s__rosidl_typesupport_introspection_c.cpython-310-x86_64-linux-gnu.so
[10.151s] -- Symlinking: /home/hj/PB_RM_Vision_2/install/auto_aim_interfaces/local/lib/python3.10/dist-packages/auto_aim_interfaces/libauto_aim_interfaces__rosidl_generator_py.so
[10.154s] -- Symlinking: /home/hj/PB_RM_Vision_2/install/auto_aim_interfaces/local/lib/python3.10/dist-packages/auto_aim_interfaces/msg/__init__.py
[10.156s] -- Symlinking: /home/hj/PB_RM_Vision_2/install/auto_aim_interfaces/local/lib/python3.10/dist-packages/auto_aim_interfaces/msg/_armor.py
[10.159s] -- Symlinking: /home/hj/PB_RM_Vision_2/install/auto_aim_interfaces/local/lib/python3.10/dist-packages/auto_aim_interfaces/msg/_armor_s.c
[10.162s] -- Symlinking: /home/hj/PB_RM_Vision_2/install/auto_aim_interfaces/local/lib/python3.10/dist-packages/auto_aim_interfaces/msg/_armors.py
[10.165s] -- Symlinking: /home/hj/PB_RM_Vision_2/install/auto_aim_interfaces/local/lib/python3.10/dist-packages/auto_aim_interfaces/msg/_armors_s.c
[10.167s] -- Symlinking: /home/hj/PB_RM_Vision_2/install/auto_aim_interfaces/local/lib/python3.10/dist-packages/auto_aim_interfaces/msg/_debug_armor.py
[10.170s] -- Symlinking: /home/hj/PB_RM_Vision_2/install/auto_aim_interfaces/local/lib/python3.10/dist-packages/auto_aim_interfaces/msg/_debug_armor_s.c
[10.173s] -- Symlinking: /home/hj/PB_RM_Vision_2/install/auto_aim_interfaces/local/lib/python3.10/dist-packages/auto_aim_interfaces/msg/_debug_armors.py
[10.175s] -- Symlinking: /home/hj/PB_RM_Vision_2/install/auto_aim_interfaces/local/lib/python3.10/dist-packages/auto_aim_interfaces/msg/_debug_armors_s.c
[10.178s] -- Symlinking: /home/hj/PB_RM_Vision_2/install/auto_aim_interfaces/local/lib/python3.10/dist-packages/auto_aim_interfaces/msg/_debug_light.py
[10.181s] -- Symlinking: /home/hj/PB_RM_Vision_2/install/auto_aim_interfaces/local/lib/python3.10/dist-packages/auto_aim_interfaces/msg/_debug_light_s.c
[10.183s] -- Symlinking: /home/hj/PB_RM_Vision_2/install/auto_aim_interfaces/local/lib/python3.10/dist-packages/auto_aim_interfaces/msg/_debug_lights.py
[10.186s] -- Symlinking: /home/hj/PB_RM_Vision_2/install/auto_aim_interfaces/local/lib/python3.10/dist-packages/auto_aim_interfaces/msg/_debug_lights_s.c
[10.189s] -- Symlinking: /home/hj/PB_RM_Vision_2/install/auto_aim_interfaces/local/lib/python3.10/dist-packages/auto_aim_interfaces/msg/_target.py
[10.191s] -- Symlinking: /home/hj/PB_RM_Vision_2/install/auto_aim_interfaces/local/lib/python3.10/dist-packages/auto_aim_interfaces/msg/_target_s.c
[10.194s] -- Symlinking: /home/hj/PB_RM_Vision_2/install/auto_aim_interfaces/local/lib/python3.10/dist-packages/auto_aim_interfaces/msg/_tracker_info.py
[10.196s] -- Symlinking: /home/hj/PB_RM_Vision_2/install/auto_aim_interfaces/local/lib/python3.10/dist-packages/auto_aim_interfaces/msg/_tracker_info_s.c
[10.199s] -- Up-to-date symlink: /home/hj/PB_RM_Vision_2/install/auto_aim_interfaces/local/lib/python3.10/dist-packages/auto_aim_interfaces/auto_aim_interfaces_s__rosidl_typesupport_fastrtps_c.cpython-310-x86_64-linux-gnu.so
[10.199s] -- Up-to-date symlink: /home/hj/PB_RM_Vision_2/install/auto_aim_interfaces/local/lib/python3.10/dist-packages/auto_aim_interfaces/auto_aim_interfaces_s__rosidl_typesupport_introspection_c.cpython-310-x86_64-linux-gnu.so
[10.200s] -- Up-to-date symlink: /home/hj/PB_RM_Vision_2/install/auto_aim_interfaces/local/lib/python3.10/dist-packages/auto_aim_interfaces/auto_aim_interfaces_s__rosidl_typesupport_c.cpython-310-x86_64-linux-gnu.so
[10.200s] -- Symlinking: /home/hj/PB_RM_Vision_2/install/auto_aim_interfaces/share/auto_aim_interfaces/msg/Armor.idl
[10.202s] -- Symlinking: /home/hj/PB_RM_Vision_2/install/auto_aim_interfaces/share/auto_aim_interfaces/msg/Armors.idl
[10.206s] -- Symlinking: /home/hj/PB_RM_Vision_2/install/auto_aim_interfaces/share/auto_aim_interfaces/msg/Target.idl
[10.209s] -- Symlinking: /home/hj/PB_RM_Vision_2/install/auto_aim_interfaces/share/auto_aim_interfaces/msg/DebugLight.idl
[10.211s] -- Symlinking: /home/hj/PB_RM_Vision_2/install/auto_aim_interfaces/share/auto_aim_interfaces/msg/DebugLights.idl
[10.214s] -- Symlinking: /home/hj/PB_RM_Vision_2/install/auto_aim_interfaces/share/auto_aim_interfaces/msg/DebugArmor.idl
[10.217s] -- Symlinking: /home/hj/PB_RM_Vision_2/install/auto_aim_interfaces/share/auto_aim_interfaces/msg/DebugArmors.idl
[10.220s] -- Symlinking: /home/hj/PB_RM_Vision_2/install/auto_aim_interfaces/share/auto_aim_interfaces/msg/TrackerInfo.idl
[10.222s] -- Symlinking: /home/hj/PB_RM_Vision_2/install/auto_aim_interfaces/share/auto_aim_interfaces/msg/Armor.msg
[10.225s] -- Symlinking: /home/hj/PB_RM_Vision_2/install/auto_aim_interfaces/share/auto_aim_interfaces/msg/Armors.msg
[10.228s] -- Symlinking: /home/hj/PB_RM_Vision_2/install/auto_aim_interfaces/share/auto_aim_interfaces/msg/Target.msg
[10.230s] -- Symlinking: /home/hj/PB_RM_Vision_2/install/auto_aim_interfaces/share/auto_aim_interfaces/msg/DebugLight.msg
[10.233s] -- Symlinking: /home/hj/PB_RM_Vision_2/install/auto_aim_interfaces/share/auto_aim_interfaces/msg/DebugLights.msg
[10.236s] -- Symlinking: /home/hj/PB_RM_Vision_2/install/auto_aim_interfaces/share/auto_aim_interfaces/msg/DebugArmor.msg
[10.238s] -- Symlinking: /home/hj/PB_RM_Vision_2/install/auto_aim_interfaces/share/auto_aim_interfaces/msg/DebugArmors.msg
[10.241s] -- Symlinking: /home/hj/PB_RM_Vision_2/install/auto_aim_interfaces/share/auto_aim_interfaces/msg/TrackerInfo.msg
[10.245s] -- Symlinking: /home/hj/PB_RM_Vision_2/install/auto_aim_interfaces/share/ament_index/resource_index/package_run_dependencies/auto_aim_interfaces
[10.249s] -- Symlinking: /home/hj/PB_RM_Vision_2/install/auto_aim_interfaces/share/ament_index/resource_index/parent_prefix_path/auto_aim_interfaces
[10.251s] -- Symlinking: /home/hj/PB_RM_Vision_2/install/auto_aim_interfaces/share/auto_aim_interfaces/environment/ament_prefix_path.sh
[10.254s] -- Symlinking: /home/hj/PB_RM_Vision_2/install/auto_aim_interfaces/share/auto_aim_interfaces/environment/ament_prefix_path.dsv
[10.257s] -- Symlinking: /home/hj/PB_RM_Vision_2/install/auto_aim_interfaces/share/auto_aim_interfaces/environment/path.sh
[10.260s] -- Symlinking: /home/hj/PB_RM_Vision_2/install/auto_aim_interfaces/share/auto_aim_interfaces/environment/path.dsv
[10.263s] -- Symlinking: /home/hj/PB_RM_Vision_2/install/auto_aim_interfaces/share/auto_aim_interfaces/local_setup.bash
[10.266s] -- Symlinking: /home/hj/PB_RM_Vision_2/install/auto_aim_interfaces/share/auto_aim_interfaces/local_setup.sh
[10.269s] -- Symlinking: /home/hj/PB_RM_Vision_2/install/auto_aim_interfaces/share/auto_aim_interfaces/local_setup.zsh
[10.273s] -- Symlinking: /home/hj/PB_RM_Vision_2/install/auto_aim_interfaces/share/auto_aim_interfaces/local_setup.dsv
[10.276s] -- Symlinking: /home/hj/PB_RM_Vision_2/install/auto_aim_interfaces/share/auto_aim_interfaces/package.dsv
[10.279s] -- Symlinking: /home/hj/PB_RM_Vision_2/install/auto_aim_interfaces/share/ament_index/resource_index/packages/auto_aim_interfaces
[10.283s] -- Symlinking: /home/hj/PB_RM_Vision_2/install/auto_aim_interfaces/share/auto_aim_interfaces/cmake/rosidl_cmake-extras.cmake
[10.287s] -- Symlinking: /home/hj/PB_RM_Vision_2/install/auto_aim_interfaces/share/auto_aim_interfaces/cmake/ament_cmake_export_dependencies-extras.cmake
[10.292s] -- Symlinking: /home/hj/PB_RM_Vision_2/install/auto_aim_interfaces/share/auto_aim_interfaces/cmake/ament_cmake_export_include_directories-extras.cmake
[10.296s] -- Symlinking: /home/hj/PB_RM_Vision_2/install/auto_aim_interfaces/share/auto_aim_interfaces/cmake/ament_cmake_export_libraries-extras.cmake
[10.300s] -- Symlinking: /home/hj/PB_RM_Vision_2/install/auto_aim_interfaces/share/auto_aim_interfaces/cmake/ament_cmake_export_targets-extras.cmake
[10.305s] -- Symlinking: /home/hj/PB_RM_Vision_2/install/auto_aim_interfaces/share/auto_aim_interfaces/cmake/rosidl_cmake_export_typesupport_targets-extras.cmake
[10.310s] -- Symlinking: /home/hj/PB_RM_Vision_2/install/auto_aim_interfaces/share/auto_aim_interfaces/cmake/rosidl_cmake_export_typesupport_libraries-extras.cmake
[10.314s] -- Symlinking: /home/hj/PB_RM_Vision_2/install/auto_aim_interfaces/share/auto_aim_interfaces/cmake/auto_aim_interfacesConfig.cmake
[10.319s] -- Symlinking: /home/hj/PB_RM_Vision_2/install/auto_aim_interfaces/share/auto_aim_interfaces/cmake/auto_aim_interfacesConfig-version.cmake
[10.323s] -- Symlinking: /home/hj/PB_RM_Vision_2/install/auto_aim_interfaces/share/auto_aim_interfaces/package.xml
[10.328s] -- Installing: /home/hj/PB_RM_Vision_2/install/auto_aim_interfaces/lib/libauto_aim_interfaces__rosidl_generator_c.so
[10.328s] -- Set non-toolchain portion of runtime path of "/home/hj/PB_RM_Vision_2/install/auto_aim_interfaces/lib/libauto_aim_interfaces__rosidl_generator_c.so" to ""
[10.328s] -- Installing: /home/hj/PB_RM_Vision_2/install/auto_aim_interfaces/lib/libauto_aim_interfaces__rosidl_typesupport_fastrtps_c.so
[10.328s] -- Set non-toolchain portion of runtime path of "/home/hj/PB_RM_Vision_2/install/auto_aim_interfaces/lib/libauto_aim_interfaces__rosidl_typesupport_fastrtps_c.so" to ""
[10.328s] -- Installing: /home/hj/PB_RM_Vision_2/install/auto_aim_interfaces/lib/libauto_aim_interfaces__rosidl_typesupport_introspection_c.so
[10.328s] -- Set non-toolchain portion of runtime path of "/home/hj/PB_RM_Vision_2/install/auto_aim_interfaces/lib/libauto_aim_interfaces__rosidl_typesupport_introspection_c.so" to ""
[10.329s] -- Installing: /home/hj/PB_RM_Vision_2/install/auto_aim_interfaces/lib/libauto_aim_interfaces__rosidl_typesupport_c.so
[10.329s] -- Set non-toolchain portion of runtime path of "/home/hj/PB_RM_Vision_2/install/auto_aim_interfaces/lib/libauto_aim_interfaces__rosidl_typesupport_c.so" to ""
[10.329s] -- Installing: /home/hj/PB_RM_Vision_2/install/auto_aim_interfaces/lib/libauto_aim_interfaces__rosidl_typesupport_fastrtps_cpp.so
[10.329s] -- Set non-toolchain portion of runtime path of "/home/hj/PB_RM_Vision_2/install/auto_aim_interfaces/lib/libauto_aim_interfaces__rosidl_typesupport_fastrtps_cpp.so" to ""
[10.329s] -- Installing: /home/hj/PB_RM_Vision_2/install/auto_aim_interfaces/lib/libauto_aim_interfaces__rosidl_typesupport_introspection_cpp.so
[10.330s] -- Set non-toolchain portion of runtime path of "/home/hj/PB_RM_Vision_2/install/auto_aim_interfaces/lib/libauto_aim_interfaces__rosidl_typesupport_introspection_cpp.so" to ""
[10.330s] -- Installing: /home/hj/PB_RM_Vision_2/install/auto_aim_interfaces/lib/libauto_aim_interfaces__rosidl_typesupport_cpp.so
[10.330s] -- Set non-toolchain portion of runtime path of "/home/hj/PB_RM_Vision_2/install/auto_aim_interfaces/lib/libauto_aim_interfaces__rosidl_typesupport_cpp.so" to ""
[10.379s] Listing '/home/hj/PB_RM_Vision_2/install/auto_aim_interfaces/local/lib/python3.10/dist-packages/auto_aim_interfaces'...
[10.379s] Compiling '/home/hj/PB_RM_Vision_2/install/auto_aim_interfaces/local/lib/python3.10/dist-packages/auto_aim_interfaces/__init__.py'...
[10.379s] Listing '/home/hj/PB_RM_Vision_2/install/auto_aim_interfaces/local/lib/python3.10/dist-packages/auto_aim_interfaces/msg'...
[10.379s] Compiling '/home/hj/PB_RM_Vision_2/install/auto_aim_interfaces/local/lib/python3.10/dist-packages/auto_aim_interfaces/msg/__init__.py'...
[10.379s] Compiling '/home/hj/PB_RM_Vision_2/install/auto_aim_interfaces/local/lib/python3.10/dist-packages/auto_aim_interfaces/msg/_armor.py'...
[10.379s] Compiling '/home/hj/PB_RM_Vision_2/install/auto_aim_interfaces/local/lib/python3.10/dist-packages/auto_aim_interfaces/msg/_armors.py'...
[10.379s] Compiling '/home/hj/PB_RM_Vision_2/install/auto_aim_interfaces/local/lib/python3.10/dist-packages/auto_aim_interfaces/msg/_debug_armor.py'...
[10.379s] Compiling '/home/hj/PB_RM_Vision_2/install/auto_aim_interfaces/local/lib/python3.10/dist-packages/auto_aim_interfaces/msg/_debug_armors.py'...
[10.379s] Compiling '/home/hj/PB_RM_Vision_2/install/auto_aim_interfaces/local/lib/python3.10/dist-packages/auto_aim_interfaces/msg/_debug_light.py'...
[10.379s] Compiling '/home/hj/PB_RM_Vision_2/install/auto_aim_interfaces/local/lib/python3.10/dist-packages/auto_aim_interfaces/msg/_debug_lights.py'...
[10.379s] Compiling '/home/hj/PB_RM_Vision_2/install/auto_aim_interfaces/local/lib/python3.10/dist-packages/auto_aim_interfaces/msg/_target.py'...
[10.379s] Compiling '/home/hj/PB_RM_Vision_2/install/auto_aim_interfaces/local/lib/python3.10/dist-packages/auto_aim_interfaces/msg/_tracker_info.py'...
[10.384s] -- Installing: /home/hj/PB_RM_Vision_2/install/auto_aim_interfaces/lib/libauto_aim_interfaces__rosidl_generator_py.so
[10.384s] -- Set non-toolchain portion of runtime path of "/home/hj/PB_RM_Vision_2/install/auto_aim_interfaces/lib/libauto_aim_interfaces__rosidl_generator_py.so" to ""
[10.384s] -- Installing: /home/hj/PB_RM_Vision_2/install/auto_aim_interfaces/share/auto_aim_interfaces/cmake/export_auto_aim_interfaces__rosidl_generator_cExport.cmake
[10.385s] -- Installing: /home/hj/PB_RM_Vision_2/install/auto_aim_interfaces/share/auto_aim_interfaces/cmake/export_auto_aim_interfaces__rosidl_generator_cExport-noconfig.cmake
[10.385s] -- Installing: /home/hj/PB_RM_Vision_2/install/auto_aim_interfaces/share/auto_aim_interfaces/cmake/export_auto_aim_interfaces__rosidl_typesupport_fastrtps_cExport.cmake
[10.385s] -- Installing: /home/hj/PB_RM_Vision_2/install/auto_aim_interfaces/share/auto_aim_interfaces/cmake/export_auto_aim_interfaces__rosidl_typesupport_fastrtps_cExport-noconfig.cmake
[10.385s] -- Installing: /home/hj/PB_RM_Vision_2/install/auto_aim_interfaces/share/auto_aim_interfaces/cmake/auto_aim_interfaces__rosidl_typesupport_introspection_cExport.cmake
[10.385s] -- Installing: /home/hj/PB_RM_Vision_2/install/auto_aim_interfaces/share/auto_aim_interfaces/cmake/auto_aim_interfaces__rosidl_typesupport_introspection_cExport-noconfig.cmake
[10.385s] -- Installing: /home/hj/PB_RM_Vision_2/install/auto_aim_interfaces/share/auto_aim_interfaces/cmake/auto_aim_interfaces__rosidl_typesupport_cExport.cmake
[10.385s] -- Installing: /home/hj/PB_RM_Vision_2/install/auto_aim_interfaces/share/auto_aim_interfaces/cmake/auto_aim_interfaces__rosidl_typesupport_cExport-noconfig.cmake
[10.385s] -- Installing: /home/hj/PB_RM_Vision_2/install/auto_aim_interfaces/share/auto_aim_interfaces/cmake/export_auto_aim_interfaces__rosidl_generator_cppExport.cmake
[10.386s] -- Installing: /home/hj/PB_RM_Vision_2/install/auto_aim_interfaces/share/auto_aim_interfaces/cmake/export_auto_aim_interfaces__rosidl_typesupport_fastrtps_cppExport.cmake
[10.386s] -- Installing: /home/hj/PB_RM_Vision_2/install/auto_aim_interfaces/share/auto_aim_interfaces/cmake/export_auto_aim_interfaces__rosidl_typesupport_fastrtps_cppExport-noconfig.cmake
[10.386s] -- Installing: /home/hj/PB_RM_Vision_2/install/auto_aim_interfaces/share/auto_aim_interfaces/cmake/auto_aim_interfaces__rosidl_typesupport_introspection_cppExport.cmake
[10.386s] -- Installing: /home/hj/PB_RM_Vision_2/install/auto_aim_interfaces/share/auto_aim_interfaces/cmake/auto_aim_interfaces__rosidl_typesupport_introspection_cppExport-noconfig.cmake
[10.386s] -- Installing: /home/hj/PB_RM_Vision_2/install/auto_aim_interfaces/share/auto_aim_interfaces/cmake/auto_aim_interfaces__rosidl_typesupport_cppExport.cmake
[10.386s] -- Installing: /home/hj/PB_RM_Vision_2/install/auto_aim_interfaces/share/auto_aim_interfaces/cmake/auto_aim_interfaces__rosidl_typesupport_cppExport-noconfig.cmake
[10.386s] -- Installing: /home/hj/PB_RM_Vision_2/install/auto_aim_interfaces/share/auto_aim_interfaces/cmake/export_auto_aim_interfaces__rosidl_generator_pyExport.cmake
[10.386s] -- Installing: /home/hj/PB_RM_Vision_2/install/auto_aim_interfaces/share/auto_aim_interfaces/cmake/export_auto_aim_interfaces__rosidl_generator_pyExport-noconfig.cmake
[10.389s] Invoked command in '/home/hj/PB_RM_Vision_2/build/auto_aim_interfaces' returned '0': CMAKE_PREFIX_PATH=/opt/ros/humble /usr/local/bin/cmake --install /home/hj/PB_RM_Vision_2/build/auto_aim_interfaces
