-- The C compiler identification is GNU 11.4.0
-- The CXX compiler identification is GNU 11.4.0
-- Detecting C compiler ABI info
-- Detecting C compiler ABI info - done
-- Check for working C compiler: /usr/bin/cc - skipped
-- Detecting C compile features
-- Detecting C compile features - done
-- Detecting CXX compiler ABI info
-- Detecting CXX compiler ABI info - done
-- Check for working CXX compiler: /usr/bin/c++ - skipped
-- Detecting CXX compile features
-- Detecting CXX compile features - done
-- Found ament_cmake_auto: 1.3.11 (/opt/ros/humble/share/ament_cmake_auto/cmake)
-- Found Python3: /usr/bin/python3 (found version "3.10.12") found components: Interpreter 
-- Override CMake install command with custom implementation using symlinks instead of copying resources
-- Using all available rosidl_typesupport_c: rosidl_typesupport_fastrtps_c;rosidl_typesupport_introspection_c
-- Found rosidl_adapter: 3.1.6 (/opt/ros/humble/share/rosidl_adapter/cmake)
-- Using all available rosidl_typesupport_cpp: rosidl_typesupport_fastrtps_cpp;rosidl_typesupport_introspection_cpp
-- Found rmw_implementation_cmake: 6.1.2 (/opt/ros/humble/share/rmw_implementation_cmake/cmake)
-- Found rmw_fastrtps_cpp: 6.2.7 (/opt/ros/humble/share/rmw_fastrtps_cpp/cmake)
-- Found OpenSSL: /usr/lib/x86_64-linux-gnu/libcrypto.so (found version "3.0.2")  
-- Found FastRTPS: /opt/ros/humble/include  
-- Using RMW implementation 'rmw_fastrtps_cpp' as default
-- Performing Test CMAKE_HAVE_LIBC_PTHREAD
-- Performing Test CMAKE_HAVE_LIBC_PTHREAD - Success
-- Found Threads: TRUE  
-- Found asio_cmake_module: 1.2.0 (/opt/ros/humble/share/asio_cmake_module/cmake)
-- Found ASIO: /usr/include  
-- Found eigen3_cmake_module: 0.1.1 (/opt/ros/humble/share/eigen3_cmake_module/cmake)
-- Found Eigen3: TRUE (found version "3.4.0") 
-- Ensuring Eigen3 include directory is part of orocos-kdl CMake target
-- Found ament_lint_auto: 0.12.11 (/opt/ros/humble/share/ament_lint_auto/cmake)
-- Found ament_cmake_ros: 0.10.0 (/opt/ros/humble/share/ament_cmake_ros/cmake)
-- Using all available rosidl_typesupport_c: rosidl_typesupport_fastrtps_c;rosidl_typesupport_introspection_c
-- Using all available rosidl_typesupport_cpp: rosidl_typesupport_fastrtps_cpp;rosidl_typesupport_introspection_cpp
[33mCMake Warning (dev) at /opt/ros/humble/share/rosidl_generator_py/cmake/rosidl_generator_py_generate_interfaces.cmake:20 (find_package):
  Policy CMP0148 is not set: The FindPythonInterp and FindPythonLibs modules
  are removed.  Run "cmake --help-policy CMP0148" for policy details.  Use
  the cmake_policy command to set the policy and suppress this warning.

Call Stack (most recent call first):
  /opt/ros/humble/share/ament_cmake_core/cmake/core/ament_execute_extensions.cmake:48 (include)
  /opt/ros/humble/share/rosidl_cmake/cmake/rosidl_generate_interfaces.cmake:286 (ament_execute_extensions)
  CMakeLists.txt:51 (rosidl_generate_interfaces)
This warning is for project developers.  Use -Wno-dev to suppress it.
[0m
-- Found PythonInterp: /usr/bin/python3 (found suitable version "3.10.12", minimum required is "3.6") 
-- Found python_cmake_module: 0.10.0 (/opt/ros/humble/share/python_cmake_module/cmake)
[33mCMake Warning (dev) at /opt/ros/humble/share/python_cmake_module/cmake/Modules/FindPythonExtra.cmake:52 (find_package):
  Policy CMP0148 is not set: The FindPythonInterp and FindPythonLibs modules
  are removed.  Run "cmake --help-policy CMP0148" for policy details.  Use
  the cmake_policy command to set the policy and suppress this warning.

Call Stack (most recent call first):
  /opt/ros/humble/share/rosidl_generator_py/cmake/rosidl_generator_py_generate_interfaces.cmake:23 (find_package)
  /opt/ros/humble/share/ament_cmake_core/cmake/core/ament_execute_extensions.cmake:48 (include)
  /opt/ros/humble/share/rosidl_cmake/cmake/rosidl_generate_interfaces.cmake:286 (ament_execute_extensions)
  CMakeLists.txt:51 (rosidl_generate_interfaces)
This warning is for project developers.  Use -Wno-dev to suppress it.
[0m
[33mCMake Warning (dev) at /opt/ros/humble/share/python_cmake_module/cmake/Modules/FindPythonExtra.cmake:140 (find_package):
  Policy CMP0148 is not set: The FindPythonInterp and FindPythonLibs modules
  are removed.  Run "cmake --help-policy CMP0148" for policy details.  Use
  the cmake_policy command to set the policy and suppress this warning.

Call Stack (most recent call first):
  /opt/ros/humble/share/rosidl_generator_py/cmake/rosidl_generator_py_generate_interfaces.cmake:23 (find_package)
  /opt/ros/humble/share/ament_cmake_core/cmake/core/ament_execute_extensions.cmake:48 (include)
  /opt/ros/humble/share/rosidl_cmake/cmake/rosidl_generate_interfaces.cmake:286 (ament_execute_extensions)
  CMakeLists.txt:51 (rosidl_generate_interfaces)
This warning is for project developers.  Use -Wno-dev to suppress it.
[0m
-- Found PythonLibs: /usr/lib/x86_64-linux-gnu/libpython3.10.so (found suitable version "3.10.12", minimum required is "3.5") 
-- Using PYTHON_EXECUTABLE: /usr/bin/python3
-- Using PYTHON_INCLUDE_DIRS: /usr/include/python3.10
-- Using PYTHON_LIBRARIES: /usr/lib/x86_64-linux-gnu/libpython3.10.so
-- Found PythonExtra: .so  
-- Added test 'cppcheck' to perform static code analysis on C / C++ code
-- Configured cppcheck include dirs: /home/hj/PB_RM_Vision_2/src/rm_serial_driver/include
-- Configured cppcheck exclude dirs and/or files: 
-- Added test 'cpplint' to check C / C++ code against the Google style
-- Configured cpplint exclude dirs and/or files: 
-- Added test 'flake8' to check Python code syntax and style conventions
-- Added test 'lint_cmake' to check CMake code style
-- Added test 'pep257' to check Python code against some of the docstring style conventions in PEP 257
-- Added test 'xmllint' to check XML markup files
-- Added test 'clang_format' to check C / C++ code style
-- Configuring done (2.2s)
-- Generating done (0.0s)
-- Build files have been written to: /home/hj/PB_RM_Vision_2/build/rm_serial_driver
[  2%] [34m[1mGenerating C code for ROS interfaces[0m
[  4%] [34m[1mGenerating C++ code for ROS interfaces[0m
[  6%] [32mBuilding CXX object CMakeFiles/rm_serial_driver.dir/src/rm_serial_driver.cpp.o[0m
[  9%] [32mBuilding CXX object CMakeFiles/rm_serial_driver.dir/src/crc.cpp.o[0m
[ 11%] [32mBuilding CXX object CMakeFiles/rm_serial_driver_node.dir/rclcpp_components/node_main_rm_serial_driver_node.cpp.o[0m
[ 11%] Built target ament_cmake_python_symlink_rm_serial_driver
running egg_info
creating rm_serial_driver.egg-info
writing rm_serial_driver.egg-info/PKG-INFO
writing dependency_links to rm_serial_driver.egg-info/dependency_links.txt
writing top-level names to rm_serial_driver.egg-info/top_level.txt
writing manifest file 'rm_serial_driver.egg-info/SOURCES.txt'
reading manifest file 'rm_serial_driver.egg-info/SOURCES.txt'
writing manifest file 'rm_serial_driver.egg-info/SOURCES.txt'
[ 15%] [32mBuilding C object CMakeFiles/rm_serial_driver_interfaces__rosidl_generator_c.dir/rosidl_generator_c/rm_serial_driver/msg/detail/robot_status__functions.c.o[0m
[ 15%] [32mBuilding C object CMakeFiles/rm_serial_driver_interfaces__rosidl_generator_c.dir/rosidl_generator_c/rm_serial_driver/msg/detail/shoot_data__functions.c.o[0m
[ 15%] Built target ament_cmake_python_build_rm_serial_driver_egg
[ 18%] [32m[1mLinking C shared library librm_serial_driver_interfaces__rosidl_generator_c.so[0m
[ 18%] Built target rm_serial_driver_interfaces__rosidl_generator_c
[ 25%] [34m[1mGenerating C type support dispatch for ROS interfaces[0m
[ 25%] [34m[1mGenerating C type support for eProsima Fast-RTPS[0m
[ 25%] [34m[1mGenerating C introspection for ROS interfaces[0m
[ 25%] Built target rm_serial_driver_interfaces__cpp
[ 27%] [34m[1mGenerating C++ type support for eProsima Fast-RTPS[0m
[ 29%] [34m[1mGenerating C++ type support dispatch for ROS interfaces[0m
[ 31%] [34m[1mGenerating C++ introspection for ROS interfaces[0m
[ 34%] [32mBuilding CXX object CMakeFiles/rm_serial_driver_interfaces__rosidl_typesupport_c.dir/rosidl_typesupport_c/rm_serial_driver/msg/shoot_data__type_support.cpp.o[0m
[ 36%] [32mBuilding CXX object CMakeFiles/rm_serial_driver_interfaces__rosidl_typesupport_c.dir/rosidl_typesupport_c/rm_serial_driver/msg/robot_status__type_support.cpp.o[0m
[ 38%] [32mBuilding C object CMakeFiles/rm_serial_driver_interfaces__rosidl_typesupport_introspection_c.dir/rosidl_typesupport_introspection_c/rm_serial_driver/msg/detail/shoot_data__type_support.c.o[0m
[ 40%] [32m[1mLinking CXX shared library librm_serial_driver_interfaces__rosidl_typesupport_c.so[0m
[ 43%] [32mBuilding CXX object CMakeFiles/rm_serial_driver_interfaces__rosidl_typesupport_cpp.dir/rosidl_typesupport_cpp/rm_serial_driver/msg/shoot_data__type_support.cpp.o[0m
[ 45%] [32mBuilding C object CMakeFiles/rm_serial_driver_interfaces__rosidl_typesupport_introspection_c.dir/rosidl_typesupport_introspection_c/rm_serial_driver/msg/detail/robot_status__type_support.c.o[0m
[ 45%] Built target rm_serial_driver_interfaces__rosidl_typesupport_c
[ 47%] [32mBuilding CXX object CMakeFiles/rm_serial_driver_interfaces__rosidl_typesupport_cpp.dir/rosidl_typesupport_cpp/rm_serial_driver/msg/robot_status__type_support.cpp.o[0m
[ 50%] [32mBuilding CXX object CMakeFiles/rm_serial_driver_interfaces__rosidl_typesupport_fastrtps_c.dir/rosidl_typesupport_fastrtps_c/rm_serial_driver/msg/detail/shoot_data__type_support_c.cpp.o[0m
[ 52%] [32mBuilding CXX object CMakeFiles/rm_serial_driver_interfaces__rosidl_typesupport_introspection_cpp.dir/rosidl_typesupport_introspection_cpp/rm_serial_driver/msg/detail/shoot_data__type_support.cpp.o[0m
[ 54%] [32m[1mLinking C shared library librm_serial_driver_interfaces__rosidl_typesupport_introspection_c.so[0m
[ 56%] [32mBuilding CXX object CMakeFiles/rm_serial_driver_interfaces__rosidl_typesupport_fastrtps_cpp.dir/rosidl_typesupport_fastrtps_cpp/rm_serial_driver/msg/detail/dds_fastrtps/shoot_data__type_support.cpp.o[0m
[ 56%] Built target rm_serial_driver_interfaces__rosidl_typesupport_introspection_c
[ 59%] [32mBuilding CXX object CMakeFiles/rm_serial_driver_interfaces__rosidl_typesupport_introspection_cpp.dir/rosidl_typesupport_introspection_cpp/rm_serial_driver/msg/detail/robot_status__type_support.cpp.o[0m
[ 61%] [32m[1mLinking CXX shared library librm_serial_driver_interfaces__rosidl_typesupport_cpp.so[0m
[ 63%] [32mBuilding CXX object CMakeFiles/rm_serial_driver_interfaces__rosidl_typesupport_fastrtps_cpp.dir/rosidl_typesupport_fastrtps_cpp/rm_serial_driver/msg/detail/dds_fastrtps/robot_status__type_support.cpp.o[0m
[ 65%] [32mBuilding CXX object CMakeFiles/rm_serial_driver_interfaces__rosidl_typesupport_fastrtps_c.dir/rosidl_typesupport_fastrtps_c/rm_serial_driver/msg/detail/robot_status__type_support_c.cpp.o[0m
[ 65%] Built target rm_serial_driver_interfaces__rosidl_typesupport_cpp
[ 68%] [32m[1mLinking CXX shared library librm_serial_driver_interfaces__rosidl_typesupport_introspection_cpp.so[0m
[ 70%] [32m[1mLinking CXX shared library librm_serial_driver_interfaces__rosidl_typesupport_fastrtps_c.so[0m
[ 70%] Built target rm_serial_driver_interfaces__rosidl_typesupport_introspection_cpp
[ 70%] Built target rm_serial_driver_interfaces__rosidl_typesupport_fastrtps_c
[ 72%] [32m[1mLinking CXX shared library librm_serial_driver_interfaces__rosidl_typesupport_fastrtps_cpp.so[0m
[ 72%] Built target rm_serial_driver_interfaces__rosidl_typesupport_fastrtps_cpp
[ 72%] Built target rm_serial_driver_interfaces
[ 75%] [34m[1mGenerating Python code for ROS interfaces[0m
[ 75%] Built target rm_serial_driver_interfaces__py
[ 77%] [32mBuilding C object CMakeFiles/rm_serial_driver_interfaces__rosidl_generator_py.dir/rosidl_generator_py/rm_serial_driver/msg/_shoot_data_s.c.o[0m
[ 79%] [32mBuilding C object CMakeFiles/rm_serial_driver_interfaces__rosidl_generator_py.dir/rosidl_generator_py/rm_serial_driver/msg/_robot_status_s.c.o[0m
[ 81%] [32m[1mLinking C shared library rosidl_generator_py/rm_serial_driver/librm_serial_driver_interfaces__rosidl_generator_py.so[0m
[ 81%] Built target rm_serial_driver_interfaces__rosidl_generator_py
[ 84%] [32mBuilding C object CMakeFiles/rm_serial_driver__rosidl_typesupport_c__pyext.dir/rosidl_generator_py/rm_serial_driver/_rm_serial_driver_s.ep.rosidl_typesupport_c.c.o[0m
[ 88%] [32mBuilding C object CMakeFiles/rm_serial_driver__rosidl_typesupport_fastrtps_c__pyext.dir/rosidl_generator_py/rm_serial_driver/_rm_serial_driver_s.ep.rosidl_typesupport_fastrtps_c.c.o[0m
[ 88%] [32mBuilding C object CMakeFiles/rm_serial_driver__rosidl_typesupport_introspection_c__pyext.dir/rosidl_generator_py/rm_serial_driver/_rm_serial_driver_s.ep.rosidl_typesupport_introspection_c.c.o[0m
[ 90%] [32m[1mLinking C shared library rosidl_generator_py/rm_serial_driver/rm_serial_driver_s__rosidl_typesupport_c.cpython-310-x86_64-linux-gnu.so[0m
[ 93%] [32m[1mLinking C shared library rosidl_generator_py/rm_serial_driver/rm_serial_driver_s__rosidl_typesupport_fastrtps_c.cpython-310-x86_64-linux-gnu.so[0m
[ 95%] [32m[1mLinking C shared library rosidl_generator_py/rm_serial_driver/rm_serial_driver_s__rosidl_typesupport_introspection_c.cpython-310-x86_64-linux-gnu.so[0m
[ 95%] Built target rm_serial_driver__rosidl_typesupport_c__pyext
[ 95%] Built target rm_serial_driver__rosidl_typesupport_introspection_c__pyext
[ 95%] Built target rm_serial_driver__rosidl_typesupport_fastrtps_c__pyext
[ 97%] [32m[1mLinking CXX executable rm_serial_driver_node[0m
[ 97%] Built target rm_serial_driver_node
[100%] [32m[1mLinking CXX shared library librm_serial_driver.so[0m
[100%] Built target rm_serial_driver
-- Install configuration: ""
-- Execute custom install script
-- Symlinking: /home/hj/PB_RM_Vision_2/install/rm_serial_driver/lib/rm_serial_driver/rm_serial_driver_node
-- Symlinking: /home/hj/PB_RM_Vision_2/install/rm_serial_driver/share/ament_index/resource_index/rosidl_interfaces/rm_serial_driver
-- Symlinking: /home/hj/PB_RM_Vision_2/install/rm_serial_driver/include/rm_serial_driver/rm_serial_driver/msg/detail/robot_status__functions.h
-- Symlinking: /home/hj/PB_RM_Vision_2/install/rm_serial_driver/include/rm_serial_driver/rm_serial_driver/msg/detail/robot_status__struct.h
-- Symlinking: /home/hj/PB_RM_Vision_2/install/rm_serial_driver/include/rm_serial_driver/rm_serial_driver/msg/detail/robot_status__type_support.h
-- Symlinking: /home/hj/PB_RM_Vision_2/install/rm_serial_driver/include/rm_serial_driver/rm_serial_driver/msg/detail/shoot_data__functions.h
-- Symlinking: /home/hj/PB_RM_Vision_2/install/rm_serial_driver/include/rm_serial_driver/rm_serial_driver/msg/detail/shoot_data__struct.h
-- Symlinking: /home/hj/PB_RM_Vision_2/install/rm_serial_driver/include/rm_serial_driver/rm_serial_driver/msg/detail/shoot_data__type_support.h
-- Symlinking: /home/hj/PB_RM_Vision_2/install/rm_serial_driver/include/rm_serial_driver/rm_serial_driver/msg/robot_status.h
-- Symlinking: /home/hj/PB_RM_Vision_2/install/rm_serial_driver/include/rm_serial_driver/rm_serial_driver/msg/rosidl_generator_c__visibility_control.h
-- Symlinking: /home/hj/PB_RM_Vision_2/install/rm_serial_driver/include/rm_serial_driver/rm_serial_driver/msg/shoot_data.h
-- Symlinking: /home/hj/PB_RM_Vision_2/install/rm_serial_driver/share/rm_serial_driver/environment/library_path.sh
-- Symlinking: /home/hj/PB_RM_Vision_2/install/rm_serial_driver/share/rm_serial_driver/environment/library_path.dsv
-- Symlinking: /home/hj/PB_RM_Vision_2/install/rm_serial_driver/include/rm_serial_driver/rm_serial_driver/msg/detail/robot_status__rosidl_typesupport_fastrtps_c.h
-- Symlinking: /home/hj/PB_RM_Vision_2/install/rm_serial_driver/include/rm_serial_driver/rm_serial_driver/msg/detail/shoot_data__rosidl_typesupport_fastrtps_c.h
-- Symlinking: /home/hj/PB_RM_Vision_2/install/rm_serial_driver/include/rm_serial_driver/rm_serial_driver/msg/rosidl_typesupport_fastrtps_c__visibility_control.h
-- Symlinking: /home/hj/PB_RM_Vision_2/install/rm_serial_driver/include/rm_serial_driver/rm_serial_driver/msg/detail/robot_status__rosidl_typesupport_introspection_c.h
-- Symlinking: /home/hj/PB_RM_Vision_2/install/rm_serial_driver/include/rm_serial_driver/rm_serial_driver/msg/detail/shoot_data__rosidl_typesupport_introspection_c.h
-- Symlinking: /home/hj/PB_RM_Vision_2/install/rm_serial_driver/include/rm_serial_driver/rm_serial_driver/msg/rosidl_typesupport_introspection_c__visibility_control.h
-- Symlinking: /home/hj/PB_RM_Vision_2/install/rm_serial_driver/include/rm_serial_driver/rm_serial_driver/msg/detail/robot_status__builder.hpp
-- Symlinking: /home/hj/PB_RM_Vision_2/install/rm_serial_driver/include/rm_serial_driver/rm_serial_driver/msg/detail/robot_status__struct.hpp
-- Symlinking: /home/hj/PB_RM_Vision_2/install/rm_serial_driver/include/rm_serial_driver/rm_serial_driver/msg/detail/robot_status__traits.hpp
-- Symlinking: /home/hj/PB_RM_Vision_2/install/rm_serial_driver/include/rm_serial_driver/rm_serial_driver/msg/detail/robot_status__type_support.hpp
-- Symlinking: /home/hj/PB_RM_Vision_2/install/rm_serial_driver/include/rm_serial_driver/rm_serial_driver/msg/detail/shoot_data__builder.hpp
-- Symlinking: /home/hj/PB_RM_Vision_2/install/rm_serial_driver/include/rm_serial_driver/rm_serial_driver/msg/detail/shoot_data__struct.hpp
-- Symlinking: /home/hj/PB_RM_Vision_2/install/rm_serial_driver/include/rm_serial_driver/rm_serial_driver/msg/detail/shoot_data__traits.hpp
-- Symlinking: /home/hj/PB_RM_Vision_2/install/rm_serial_driver/include/rm_serial_driver/rm_serial_driver/msg/detail/shoot_data__type_support.hpp
-- Symlinking: /home/hj/PB_RM_Vision_2/install/rm_serial_driver/include/rm_serial_driver/rm_serial_driver/msg/robot_status.hpp
-- Symlinking: /home/hj/PB_RM_Vision_2/install/rm_serial_driver/include/rm_serial_driver/rm_serial_driver/msg/rosidl_generator_cpp__visibility_control.hpp
-- Symlinking: /home/hj/PB_RM_Vision_2/install/rm_serial_driver/include/rm_serial_driver/rm_serial_driver/msg/shoot_data.hpp
-- Symlinking: /home/hj/PB_RM_Vision_2/install/rm_serial_driver/include/rm_serial_driver/rm_serial_driver/msg/detail/robot_status__rosidl_typesupport_fastrtps_cpp.hpp
-- Symlinking: /home/hj/PB_RM_Vision_2/install/rm_serial_driver/include/rm_serial_driver/rm_serial_driver/msg/detail/shoot_data__rosidl_typesupport_fastrtps_cpp.hpp
-- Symlinking: /home/hj/PB_RM_Vision_2/install/rm_serial_driver/include/rm_serial_driver/rm_serial_driver/msg/rosidl_typesupport_fastrtps_cpp__visibility_control.h
-- Symlinking: /home/hj/PB_RM_Vision_2/install/rm_serial_driver/include/rm_serial_driver/rm_serial_driver/msg/detail/robot_status__rosidl_typesupport_introspection_cpp.hpp
-- Symlinking: /home/hj/PB_RM_Vision_2/install/rm_serial_driver/include/rm_serial_driver/rm_serial_driver/msg/detail/shoot_data__rosidl_typesupport_introspection_cpp.hpp
-- Symlinking: /home/hj/PB_RM_Vision_2/install/rm_serial_driver/share/rm_serial_driver/environment/pythonpath.sh
-- Symlinking: /home/hj/PB_RM_Vision_2/install/rm_serial_driver/share/rm_serial_driver/environment/pythonpath.dsv
-- Symlinking: /home/hj/PB_RM_Vision_2/install/rm_serial_driver/local/lib/python3.10/dist-packages/rm_serial_driver-0.1.0-py3.10.egg-info/PKG-INFO
-- Symlinking: /home/hj/PB_RM_Vision_2/install/rm_serial_driver/local/lib/python3.10/dist-packages/rm_serial_driver-0.1.0-py3.10.egg-info/SOURCES.txt
-- Symlinking: /home/hj/PB_RM_Vision_2/install/rm_serial_driver/local/lib/python3.10/dist-packages/rm_serial_driver-0.1.0-py3.10.egg-info/dependency_links.txt
-- Symlinking: /home/hj/PB_RM_Vision_2/install/rm_serial_driver/local/lib/python3.10/dist-packages/rm_serial_driver-0.1.0-py3.10.egg-info/top_level.txt
-- Symlinking: /home/hj/PB_RM_Vision_2/install/rm_serial_driver/local/lib/python3.10/dist-packages/rm_serial_driver/__init__.py
-- Symlinking: /home/hj/PB_RM_Vision_2/install/rm_serial_driver/local/lib/python3.10/dist-packages/rm_serial_driver/_rm_serial_driver_s.ep.rosidl_typesupport_c.c
-- Symlinking: /home/hj/PB_RM_Vision_2/install/rm_serial_driver/local/lib/python3.10/dist-packages/rm_serial_driver/_rm_serial_driver_s.ep.rosidl_typesupport_fastrtps_c.c
-- Symlinking: /home/hj/PB_RM_Vision_2/install/rm_serial_driver/local/lib/python3.10/dist-packages/rm_serial_driver/_rm_serial_driver_s.ep.rosidl_typesupport_introspection_c.c
-- Symlinking: /home/hj/PB_RM_Vision_2/install/rm_serial_driver/local/lib/python3.10/dist-packages/rm_serial_driver/librm_serial_driver_interfaces__rosidl_generator_py.so
-- Symlinking: /home/hj/PB_RM_Vision_2/install/rm_serial_driver/local/lib/python3.10/dist-packages/rm_serial_driver/msg/__init__.py
-- Symlinking: /home/hj/PB_RM_Vision_2/install/rm_serial_driver/local/lib/python3.10/dist-packages/rm_serial_driver/msg/_robot_status.py
-- Symlinking: /home/hj/PB_RM_Vision_2/install/rm_serial_driver/local/lib/python3.10/dist-packages/rm_serial_driver/msg/_robot_status_s.c
-- Symlinking: /home/hj/PB_RM_Vision_2/install/rm_serial_driver/local/lib/python3.10/dist-packages/rm_serial_driver/msg/_shoot_data.py
-- Symlinking: /home/hj/PB_RM_Vision_2/install/rm_serial_driver/local/lib/python3.10/dist-packages/rm_serial_driver/msg/_shoot_data_s.c
-- Symlinking: /home/hj/PB_RM_Vision_2/install/rm_serial_driver/local/lib/python3.10/dist-packages/rm_serial_driver/rm_serial_driver_s__rosidl_typesupport_c.cpython-310-x86_64-linux-gnu.so
-- Symlinking: /home/hj/PB_RM_Vision_2/install/rm_serial_driver/local/lib/python3.10/dist-packages/rm_serial_driver/rm_serial_driver_s__rosidl_typesupport_fastrtps_c.cpython-310-x86_64-linux-gnu.so
-- Symlinking: /home/hj/PB_RM_Vision_2/install/rm_serial_driver/local/lib/python3.10/dist-packages/rm_serial_driver/rm_serial_driver_s__rosidl_typesupport_introspection_c.cpython-310-x86_64-linux-gnu.so
-- Up-to-date symlink: /home/hj/PB_RM_Vision_2/install/rm_serial_driver/local/lib/python3.10/dist-packages/rm_serial_driver/rm_serial_driver_s__rosidl_typesupport_fastrtps_c.cpython-310-x86_64-linux-gnu.so
-- Up-to-date symlink: /home/hj/PB_RM_Vision_2/install/rm_serial_driver/local/lib/python3.10/dist-packages/rm_serial_driver/rm_serial_driver_s__rosidl_typesupport_introspection_c.cpython-310-x86_64-linux-gnu.so
-- Up-to-date symlink: /home/hj/PB_RM_Vision_2/install/rm_serial_driver/local/lib/python3.10/dist-packages/rm_serial_driver/rm_serial_driver_s__rosidl_typesupport_c.cpython-310-x86_64-linux-gnu.so
-- Symlinking: /home/hj/PB_RM_Vision_2/install/rm_serial_driver/share/rm_serial_driver/msg/ShootData.idl
-- Symlinking: /home/hj/PB_RM_Vision_2/install/rm_serial_driver/share/rm_serial_driver/msg/RobotStatus.idl
-- Symlinking: /home/hj/PB_RM_Vision_2/install/rm_serial_driver/share/rm_serial_driver/msg/ShootData.msg
-- Symlinking: /home/hj/PB_RM_Vision_2/install/rm_serial_driver/share/rm_serial_driver/msg/RobotStatus.msg
-- Symlinking: /home/hj/PB_RM_Vision_2/install/rm_serial_driver/include/rm_serial_driver/crc.hpp
-- Symlinking: /home/hj/PB_RM_Vision_2/install/rm_serial_driver/include/rm_serial_driver/packet.hpp
-- Symlinking: /home/hj/PB_RM_Vision_2/install/rm_serial_driver/include/rm_serial_driver/rm_serial_driver.hpp
-- Symlinking: /home/hj/PB_RM_Vision_2/install/rm_serial_driver/lib/librm_serial_driver.so
-- Symlinking: /home/hj/PB_RM_Vision_2/install/rm_serial_driver/share/rm_serial_driver/config/serial_driver.yaml
-- Symlinking: /home/hj/PB_RM_Vision_2/install/rm_serial_driver/share/rm_serial_driver/launch/serial_driver.launch.py
-- Symlinking: /home/hj/PB_RM_Vision_2/install/rm_serial_driver/share/ament_index/resource_index/package_run_dependencies/rm_serial_driver
-- Symlinking: /home/hj/PB_RM_Vision_2/install/rm_serial_driver/share/ament_index/resource_index/parent_prefix_path/rm_serial_driver
-- Symlinking: /home/hj/PB_RM_Vision_2/install/rm_serial_driver/share/rm_serial_driver/environment/ament_prefix_path.sh
-- Symlinking: /home/hj/PB_RM_Vision_2/install/rm_serial_driver/share/rm_serial_driver/environment/ament_prefix_path.dsv
-- Symlinking: /home/hj/PB_RM_Vision_2/install/rm_serial_driver/share/rm_serial_driver/environment/path.sh
-- Symlinking: /home/hj/PB_RM_Vision_2/install/rm_serial_driver/share/rm_serial_driver/environment/path.dsv
-- Symlinking: /home/hj/PB_RM_Vision_2/install/rm_serial_driver/share/rm_serial_driver/local_setup.bash
-- Symlinking: /home/hj/PB_RM_Vision_2/install/rm_serial_driver/share/rm_serial_driver/local_setup.sh
-- Symlinking: /home/hj/PB_RM_Vision_2/install/rm_serial_driver/share/rm_serial_driver/local_setup.zsh
-- Symlinking: /home/hj/PB_RM_Vision_2/install/rm_serial_driver/share/rm_serial_driver/local_setup.dsv
-- Symlinking: /home/hj/PB_RM_Vision_2/install/rm_serial_driver/share/rm_serial_driver/package.dsv
-- Symlinking: /home/hj/PB_RM_Vision_2/install/rm_serial_driver/share/ament_index/resource_index/packages/rm_serial_driver
-- Symlinking: /home/hj/PB_RM_Vision_2/install/rm_serial_driver/share/ament_index/resource_index/rclcpp_components/rm_serial_driver
-- Symlinking: /home/hj/PB_RM_Vision_2/install/rm_serial_driver/share/rm_serial_driver/cmake/rosidl_cmake-extras.cmake
-- Symlinking: /home/hj/PB_RM_Vision_2/install/rm_serial_driver/share/rm_serial_driver/cmake/ament_cmake_export_dependencies-extras.cmake
-- Symlinking: /home/hj/PB_RM_Vision_2/install/rm_serial_driver/share/rm_serial_driver/cmake/ament_cmake_export_include_directories-extras.cmake
-- Symlinking: /home/hj/PB_RM_Vision_2/install/rm_serial_driver/share/rm_serial_driver/cmake/ament_cmake_export_libraries-extras.cmake
-- Symlinking: /home/hj/PB_RM_Vision_2/install/rm_serial_driver/share/rm_serial_driver/cmake/ament_cmake_export_targets-extras.cmake
-- Symlinking: /home/hj/PB_RM_Vision_2/install/rm_serial_driver/share/rm_serial_driver/cmake/rosidl_cmake_export_typesupport_targets-extras.cmake
-- Symlinking: /home/hj/PB_RM_Vision_2/install/rm_serial_driver/share/rm_serial_driver/cmake/rosidl_cmake_export_typesupport_libraries-extras.cmake
-- Symlinking: /home/hj/PB_RM_Vision_2/install/rm_serial_driver/share/rm_serial_driver/cmake/rm_serial_driverConfig.cmake
-- Symlinking: /home/hj/PB_RM_Vision_2/install/rm_serial_driver/share/rm_serial_driver/cmake/rm_serial_driverConfig-version.cmake
-- Symlinking: /home/hj/PB_RM_Vision_2/install/rm_serial_driver/share/rm_serial_driver/package.xml
-- Installing: /home/hj/PB_RM_Vision_2/install/rm_serial_driver/lib/librm_serial_driver_interfaces__rosidl_generator_c.so
-- Set non-toolchain portion of runtime path of "/home/hj/PB_RM_Vision_2/install/rm_serial_driver/lib/librm_serial_driver_interfaces__rosidl_generator_c.so" to ""
-- Installing: /home/hj/PB_RM_Vision_2/install/rm_serial_driver/lib/librm_serial_driver_interfaces__rosidl_typesupport_fastrtps_c.so
-- Set non-toolchain portion of runtime path of "/home/hj/PB_RM_Vision_2/install/rm_serial_driver/lib/librm_serial_driver_interfaces__rosidl_typesupport_fastrtps_c.so" to ""
-- Installing: /home/hj/PB_RM_Vision_2/install/rm_serial_driver/lib/librm_serial_driver_interfaces__rosidl_typesupport_introspection_c.so
-- Set non-toolchain portion of runtime path of "/home/hj/PB_RM_Vision_2/install/rm_serial_driver/lib/librm_serial_driver_interfaces__rosidl_typesupport_introspection_c.so" to ""
-- Installing: /home/hj/PB_RM_Vision_2/install/rm_serial_driver/lib/librm_serial_driver_interfaces__rosidl_typesupport_c.so
-- Set non-toolchain portion of runtime path of "/home/hj/PB_RM_Vision_2/install/rm_serial_driver/lib/librm_serial_driver_interfaces__rosidl_typesupport_c.so" to ""
-- Installing: /home/hj/PB_RM_Vision_2/install/rm_serial_driver/lib/librm_serial_driver_interfaces__rosidl_typesupport_fastrtps_cpp.so
-- Set non-toolchain portion of runtime path of "/home/hj/PB_RM_Vision_2/install/rm_serial_driver/lib/librm_serial_driver_interfaces__rosidl_typesupport_fastrtps_cpp.so" to ""
-- Installing: /home/hj/PB_RM_Vision_2/install/rm_serial_driver/lib/librm_serial_driver_interfaces__rosidl_typesupport_introspection_cpp.so
-- Set non-toolchain portion of runtime path of "/home/hj/PB_RM_Vision_2/install/rm_serial_driver/lib/librm_serial_driver_interfaces__rosidl_typesupport_introspection_cpp.so" to ""
-- Installing: /home/hj/PB_RM_Vision_2/install/rm_serial_driver/lib/librm_serial_driver_interfaces__rosidl_typesupport_cpp.so
-- Set non-toolchain portion of runtime path of "/home/hj/PB_RM_Vision_2/install/rm_serial_driver/lib/librm_serial_driver_interfaces__rosidl_typesupport_cpp.so" to ""
Listing '/home/hj/PB_RM_Vision_2/install/rm_serial_driver/local/lib/python3.10/dist-packages/rm_serial_driver'...
Compiling '/home/hj/PB_RM_Vision_2/install/rm_serial_driver/local/lib/python3.10/dist-packages/rm_serial_driver/__init__.py'...
Listing '/home/hj/PB_RM_Vision_2/install/rm_serial_driver/local/lib/python3.10/dist-packages/rm_serial_driver/msg'...
Compiling '/home/hj/PB_RM_Vision_2/install/rm_serial_driver/local/lib/python3.10/dist-packages/rm_serial_driver/msg/__init__.py'...
Compiling '/home/hj/PB_RM_Vision_2/install/rm_serial_driver/local/lib/python3.10/dist-packages/rm_serial_driver/msg/_robot_status.py'...
Compiling '/home/hj/PB_RM_Vision_2/install/rm_serial_driver/local/lib/python3.10/dist-packages/rm_serial_driver/msg/_shoot_data.py'...
-- Installing: /home/hj/PB_RM_Vision_2/install/rm_serial_driver/lib/librm_serial_driver_interfaces__rosidl_generator_py.so
-- Set non-toolchain portion of runtime path of "/home/hj/PB_RM_Vision_2/install/rm_serial_driver/lib/librm_serial_driver_interfaces__rosidl_generator_py.so" to ""
-- Installing: /home/hj/PB_RM_Vision_2/install/rm_serial_driver/share/rm_serial_driver/cmake/export_rm_serial_driver_interfaces__rosidl_generator_cExport.cmake
-- Installing: /home/hj/PB_RM_Vision_2/install/rm_serial_driver/share/rm_serial_driver/cmake/export_rm_serial_driver_interfaces__rosidl_generator_cExport-noconfig.cmake
-- Installing: /home/hj/PB_RM_Vision_2/install/rm_serial_driver/share/rm_serial_driver/cmake/export_rm_serial_driver_interfaces__rosidl_typesupport_fastrtps_cExport.cmake
-- Installing: /home/hj/PB_RM_Vision_2/install/rm_serial_driver/share/rm_serial_driver/cmake/export_rm_serial_driver_interfaces__rosidl_typesupport_fastrtps_cExport-noconfig.cmake
-- Installing: /home/hj/PB_RM_Vision_2/install/rm_serial_driver/share/rm_serial_driver/cmake/rm_serial_driver_interfaces__rosidl_typesupport_introspection_cExport.cmake
-- Installing: /home/hj/PB_RM_Vision_2/install/rm_serial_driver/share/rm_serial_driver/cmake/rm_serial_driver_interfaces__rosidl_typesupport_introspection_cExport-noconfig.cmake
-- Installing: /home/hj/PB_RM_Vision_2/install/rm_serial_driver/share/rm_serial_driver/cmake/rm_serial_driver_interfaces__rosidl_typesupport_cExport.cmake
-- Installing: /home/hj/PB_RM_Vision_2/install/rm_serial_driver/share/rm_serial_driver/cmake/rm_serial_driver_interfaces__rosidl_typesupport_cExport-noconfig.cmake
-- Installing: /home/hj/PB_RM_Vision_2/install/rm_serial_driver/share/rm_serial_driver/cmake/export_rm_serial_driver_interfaces__rosidl_generator_cppExport.cmake
-- Installing: /home/hj/PB_RM_Vision_2/install/rm_serial_driver/share/rm_serial_driver/cmake/export_rm_serial_driver_interfaces__rosidl_typesupport_fastrtps_cppExport.cmake
-- Installing: /home/hj/PB_RM_Vision_2/install/rm_serial_driver/share/rm_serial_driver/cmake/export_rm_serial_driver_interfaces__rosidl_typesupport_fastrtps_cppExport-noconfig.cmake
-- Installing: /home/hj/PB_RM_Vision_2/install/rm_serial_driver/share/rm_serial_driver/cmake/rm_serial_driver_interfaces__rosidl_typesupport_introspection_cppExport.cmake
-- Installing: /home/hj/PB_RM_Vision_2/install/rm_serial_driver/share/rm_serial_driver/cmake/rm_serial_driver_interfaces__rosidl_typesupport_introspection_cppExport-noconfig.cmake
-- Installing: /home/hj/PB_RM_Vision_2/install/rm_serial_driver/share/rm_serial_driver/cmake/rm_serial_driver_interfaces__rosidl_typesupport_cppExport.cmake
-- Installing: /home/hj/PB_RM_Vision_2/install/rm_serial_driver/share/rm_serial_driver/cmake/rm_serial_driver_interfaces__rosidl_typesupport_cppExport-noconfig.cmake
-- Installing: /home/hj/PB_RM_Vision_2/install/rm_serial_driver/share/rm_serial_driver/cmake/export_rm_serial_driver_interfaces__rosidl_generator_pyExport.cmake
-- Installing: /home/hj/PB_RM_Vision_2/install/rm_serial_driver/share/rm_serial_driver/cmake/export_rm_serial_driver_interfaces__rosidl_generator_pyExport-noconfig.cmake
