[0.020s] Invoking command in '/home/hj/PB_RM_Vision_2/build/rm_gimbal_description': CMAKE_PREFIX_PATH=/opt/ros/humble /usr/local/bin/cmake /home/hj/PB_RM_Vision_2/src/rm_gimbal_description -DAMENT_CMAKE_SYMLINK_INSTALL=1 -DCMAKE_INSTALL_PREFIX=/home/hj/PB_RM_Vision_2/install/rm_gimbal_description
[0.065s] -- The C compiler identification is GNU 11.4.0
[0.126s] -- The CXX compiler identification is GNU 11.4.0
[0.139s] -- Detecting C compiler ABI info
[0.204s] -- Detecting C compiler ABI info - done
[0.215s] -- Check for working C compiler: /usr/bin/cc - skipped
[0.215s] -- Detecting C compile features
[0.215s] -- Detecting C compile features - done
[0.223s] -- Detecting CXX compiler ABI info
[0.299s] -- Detecting CXX compiler ABI info - done
[0.312s] -- Check for working CXX compiler: /usr/bin/c++ - skipped
[0.313s] -- Detecting CXX compile features
[0.313s] -- Detecting CXX compile features - done
[0.316s] -- Found ament_cmake: 1.3.11 (/opt/ros/humble/share/ament_cmake/cmake)
[0.448s] -- Found Python3: /usr/bin/python3 (found version "3.10.12") found components: Interpreter 
[0.495s] -- Override CMake install command with custom implementation using symlinks instead of copying resources
[0.524s] -- Found ament_lint_auto: 0.12.11 (/opt/ros/humble/share/ament_lint_auto/cmake)
[0.598s] -- Added test 'lint_cmake' to check CMake code style
[0.598s] -- Added test 'xmllint' to check XML markup files
[0.600s] -- Configuring done (0.6s)
[0.601s] -- Generating done (0.0s)
[0.603s] -- Build files have been written to: /home/hj/PB_RM_Vision_2/build/rm_gimbal_description
[0.607s] Invoked command in '/home/hj/PB_RM_Vision_2/build/rm_gimbal_description' returned '0': CMAKE_PREFIX_PATH=/opt/ros/humble /usr/local/bin/cmake /home/hj/PB_RM_Vision_2/src/rm_gimbal_description -DAMENT_CMAKE_SYMLINK_INSTALL=1 -DCMAKE_INSTALL_PREFIX=/home/hj/PB_RM_Vision_2/install/rm_gimbal_description
[0.609s] Invoking command in '/home/hj/PB_RM_Vision_2/build/rm_gimbal_description': CMAKE_PREFIX_PATH=/opt/ros/humble /usr/local/bin/cmake --build /home/hj/PB_RM_Vision_2/build/rm_gimbal_description -- -j8 -l8
[0.628s] Invoked command in '/home/hj/PB_RM_Vision_2/build/rm_gimbal_description' returned '0': CMAKE_PREFIX_PATH=/opt/ros/humble /usr/local/bin/cmake --build /home/hj/PB_RM_Vision_2/build/rm_gimbal_description -- -j8 -l8
[0.633s] Invoking command in '/home/hj/PB_RM_Vision_2/build/rm_gimbal_description': CMAKE_PREFIX_PATH=/opt/ros/humble /usr/local/bin/cmake --install /home/hj/PB_RM_Vision_2/build/rm_gimbal_description
[0.636s] -- Install configuration: ""
[0.637s] -- Execute custom install script
[0.637s] -- Symlinking: /home/hj/PB_RM_Vision_2/install/rm_gimbal_description/share/rm_gimbal_description/urdf/rm_gimbal.urdf.xacro
[0.645s] -- Symlinking: /home/hj/PB_RM_Vision_2/install/rm_gimbal_description/share/ament_index/resource_index/package_run_dependencies/rm_gimbal_description
[0.646s] -- Symlinking: /home/hj/PB_RM_Vision_2/install/rm_gimbal_description/share/ament_index/resource_index/parent_prefix_path/rm_gimbal_description
[0.650s] -- Symlinking: /home/hj/PB_RM_Vision_2/install/rm_gimbal_description/share/rm_gimbal_description/environment/ament_prefix_path.sh
[0.654s] -- Symlinking: /home/hj/PB_RM_Vision_2/install/rm_gimbal_description/share/rm_gimbal_description/environment/ament_prefix_path.dsv
[0.659s] -- Symlinking: /home/hj/PB_RM_Vision_2/install/rm_gimbal_description/share/rm_gimbal_description/environment/path.sh
[0.664s] -- Symlinking: /home/hj/PB_RM_Vision_2/install/rm_gimbal_description/share/rm_gimbal_description/environment/path.dsv
[0.669s] -- Symlinking: /home/hj/PB_RM_Vision_2/install/rm_gimbal_description/share/rm_gimbal_description/local_setup.bash
[0.673s] -- Symlinking: /home/hj/PB_RM_Vision_2/install/rm_gimbal_description/share/rm_gimbal_description/local_setup.sh
[0.676s] -- Symlinking: /home/hj/PB_RM_Vision_2/install/rm_gimbal_description/share/rm_gimbal_description/local_setup.zsh
[0.680s] -- Symlinking: /home/hj/PB_RM_Vision_2/install/rm_gimbal_description/share/rm_gimbal_description/local_setup.dsv
[0.684s] -- Symlinking: /home/hj/PB_RM_Vision_2/install/rm_gimbal_description/share/rm_gimbal_description/package.dsv
[0.689s] -- Symlinking: /home/hj/PB_RM_Vision_2/install/rm_gimbal_description/share/ament_index/resource_index/packages/rm_gimbal_description
[0.692s] -- Symlinking: /home/hj/PB_RM_Vision_2/install/rm_gimbal_description/share/rm_gimbal_description/cmake/rm_gimbal_descriptionConfig.cmake
[0.696s] -- Symlinking: /home/hj/PB_RM_Vision_2/install/rm_gimbal_description/share/rm_gimbal_description/cmake/rm_gimbal_descriptionConfig-version.cmake
[0.701s] -- Symlinking: /home/hj/PB_RM_Vision_2/install/rm_gimbal_description/share/rm_gimbal_description/package.xml
[0.715s] Invoked command in '/home/hj/PB_RM_Vision_2/build/rm_gimbal_description' returned '0': CMAKE_PREFIX_PATH=/opt/ros/humble /usr/local/bin/cmake --install /home/hj/PB_RM_Vision_2/build/rm_gimbal_description
