[0.015s] Invoking command in '/home/hj/PB_RM_Vision_2/build/armor_tracker': CMAKE_PREFIX_PATH=/home/hj/PB_RM_Vision_2/install/auto_aim_interfaces:/home/hj/PB_RM_Vision_2/install/rm_vision_bringup:/home/hj/PB_RM_Vision_2/install/rm_serial_driver:/home/hj/PB_RM_Vision_2/install/rm_referee_ros2:/home/hj/PB_RM_Vision_2/install/serial:/home/hj/PB_RM_Vision_2/install/rm_rune_detector:/home/hj/PB_RM_Vision_2/install/rm_gimbal_description:/home/hj/PB_RM_Vision_2/install/rm_decision:/home/hj/PB_RM_Vision_2/install/rm_auto_aim:/home/hj/PB_RM_Vision_2/install/hik_camera:/home/hj/PB_RM_Vision_2/install/armor_tracker:/home/hj/PB_RM_Vision_2/install/armor_detector:/opt/ros/humble LD_LIBRARY_PATH=/home/hj/PB_RM_Vision_2/install/auto_aim_interfaces/lib:/home/hj/PB_RM_Vision_2/install/rm_serial_driver/lib:/home/hj/PB_RM_Vision_2/install/rm_referee_ros2/lib:/home/hj/PB_RM_Vision_2/install/serial/lib:/home/hj/PB_RM_Vision_2/install/rm_rune_detector/lib:/home/hj/PB_RM_Vision_2/install/hik_camera/lib:/home/hj/PB_RM_Vision_2/install/armor_tracker/lib:/home/hj/PB_RM_Vision_2/install/armor_detector/lib:/usr/lib/x86_64-linux-gnu/gazebo-11/plugins:/opt/ros/humble/opt/rviz_ogre_vendor/lib:/opt/ros/humble/lib/x86_64-linux-gnu:/opt/ros/humble/opt/openvdb_vendor/lib:/opt/ros/humble/lib /usr/local/bin/cmake --build /home/hj/PB_RM_Vision_2/build/armor_tracker -- -j8 -l8
[0.050s] [ 33%] Built target armor_tracker_node
[0.057s] [100%] Built target armor_tracker
[0.062s] Invoked command in '/home/hj/PB_RM_Vision_2/build/armor_tracker' returned '0': CMAKE_PREFIX_PATH=/home/hj/PB_RM_Vision_2/install/auto_aim_interfaces:/home/hj/PB_RM_Vision_2/install/rm_vision_bringup:/home/hj/PB_RM_Vision_2/install/rm_serial_driver:/home/hj/PB_RM_Vision_2/install/rm_referee_ros2:/home/hj/PB_RM_Vision_2/install/serial:/home/hj/PB_RM_Vision_2/install/rm_rune_detector:/home/hj/PB_RM_Vision_2/install/rm_gimbal_description:/home/hj/PB_RM_Vision_2/install/rm_decision:/home/hj/PB_RM_Vision_2/install/rm_auto_aim:/home/hj/PB_RM_Vision_2/install/hik_camera:/home/hj/PB_RM_Vision_2/install/armor_tracker:/home/hj/PB_RM_Vision_2/install/armor_detector:/opt/ros/humble LD_LIBRARY_PATH=/home/hj/PB_RM_Vision_2/install/auto_aim_interfaces/lib:/home/hj/PB_RM_Vision_2/install/rm_serial_driver/lib:/home/hj/PB_RM_Vision_2/install/rm_referee_ros2/lib:/home/hj/PB_RM_Vision_2/install/serial/lib:/home/hj/PB_RM_Vision_2/install/rm_rune_detector/lib:/home/hj/PB_RM_Vision_2/install/hik_camera/lib:/home/hj/PB_RM_Vision_2/install/armor_tracker/lib:/home/hj/PB_RM_Vision_2/install/armor_detector/lib:/usr/lib/x86_64-linux-gnu/gazebo-11/plugins:/opt/ros/humble/opt/rviz_ogre_vendor/lib:/opt/ros/humble/lib/x86_64-linux-gnu:/opt/ros/humble/opt/openvdb_vendor/lib:/opt/ros/humble/lib /usr/local/bin/cmake --build /home/hj/PB_RM_Vision_2/build/armor_tracker -- -j8 -l8
[0.064s] Invoking command in '/home/hj/PB_RM_Vision_2/build/armor_tracker': CMAKE_PREFIX_PATH=/home/hj/PB_RM_Vision_2/install/auto_aim_interfaces:/home/hj/PB_RM_Vision_2/install/rm_vision_bringup:/home/hj/PB_RM_Vision_2/install/rm_serial_driver:/home/hj/PB_RM_Vision_2/install/rm_referee_ros2:/home/hj/PB_RM_Vision_2/install/serial:/home/hj/PB_RM_Vision_2/install/rm_rune_detector:/home/hj/PB_RM_Vision_2/install/rm_gimbal_description:/home/hj/PB_RM_Vision_2/install/rm_decision:/home/hj/PB_RM_Vision_2/install/rm_auto_aim:/home/hj/PB_RM_Vision_2/install/hik_camera:/home/hj/PB_RM_Vision_2/install/armor_tracker:/home/hj/PB_RM_Vision_2/install/armor_detector:/opt/ros/humble LD_LIBRARY_PATH=/home/hj/PB_RM_Vision_2/install/auto_aim_interfaces/lib:/home/hj/PB_RM_Vision_2/install/rm_serial_driver/lib:/home/hj/PB_RM_Vision_2/install/rm_referee_ros2/lib:/home/hj/PB_RM_Vision_2/install/serial/lib:/home/hj/PB_RM_Vision_2/install/rm_rune_detector/lib:/home/hj/PB_RM_Vision_2/install/hik_camera/lib:/home/hj/PB_RM_Vision_2/install/armor_tracker/lib:/home/hj/PB_RM_Vision_2/install/armor_detector/lib:/usr/lib/x86_64-linux-gnu/gazebo-11/plugins:/opt/ros/humble/opt/rviz_ogre_vendor/lib:/opt/ros/humble/lib/x86_64-linux-gnu:/opt/ros/humble/opt/openvdb_vendor/lib:/opt/ros/humble/lib /usr/local/bin/cmake --install /home/hj/PB_RM_Vision_2/build/armor_tracker
[0.067s] -- Install configuration: ""
[0.067s] -- Execute custom install script
[0.068s] -- Up-to-date symlink: /home/hj/PB_RM_Vision_2/install/armor_tracker/lib/armor_tracker/armor_tracker_node
[0.068s] -- Up-to-date symlink: /home/hj/PB_RM_Vision_2/install/armor_tracker/include/armor_tracker/extended_kalman_filter.hpp
[0.068s] -- Up-to-date symlink: /home/hj/PB_RM_Vision_2/install/armor_tracker/include/armor_tracker/tracker.hpp
[0.070s] -- Up-to-date symlink: /home/hj/PB_RM_Vision_2/install/armor_tracker/include/armor_tracker/tracker_node.hpp
[0.070s] -- Up-to-date symlink: /home/hj/PB_RM_Vision_2/install/armor_tracker/share/armor_tracker/environment/library_path.sh
[0.070s] -- Up-to-date symlink: /home/hj/PB_RM_Vision_2/install/armor_tracker/share/armor_tracker/environment/library_path.dsv
[0.070s] -- Up-to-date symlink: /home/hj/PB_RM_Vision_2/install/armor_tracker/lib/libarmor_tracker.so
[0.070s] -- Up-to-date symlink: /home/hj/PB_RM_Vision_2/install/armor_tracker/share/ament_index/resource_index/package_run_dependencies/armor_tracker
[0.070s] -- Up-to-date symlink: /home/hj/PB_RM_Vision_2/install/armor_tracker/share/ament_index/resource_index/parent_prefix_path/armor_tracker
[0.070s] -- Up-to-date symlink: /home/hj/PB_RM_Vision_2/install/armor_tracker/share/armor_tracker/environment/ament_prefix_path.sh
[0.070s] -- Up-to-date symlink: /home/hj/PB_RM_Vision_2/install/armor_tracker/share/armor_tracker/environment/ament_prefix_path.dsv
[0.070s] -- Up-to-date symlink: /home/hj/PB_RM_Vision_2/install/armor_tracker/share/armor_tracker/environment/path.sh
[0.071s] -- Up-to-date symlink: /home/hj/PB_RM_Vision_2/install/armor_tracker/share/armor_tracker/environment/path.dsv
[0.071s] -- Up-to-date symlink: /home/hj/PB_RM_Vision_2/install/armor_tracker/share/armor_tracker/local_setup.bash
[0.071s] -- Up-to-date symlink: /home/hj/PB_RM_Vision_2/install/armor_tracker/share/armor_tracker/local_setup.sh
[0.071s] -- Up-to-date symlink: /home/hj/PB_RM_Vision_2/install/armor_tracker/share/armor_tracker/local_setup.zsh
[0.071s] -- Up-to-date symlink: /home/hj/PB_RM_Vision_2/install/armor_tracker/share/armor_tracker/local_setup.dsv
[0.071s] -- Symlinking: /home/hj/PB_RM_Vision_2/install/armor_tracker/share/armor_tracker/package.dsv
[0.073s] -- Up-to-date symlink: /home/hj/PB_RM_Vision_2/install/armor_tracker/share/ament_index/resource_index/packages/armor_tracker
[0.074s] -- Up-to-date symlink: /home/hj/PB_RM_Vision_2/install/armor_tracker/share/ament_index/resource_index/rclcpp_components/armor_tracker
[0.074s] -- Up-to-date symlink: /home/hj/PB_RM_Vision_2/install/armor_tracker/share/armor_tracker/cmake/ament_cmake_export_dependencies-extras.cmake
[0.074s] -- Up-to-date symlink: /home/hj/PB_RM_Vision_2/install/armor_tracker/share/armor_tracker/cmake/ament_cmake_export_include_directories-extras.cmake
[0.074s] -- Up-to-date symlink: /home/hj/PB_RM_Vision_2/install/armor_tracker/share/armor_tracker/cmake/ament_cmake_export_libraries-extras.cmake
[0.075s] -- Up-to-date symlink: /home/hj/PB_RM_Vision_2/install/armor_tracker/share/armor_tracker/cmake/armor_trackerConfig.cmake
[0.075s] -- Up-to-date symlink: /home/hj/PB_RM_Vision_2/install/armor_tracker/share/armor_tracker/cmake/armor_trackerConfig-version.cmake
[0.075s] -- Up-to-date symlink: /home/hj/PB_RM_Vision_2/install/armor_tracker/share/armor_tracker/package.xml
[0.083s] Invoked command in '/home/hj/PB_RM_Vision_2/build/armor_tracker' returned '0': CMAKE_PREFIX_PATH=/home/hj/PB_RM_Vision_2/install/auto_aim_interfaces:/home/hj/PB_RM_Vision_2/install/rm_vision_bringup:/home/hj/PB_RM_Vision_2/install/rm_serial_driver:/home/hj/PB_RM_Vision_2/install/rm_referee_ros2:/home/hj/PB_RM_Vision_2/install/serial:/home/hj/PB_RM_Vision_2/install/rm_rune_detector:/home/hj/PB_RM_Vision_2/install/rm_gimbal_description:/home/hj/PB_RM_Vision_2/install/rm_decision:/home/hj/PB_RM_Vision_2/install/rm_auto_aim:/home/hj/PB_RM_Vision_2/install/hik_camera:/home/hj/PB_RM_Vision_2/install/armor_tracker:/home/hj/PB_RM_Vision_2/install/armor_detector:/opt/ros/humble LD_LIBRARY_PATH=/home/hj/PB_RM_Vision_2/install/auto_aim_interfaces/lib:/home/hj/PB_RM_Vision_2/install/rm_serial_driver/lib:/home/hj/PB_RM_Vision_2/install/rm_referee_ros2/lib:/home/hj/PB_RM_Vision_2/install/serial/lib:/home/hj/PB_RM_Vision_2/install/rm_rune_detector/lib:/home/hj/PB_RM_Vision_2/install/hik_camera/lib:/home/hj/PB_RM_Vision_2/install/armor_tracker/lib:/home/hj/PB_RM_Vision_2/install/armor_detector/lib:/usr/lib/x86_64-linux-gnu/gazebo-11/plugins:/opt/ros/humble/opt/rviz_ogre_vendor/lib:/opt/ros/humble/lib/x86_64-linux-gnu:/opt/ros/humble/opt/openvdb_vendor/lib:/opt/ros/humble/lib /usr/local/bin/cmake --install /home/hj/PB_RM_Vision_2/build/armor_tracker
