[0.018s] Invoking command in '/home/hj/PB_RM_Vision_2/build/rm_decision': CMAKE_PREFIX_PATH=/opt/ros/humble /usr/local/bin/cmake /home/hj/PB_RM_Vision_2/src/rm_decision/rm_decision -DAMENT_CMAKE_SYMLINK_INSTALL=1 -DCMAKE_INSTALL_PREFIX=/home/hj/PB_RM_Vision_2/install/rm_decision
[0.064s] -- The C compiler identification is GNU 11.4.0
[0.121s] -- The CXX compiler identification is GNU 11.4.0
[0.134s] -- Detecting C compiler ABI info
[0.194s] -- Detecting C compiler ABI info - done
[0.207s] -- Check for working C compiler: /usr/bin/cc - skipped
[0.207s] -- Detecting C compile features
[0.207s] -- Detecting C compile features - done
[0.215s] -- Detecting CXX compiler ABI info
[0.281s] -- Detecting CXX compiler ABI info - done
[0.290s] -- Check for working CXX compiler: /usr/bin/c++ - skipped
[0.290s] -- Detecting CXX compile features
[0.291s] -- Detecting CXX compile features - done
[0.292s] -- Found ament_cmake: 1.3.11 (/opt/ros/humble/share/ament_cmake/cmake)
[0.398s] -- Found Python3: /usr/bin/python3 (found version "3.10.12") found components: Interpreter 
[0.463s] -- Override CMake install command with custom implementation using symlinks instead of copying resources
[0.489s] -- Found rclcpp: 16.0.11 (/opt/ros/humble/share/rclcpp/cmake)
[0.528s] -- Found rosidl_generator_c: 3.1.6 (/opt/ros/humble/share/rosidl_generator_c/cmake)
[0.532s] -- Found rosidl_adapter: 3.1.6 (/opt/ros/humble/share/rosidl_adapter/cmake)
[0.541s] -- Found rosidl_generator_cpp: 3.1.6 (/opt/ros/humble/share/rosidl_generator_cpp/cmake)
[0.559s] -- Using all available rosidl_typesupport_c: rosidl_typesupport_fastrtps_c;rosidl_typesupport_introspection_c
[0.582s] -- Using all available rosidl_typesupport_cpp: rosidl_typesupport_fastrtps_cpp;rosidl_typesupport_introspection_cpp
[0.634s] -- Found rmw_implementation_cmake: 6.1.2 (/opt/ros/humble/share/rmw_implementation_cmake/cmake)
[0.637s] -- Found rmw_fastrtps_cpp: 6.2.7 (/opt/ros/humble/share/rmw_fastrtps_cpp/cmake)
[0.731s] -- Found OpenSSL: /usr/lib/x86_64-linux-gnu/libcrypto.so (found version "3.0.2")  
[0.772s] -- Found FastRTPS: /opt/ros/humble/include  
[0.826s] -- Using RMW implementation 'rmw_fastrtps_cpp' as default
[0.837s] -- Performing Test CMAKE_HAVE_LIBC_PTHREAD
[0.935s] -- Performing Test CMAKE_HAVE_LIBC_PTHREAD - Success
[0.937s] -- Found Threads: TRUE  
[1.080s] -- Found rclcpp_action: 16.0.11 (/opt/ros/humble/share/rclcpp_action/cmake)
[1.134s] -- Found geometry_msgs: 4.2.4 (/opt/ros/humble/share/geometry_msgs/cmake)
[1.158s] -- Found nav_msgs: 4.2.4 (/opt/ros/humble/share/nav_msgs/cmake)
[1.190s] -- Found nav2_msgs: 1.1.17 (/opt/ros/humble/share/nav2_msgs/cmake)
[1.240s] -- Found tf2: 0.25.9 (/opt/ros/humble/share/tf2/cmake)
[1.253s] -- Found tf2_ros: 0.25.9 (/opt/ros/humble/share/tf2_ros/cmake)
[1.341s] -- Found tf2_geometry_msgs: 0.25.9 (/opt/ros/humble/share/tf2_geometry_msgs/cmake)
[1.358s] -- Found eigen3_cmake_module: 0.1.1 (/opt/ros/humble/share/eigen3_cmake_module/cmake)
[1.360s] -- Found Eigen3: TRUE (found version "3.4.0") 
[1.360s] -- Ensuring Eigen3 include directory is part of orocos-kdl CMake target
[1.364s] -- Found lifecycle_msgs: 1.2.1 (/opt/ros/humble/share/lifecycle_msgs/cmake)
[1.380s] -- Found visualization_msgs: 4.2.4 (/opt/ros/humble/share/visualization_msgs/cmake)
[1.455s] -- Found ament_lint_auto: 0.12.11 (/opt/ros/humble/share/ament_lint_auto/cmake)
[1.556s] -- Added test 'cppcheck' to perform static code analysis on C / C++ code
[1.556s] -- Configured cppcheck include dirs: /home/hj/PB_RM_Vision_2/src/rm_decision/rm_decision/include
[1.556s] -- Configured cppcheck exclude dirs and/or files: 
[1.556s] -- Added test 'flake8' to check Python code syntax and style conventions
[1.556s] -- Added test 'lint_cmake' to check CMake code style
[1.557s] -- Added test 'pep257' to check Python code against some of the docstring style conventions in PEP 257
[1.558s] -- Added test 'uncrustify' to check C / C++ code style
[1.558s] -- Configured uncrustify additional arguments: 
[1.559s] -- Added test 'xmllint' to check XML markup files
[1.562s] -- Configuring done (1.5s)
[1.585s] -- Generating done (0.0s)
[1.589s] -- Build files have been written to: /home/hj/PB_RM_Vision_2/build/rm_decision
[1.608s] Invoked command in '/home/hj/PB_RM_Vision_2/build/rm_decision' returned '0': CMAKE_PREFIX_PATH=/opt/ros/humble /usr/local/bin/cmake /home/hj/PB_RM_Vision_2/src/rm_decision/rm_decision -DAMENT_CMAKE_SYMLINK_INSTALL=1 -DCMAKE_INSTALL_PREFIX=/home/hj/PB_RM_Vision_2/install/rm_decision
[1.608s] Invoking command in '/home/hj/PB_RM_Vision_2/build/rm_decision': CMAKE_PREFIX_PATH=/opt/ros/humble /usr/local/bin/cmake --build /home/hj/PB_RM_Vision_2/build/rm_decision -- -j8 -l8
[1.678s] [ 50%] [32mBuilding CXX object CMakeFiles/robot_decision_node.dir/src/robot_decision_node.cpp.o[0m
[22.363s] [100%] [32m[1mLinking CXX executable robot_decision_node[0m
[23.393s] [100%] Built target robot_decision_node
[23.400s] Invoked command in '/home/hj/PB_RM_Vision_2/build/rm_decision' returned '0': CMAKE_PREFIX_PATH=/opt/ros/humble /usr/local/bin/cmake --build /home/hj/PB_RM_Vision_2/build/rm_decision -- -j8 -l8
[23.402s] Invoking command in '/home/hj/PB_RM_Vision_2/build/rm_decision': CMAKE_PREFIX_PATH=/opt/ros/humble /usr/local/bin/cmake --install /home/hj/PB_RM_Vision_2/build/rm_decision
[23.408s] -- Install configuration: ""
[23.409s] -- Execute custom install script
[23.410s] -- Symlinking: /home/hj/PB_RM_Vision_2/install/rm_decision/lib/rm_decision/robot_decision_node
[23.414s] -- Symlinking: /home/hj/PB_RM_Vision_2/install/rm_decision/include//rm_decision/robot_decision.hpp
[23.419s] -- Symlinking: /home/hj/PB_RM_Vision_2/install/rm_decision/share/rm_decision/launch/robot_decision.launch.py
[23.425s] -- Symlinking: /home/hj/PB_RM_Vision_2/install/rm_decision/share/rm_decision/config/robot_decision_params.yaml
[23.430s] -- Symlinking: /home/hj/PB_RM_Vision_2/install/rm_decision/share/ament_index/resource_index/package_run_dependencies/rm_decision
[23.434s] -- Symlinking: /home/hj/PB_RM_Vision_2/install/rm_decision/share/ament_index/resource_index/parent_prefix_path/rm_decision
[23.439s] -- Symlinking: /home/hj/PB_RM_Vision_2/install/rm_decision/share/rm_decision/environment/ament_prefix_path.sh
[23.444s] -- Symlinking: /home/hj/PB_RM_Vision_2/install/rm_decision/share/rm_decision/environment/ament_prefix_path.dsv
[23.448s] -- Symlinking: /home/hj/PB_RM_Vision_2/install/rm_decision/share/rm_decision/environment/path.sh
[23.453s] -- Symlinking: /home/hj/PB_RM_Vision_2/install/rm_decision/share/rm_decision/environment/path.dsv
[23.457s] -- Symlinking: /home/hj/PB_RM_Vision_2/install/rm_decision/share/rm_decision/local_setup.bash
[23.467s] -- Symlinking: /home/hj/PB_RM_Vision_2/install/rm_decision/share/rm_decision/local_setup.sh
[23.471s] -- Symlinking: /home/hj/PB_RM_Vision_2/install/rm_decision/share/rm_decision/local_setup.zsh
[23.476s] -- Symlinking: /home/hj/PB_RM_Vision_2/install/rm_decision/share/rm_decision/local_setup.dsv
[23.480s] -- Symlinking: /home/hj/PB_RM_Vision_2/install/rm_decision/share/rm_decision/package.dsv
[23.484s] -- Symlinking: /home/hj/PB_RM_Vision_2/install/rm_decision/share/ament_index/resource_index/packages/rm_decision
[23.489s] -- Symlinking: /home/hj/PB_RM_Vision_2/install/rm_decision/share/rm_decision/cmake/rm_decisionConfig.cmake
[23.493s] -- Symlinking: /home/hj/PB_RM_Vision_2/install/rm_decision/share/rm_decision/cmake/rm_decisionConfig-version.cmake
[23.497s] -- Symlinking: /home/hj/PB_RM_Vision_2/install/rm_decision/share/rm_decision/package.xml
[23.503s] Invoked command in '/home/hj/PB_RM_Vision_2/build/rm_decision' returned '0': CMAKE_PREFIX_PATH=/opt/ros/humble /usr/local/bin/cmake --install /home/hj/PB_RM_Vision_2/build/rm_decision
