[0.028s] Invoking command in '/home/hj/PB_RM_Vision_2/build/rm_gimbal_description': CMAKE_PREFIX_PATH=${CMAKE_PREFIX_PATH}:/opt/ros/humble /usr/local/bin/cmake --build /home/hj/PB_RM_Vision_2/build/rm_gimbal_description -- -j8 -l8
[0.068s] Invoked command in '/home/hj/PB_RM_Vision_2/build/rm_gimbal_description' returned '0': CMAKE_PREFIX_PATH=${CMAKE_PREFIX_PATH}:/opt/ros/humble /usr/local/bin/cmake --build /home/hj/PB_RM_Vision_2/build/rm_gimbal_description -- -j8 -l8
[0.083s] Invoking command in '/home/hj/PB_RM_Vision_2/build/rm_gimbal_description': CMAKE_PREFIX_PATH=${CMAKE_PREFIX_PATH}:/opt/ros/humble /usr/local/bin/cmake --install /home/hj/PB_RM_Vision_2/build/rm_gimbal_description
[0.088s] -- Install configuration: ""
[0.088s] -- Execute custom install script
[0.090s] -- Up-to-date symlink: /home/hj/PB_RM_Vision_2/install/rm_gimbal_description/share/rm_gimbal_description/urdf/rm_gimbal.urdf.xacro
[0.090s] -- Up-to-date symlink: /home/hj/PB_RM_Vision_2/install/rm_gimbal_description/share/ament_index/resource_index/package_run_dependencies/rm_gimbal_description
[0.091s] -- Up-to-date symlink: /home/hj/PB_RM_Vision_2/install/rm_gimbal_description/share/ament_index/resource_index/parent_prefix_path/rm_gimbal_description
[0.091s] -- Up-to-date symlink: /home/hj/PB_RM_Vision_2/install/rm_gimbal_description/share/rm_gimbal_description/environment/ament_prefix_path.sh
[0.091s] -- Up-to-date symlink: /home/hj/PB_RM_Vision_2/install/rm_gimbal_description/share/rm_gimbal_description/environment/ament_prefix_path.dsv
[0.091s] -- Up-to-date symlink: /home/hj/PB_RM_Vision_2/install/rm_gimbal_description/share/rm_gimbal_description/environment/path.sh
[0.092s] -- Up-to-date symlink: /home/hj/PB_RM_Vision_2/install/rm_gimbal_description/share/rm_gimbal_description/environment/path.dsv
[0.096s] -- Up-to-date symlink: /home/hj/PB_RM_Vision_2/install/rm_gimbal_description/share/rm_gimbal_description/local_setup.bash
[0.096s] -- Up-to-date symlink: /home/hj/PB_RM_Vision_2/install/rm_gimbal_description/share/rm_gimbal_description/local_setup.sh
[0.096s] -- Up-to-date symlink: /home/hj/PB_RM_Vision_2/install/rm_gimbal_description/share/rm_gimbal_description/local_setup.zsh
[0.096s] -- Up-to-date symlink: /home/hj/PB_RM_Vision_2/install/rm_gimbal_description/share/rm_gimbal_description/local_setup.dsv
[0.096s] -- Symlinking: /home/hj/PB_RM_Vision_2/install/rm_gimbal_description/share/rm_gimbal_description/package.dsv
[0.101s] -- Up-to-date symlink: /home/hj/PB_RM_Vision_2/install/rm_gimbal_description/share/ament_index/resource_index/packages/rm_gimbal_description
[0.102s] -- Up-to-date symlink: /home/hj/PB_RM_Vision_2/install/rm_gimbal_description/share/rm_gimbal_description/cmake/rm_gimbal_descriptionConfig.cmake
[0.102s] -- Up-to-date symlink: /home/hj/PB_RM_Vision_2/install/rm_gimbal_description/share/rm_gimbal_description/cmake/rm_gimbal_descriptionConfig-version.cmake
[0.102s] -- Up-to-date symlink: /home/hj/PB_RM_Vision_2/install/rm_gimbal_description/share/rm_gimbal_description/package.xml
[0.106s] Invoked command in '/home/hj/PB_RM_Vision_2/build/rm_gimbal_description' returned '0': CMAKE_PREFIX_PATH=${CMAKE_PREFIX_PATH}:/opt/ros/humble /usr/local/bin/cmake --install /home/hj/PB_RM_Vision_2/build/rm_gimbal_description
