[0.019s] Invoking command in '/home/hj/PB_RM_Vision_2/build/rm_vision_bringup': CMAKE_PREFIX_PATH=/home/hj/PB_RM_Vision_2/install/rm_serial_driver:/home/hj/PB_RM_Vision_2/install/rm_auto_aim:/home/hj/PB_RM_Vision_2/install/rm_referee_ros2:/home/hj/PB_RM_Vision_2/install/armor_tracker:/home/hj/PB_RM_Vision_2/install/armor_detector:/home/hj/PB_RM_Vision_2/install/serial:/home/hj/PB_RM_Vision_2/install/auto_aim_interfaces:/home/hj/PB_RM_Vision_2/install/rm_vision_bringup:/home/hj/PB_RM_Vision_2/install/rm_rune_detector:/home/hj/PB_RM_Vision_2/install/rm_gimbal_description:/home/hj/PB_RM_Vision_2/install/rm_decision:/home/hj/PB_RM_Vision_2/install/hik_camera:/opt/ros/humble LD_LIBRARY_PATH=/home/hj/PB_RM_Vision_2/install/rm_serial_driver/lib:/home/hj/PB_RM_Vision_2/install/rm_referee_ros2/lib:/home/hj/PB_RM_Vision_2/install/armor_tracker/lib:/home/hj/PB_RM_Vision_2/install/armor_detector/lib:/home/hj/PB_RM_Vision_2/install/auto_aim_interfaces/lib:/home/hj/PB_RM_Vision_2/install/serial/lib:/home/hj/PB_RM_Vision_2/install/rm_rune_detector/lib:/home/hj/PB_RM_Vision_2/install/hik_camera/lib:/usr/lib/x86_64-linux-gnu/gazebo-11/plugins:/opt/ros/humble/opt/rviz_ogre_vendor/lib:/opt/ros/humble/lib/x86_64-linux-gnu:/opt/ros/humble/opt/openvdb_vendor/lib:/opt/ros/humble/lib /usr/local/bin/cmake --build /home/hj/PB_RM_Vision_2/build/rm_vision_bringup -- -j8 -l8
[0.035s] Invoked command in '/home/hj/PB_RM_Vision_2/build/rm_vision_bringup' returned '0': CMAKE_PREFIX_PATH=/home/hj/PB_RM_Vision_2/install/rm_serial_driver:/home/hj/PB_RM_Vision_2/install/rm_auto_aim:/home/hj/PB_RM_Vision_2/install/rm_referee_ros2:/home/hj/PB_RM_Vision_2/install/armor_tracker:/home/hj/PB_RM_Vision_2/install/armor_detector:/home/hj/PB_RM_Vision_2/install/serial:/home/hj/PB_RM_Vision_2/install/auto_aim_interfaces:/home/hj/PB_RM_Vision_2/install/rm_vision_bringup:/home/hj/PB_RM_Vision_2/install/rm_rune_detector:/home/hj/PB_RM_Vision_2/install/rm_gimbal_description:/home/hj/PB_RM_Vision_2/install/rm_decision:/home/hj/PB_RM_Vision_2/install/hik_camera:/opt/ros/humble LD_LIBRARY_PATH=/home/hj/PB_RM_Vision_2/install/rm_serial_driver/lib:/home/hj/PB_RM_Vision_2/install/rm_referee_ros2/lib:/home/hj/PB_RM_Vision_2/install/armor_tracker/lib:/home/hj/PB_RM_Vision_2/install/armor_detector/lib:/home/hj/PB_RM_Vision_2/install/auto_aim_interfaces/lib:/home/hj/PB_RM_Vision_2/install/serial/lib:/home/hj/PB_RM_Vision_2/install/rm_rune_detector/lib:/home/hj/PB_RM_Vision_2/install/hik_camera/lib:/usr/lib/x86_64-linux-gnu/gazebo-11/plugins:/opt/ros/humble/opt/rviz_ogre_vendor/lib:/opt/ros/humble/lib/x86_64-linux-gnu:/opt/ros/humble/opt/openvdb_vendor/lib:/opt/ros/humble/lib /usr/local/bin/cmake --build /home/hj/PB_RM_Vision_2/build/rm_vision_bringup -- -j8 -l8
[0.037s] Invoking command in '/home/hj/PB_RM_Vision_2/build/rm_vision_bringup': CMAKE_PREFIX_PATH=/home/hj/PB_RM_Vision_2/install/rm_serial_driver:/home/hj/PB_RM_Vision_2/install/rm_auto_aim:/home/hj/PB_RM_Vision_2/install/rm_referee_ros2:/home/hj/PB_RM_Vision_2/install/armor_tracker:/home/hj/PB_RM_Vision_2/install/armor_detector:/home/hj/PB_RM_Vision_2/install/serial:/home/hj/PB_RM_Vision_2/install/auto_aim_interfaces:/home/hj/PB_RM_Vision_2/install/rm_vision_bringup:/home/hj/PB_RM_Vision_2/install/rm_rune_detector:/home/hj/PB_RM_Vision_2/install/rm_gimbal_description:/home/hj/PB_RM_Vision_2/install/rm_decision:/home/hj/PB_RM_Vision_2/install/hik_camera:/opt/ros/humble LD_LIBRARY_PATH=/home/hj/PB_RM_Vision_2/install/rm_serial_driver/lib:/home/hj/PB_RM_Vision_2/install/rm_referee_ros2/lib:/home/hj/PB_RM_Vision_2/install/armor_tracker/lib:/home/hj/PB_RM_Vision_2/install/armor_detector/lib:/home/hj/PB_RM_Vision_2/install/auto_aim_interfaces/lib:/home/hj/PB_RM_Vision_2/install/serial/lib:/home/hj/PB_RM_Vision_2/install/rm_rune_detector/lib:/home/hj/PB_RM_Vision_2/install/hik_camera/lib:/usr/lib/x86_64-linux-gnu/gazebo-11/plugins:/opt/ros/humble/opt/rviz_ogre_vendor/lib:/opt/ros/humble/lib/x86_64-linux-gnu:/opt/ros/humble/opt/openvdb_vendor/lib:/opt/ros/humble/lib /usr/local/bin/cmake --install /home/hj/PB_RM_Vision_2/build/rm_vision_bringup
[0.039s] -- Install configuration: ""
[0.039s] -- Execute custom install script
[0.040s] -- Up-to-date symlink: /home/hj/PB_RM_Vision_2/install/rm_vision_bringup/share/rm_vision_bringup/launch/common.py
[0.040s] -- Up-to-date symlink: /home/hj/PB_RM_Vision_2/install/rm_vision_bringup/share/rm_vision_bringup/launch/hero_bringup.launch.py
[0.040s] -- Up-to-date symlink: /home/hj/PB_RM_Vision_2/install/rm_vision_bringup/share/rm_vision_bringup/launch/infantry_bringup.launch.py
[0.040s] -- Up-to-date symlink: /home/hj/PB_RM_Vision_2/install/rm_vision_bringup/share/rm_vision_bringup/launch/no_hardware.launch.py
[0.040s] -- Up-to-date symlink: /home/hj/PB_RM_Vision_2/install/rm_vision_bringup/share/rm_vision_bringup/launch/vision_bringup.launch.py
[0.040s] -- Up-to-date symlink: /home/hj/PB_RM_Vision_2/install/rm_vision_bringup/share/rm_vision_bringup/config/camera_info.yaml
[0.040s] -- Up-to-date symlink: /home/hj/PB_RM_Vision_2/install/rm_vision_bringup/share/rm_vision_bringup/config/launch_params.yaml
[0.040s] -- Up-to-date symlink: /home/hj/PB_RM_Vision_2/install/rm_vision_bringup/share/rm_vision_bringup/config/node_params.yaml
[0.041s] -- Up-to-date symlink: /home/hj/PB_RM_Vision_2/install/rm_vision_bringup/share/ament_index/resource_index/package_run_dependencies/rm_vision_bringup
[0.041s] -- Up-to-date symlink: /home/hj/PB_RM_Vision_2/install/rm_vision_bringup/share/ament_index/resource_index/parent_prefix_path/rm_vision_bringup
[0.041s] -- Up-to-date symlink: /home/hj/PB_RM_Vision_2/install/rm_vision_bringup/share/rm_vision_bringup/environment/ament_prefix_path.sh
[0.041s] -- Up-to-date symlink: /home/hj/PB_RM_Vision_2/install/rm_vision_bringup/share/rm_vision_bringup/environment/ament_prefix_path.dsv
[0.041s] -- Up-to-date symlink: /home/hj/PB_RM_Vision_2/install/rm_vision_bringup/share/rm_vision_bringup/environment/path.sh
[0.041s] -- Up-to-date symlink: /home/hj/PB_RM_Vision_2/install/rm_vision_bringup/share/rm_vision_bringup/environment/path.dsv
[0.041s] -- Up-to-date symlink: /home/hj/PB_RM_Vision_2/install/rm_vision_bringup/share/rm_vision_bringup/local_setup.bash
[0.041s] -- Up-to-date symlink: /home/hj/PB_RM_Vision_2/install/rm_vision_bringup/share/rm_vision_bringup/local_setup.sh
[0.041s] -- Up-to-date symlink: /home/hj/PB_RM_Vision_2/install/rm_vision_bringup/share/rm_vision_bringup/local_setup.zsh
[0.042s] -- Up-to-date symlink: /home/hj/PB_RM_Vision_2/install/rm_vision_bringup/share/rm_vision_bringup/local_setup.dsv
[0.042s] -- Symlinking: /home/hj/PB_RM_Vision_2/install/rm_vision_bringup/share/rm_vision_bringup/package.dsv
[0.045s] -- Up-to-date symlink: /home/hj/PB_RM_Vision_2/install/rm_vision_bringup/share/ament_index/resource_index/packages/rm_vision_bringup
[0.045s] -- Up-to-date symlink: /home/hj/PB_RM_Vision_2/install/rm_vision_bringup/share/rm_vision_bringup/cmake/rm_vision_bringupConfig.cmake
[0.045s] -- Up-to-date symlink: /home/hj/PB_RM_Vision_2/install/rm_vision_bringup/share/rm_vision_bringup/cmake/rm_vision_bringupConfig-version.cmake
[0.045s] -- Up-to-date symlink: /home/hj/PB_RM_Vision_2/install/rm_vision_bringup/share/rm_vision_bringup/package.xml
[0.046s] Invoked command in '/home/hj/PB_RM_Vision_2/build/rm_vision_bringup' returned '0': CMAKE_PREFIX_PATH=/home/hj/PB_RM_Vision_2/install/rm_serial_driver:/home/hj/PB_RM_Vision_2/install/rm_auto_aim:/home/hj/PB_RM_Vision_2/install/rm_referee_ros2:/home/hj/PB_RM_Vision_2/install/armor_tracker:/home/hj/PB_RM_Vision_2/install/armor_detector:/home/hj/PB_RM_Vision_2/install/serial:/home/hj/PB_RM_Vision_2/install/auto_aim_interfaces:/home/hj/PB_RM_Vision_2/install/rm_vision_bringup:/home/hj/PB_RM_Vision_2/install/rm_rune_detector:/home/hj/PB_RM_Vision_2/install/rm_gimbal_description:/home/hj/PB_RM_Vision_2/install/rm_decision:/home/hj/PB_RM_Vision_2/install/hik_camera:/opt/ros/humble LD_LIBRARY_PATH=/home/hj/PB_RM_Vision_2/install/rm_serial_driver/lib:/home/hj/PB_RM_Vision_2/install/rm_referee_ros2/lib:/home/hj/PB_RM_Vision_2/install/armor_tracker/lib:/home/hj/PB_RM_Vision_2/install/armor_detector/lib:/home/hj/PB_RM_Vision_2/install/auto_aim_interfaces/lib:/home/hj/PB_RM_Vision_2/install/serial/lib:/home/hj/PB_RM_Vision_2/install/rm_rune_detector/lib:/home/hj/PB_RM_Vision_2/install/hik_camera/lib:/usr/lib/x86_64-linux-gnu/gazebo-11/plugins:/opt/ros/humble/opt/rviz_ogre_vendor/lib:/opt/ros/humble/lib/x86_64-linux-gnu:/opt/ros/humble/opt/openvdb_vendor/lib:/opt/ros/humble/lib /usr/local/bin/cmake --install /home/hj/PB_RM_Vision_2/build/rm_vision_bringup
