[0.025s] Invoking command in '/home/hj/PB_RM_Vision_2/build/rm_rune_detector': CMAKE_PREFIX_PATH=${CMAKE_PREFIX_PATH}:/opt/ros/humble /usr/local/bin/cmake --build /home/hj/PB_RM_Vision_2/build/rm_rune_detector -- -j8 -l8
[0.110s] [ 66%] Built target rm_rune_detector
[0.110s] [100%] Built target rm_rune_detector_node
[0.145s] Invoked command in '/home/hj/PB_RM_Vision_2/build/rm_rune_detector' returned '0': CMAKE_PREFIX_PATH=${CMAKE_PREFIX_PATH}:/opt/ros/humble /usr/local/bin/cmake --build /home/hj/PB_RM_Vision_2/build/rm_rune_detector -- -j8 -l8
[0.147s] Invoking command in '/home/hj/PB_RM_Vision_2/build/rm_rune_detector': CMAKE_PREFIX_PATH=${CMAKE_PREFIX_PATH}:/opt/ros/humble /usr/local/bin/cmake --install /home/hj/PB_RM_Vision_2/build/rm_rune_detector
[0.152s] -- Install configuration: ""
[0.152s] -- Execute custom install script
[0.153s] -- Up-to-date symlink: /home/hj/PB_RM_Vision_2/install/rm_rune_detector/lib/rm_rune_detector/rm_rune_detector_node
[0.153s] -- Up-to-date symlink: /home/hj/PB_RM_Vision_2/install/rm_rune_detector/include/rm_rune_detector/pnp_solver.hpp
[0.154s] -- Up-to-date symlink: /home/hj/PB_RM_Vision_2/install/rm_rune_detector/include/rm_rune_detector/rm_rune_detector_node.hpp
[0.154s] -- Up-to-date symlink: /home/hj/PB_RM_Vision_2/install/rm_rune_detector/include/rm_rune_detector/rune.hpp
[0.154s] -- Up-to-date symlink: /home/hj/PB_RM_Vision_2/install/rm_rune_detector/include/rm_rune_detector/rune_detector.hpp
[0.154s] -- Up-to-date symlink: /home/hj/PB_RM_Vision_2/install/rm_rune_detector/share/rm_rune_detector/environment/library_path.sh
[0.155s] -- Up-to-date symlink: /home/hj/PB_RM_Vision_2/install/rm_rune_detector/share/rm_rune_detector/environment/library_path.dsv
[0.156s] -- Up-to-date symlink: /home/hj/PB_RM_Vision_2/install/rm_rune_detector/lib/librm_rune_detector.so
[0.157s] -- Up-to-date symlink: /home/hj/PB_RM_Vision_2/install/rm_rune_detector/share/rm_rune_detector/launch/rm_rune_detector.launch.py
[0.157s] -- Up-to-date symlink: /home/hj/PB_RM_Vision_2/install/rm_rune_detector/share/ament_index/resource_index/package_run_dependencies/rm_rune_detector
[0.157s] -- Up-to-date symlink: /home/hj/PB_RM_Vision_2/install/rm_rune_detector/share/ament_index/resource_index/parent_prefix_path/rm_rune_detector
[0.157s] -- Up-to-date symlink: /home/hj/PB_RM_Vision_2/install/rm_rune_detector/share/rm_rune_detector/environment/ament_prefix_path.sh
[0.158s] -- Up-to-date symlink: /home/hj/PB_RM_Vision_2/install/rm_rune_detector/share/rm_rune_detector/environment/ament_prefix_path.dsv
[0.158s] -- Up-to-date symlink: /home/hj/PB_RM_Vision_2/install/rm_rune_detector/share/rm_rune_detector/environment/path.sh
[0.158s] -- Up-to-date symlink: /home/hj/PB_RM_Vision_2/install/rm_rune_detector/share/rm_rune_detector/environment/path.dsv
[0.158s] -- Up-to-date symlink: /home/hj/PB_RM_Vision_2/install/rm_rune_detector/share/rm_rune_detector/local_setup.bash
[0.158s] -- Up-to-date symlink: /home/hj/PB_RM_Vision_2/install/rm_rune_detector/share/rm_rune_detector/local_setup.sh
[0.158s] -- Up-to-date symlink: /home/hj/PB_RM_Vision_2/install/rm_rune_detector/share/rm_rune_detector/local_setup.zsh
[0.158s] -- Up-to-date symlink: /home/hj/PB_RM_Vision_2/install/rm_rune_detector/share/rm_rune_detector/local_setup.dsv
[0.159s] -- Symlinking: /home/hj/PB_RM_Vision_2/install/rm_rune_detector/share/rm_rune_detector/package.dsv
[0.162s] -- Up-to-date symlink: /home/hj/PB_RM_Vision_2/install/rm_rune_detector/share/ament_index/resource_index/packages/rm_rune_detector
[0.162s] -- Up-to-date symlink: /home/hj/PB_RM_Vision_2/install/rm_rune_detector/share/ament_index/resource_index/rclcpp_components/rm_rune_detector
[0.163s] -- Up-to-date symlink: /home/hj/PB_RM_Vision_2/install/rm_rune_detector/share/rm_rune_detector/cmake/ament_cmake_export_dependencies-extras.cmake
[0.163s] -- Up-to-date symlink: /home/hj/PB_RM_Vision_2/install/rm_rune_detector/share/rm_rune_detector/cmake/ament_cmake_export_include_directories-extras.cmake
[0.164s] -- Up-to-date symlink: /home/hj/PB_RM_Vision_2/install/rm_rune_detector/share/rm_rune_detector/cmake/ament_cmake_export_libraries-extras.cmake
[0.165s] -- Up-to-date symlink: /home/hj/PB_RM_Vision_2/install/rm_rune_detector/share/rm_rune_detector/cmake/rm_rune_detectorConfig.cmake
[0.165s] -- Up-to-date symlink: /home/hj/PB_RM_Vision_2/install/rm_rune_detector/share/rm_rune_detector/cmake/rm_rune_detectorConfig-version.cmake
[0.165s] -- Up-to-date symlink: /home/hj/PB_RM_Vision_2/install/rm_rune_detector/share/rm_rune_detector/package.xml
[0.181s] Invoked command in '/home/hj/PB_RM_Vision_2/build/rm_rune_detector' returned '0': CMAKE_PREFIX_PATH=${CMAKE_PREFIX_PATH}:/opt/ros/humble /usr/local/bin/cmake --install /home/hj/PB_RM_Vision_2/build/rm_rune_detector
