[0.011s] Invoking command in '/home/hj/PB_RM_Vision_2/build/rm_auto_aim': AMENT_PREFIX_PATH=/home/hj/PB_RM_Vision_2/install/armor_tracker:/home/hj/PB_RM_Vision_2/install/armor_detector:/home/hj/PB_RM_Vision_2/install/auto_aim_interfaces:${AMENT_PREFIX_PATH} CMAKE_PREFIX_PATH=/home/hj/PB_RM_Vision_2/install/armor_tracker:/home/hj/PB_RM_Vision_2/install/armor_detector:/home/hj/PB_RM_Vision_2/install/auto_aim_interfaces:/opt/ros/humble LD_LIBRARY_PATH=/home/hj/PB_RM_Vision_2/install/armor_tracker/lib:/home/hj/PB_RM_Vision_2/install/armor_detector/lib:/home/hj/PB_RM_Vision_2/install/auto_aim_interfaces/lib:${LD_LIBRARY_PATH} PYTHONPATH=/home/hj/PB_RM_Vision_2/install/auto_aim_interfaces/local/lib/python3.10/dist-packages:${PYTHONPATH} /usr/local/bin/cmake /home/hj/PB_RM_Vision_2/src/rm_auto_aim/rm_auto_aim -DAMENT_CMAKE_SYMLINK_INSTALL=1 -DCMAKE_INSTALL_PREFIX=/home/hj/PB_RM_Vision_2/install/rm_auto_aim
[0.046s] -- The C compiler identification is GNU 11.4.0
[0.087s] -- The CXX compiler identification is GNU 11.4.0
[0.098s] -- Detecting C compiler ABI info
[0.146s] -- Detecting C compiler ABI info - done
[0.153s] -- Check for working C compiler: /usr/bin/cc - skipped
[0.153s] -- Detecting C compile features
[0.153s] -- Detecting C compile features - done
[0.160s] -- Detecting CXX compiler ABI info
[0.217s] -- Detecting CXX compiler ABI info - done
[0.225s] -- Check for working CXX compiler: /usr/bin/c++ - skipped
[0.225s] -- Detecting CXX compile features
[0.225s] -- Detecting CXX compile features - done
[0.227s] -- Found ament_cmake_auto: 1.3.11 (/opt/ros/humble/share/ament_cmake_auto/cmake)
[0.334s] -- Found Python3: /usr/bin/python3 (found version "3.10.12") found components: Interpreter 
[0.379s] -- Override CMake install command with custom implementation using symlinks instead of copying resources
[0.399s] -- Found ament_lint_auto: 0.12.11 (/opt/ros/humble/share/ament_lint_auto/cmake)
[0.459s] -- Added test 'lint_cmake' to check CMake code style
[0.459s] -- Added test 'xmllint' to check XML markup files
[0.460s] -- Configuring done (0.4s)
[0.463s] -- Generating done (0.0s)
[0.464s] -- Build files have been written to: /home/hj/PB_RM_Vision_2/build/rm_auto_aim
[0.467s] Invoked command in '/home/hj/PB_RM_Vision_2/build/rm_auto_aim' returned '0': AMENT_PREFIX_PATH=/home/hj/PB_RM_Vision_2/install/armor_tracker:/home/hj/PB_RM_Vision_2/install/armor_detector:/home/hj/PB_RM_Vision_2/install/auto_aim_interfaces:${AMENT_PREFIX_PATH} CMAKE_PREFIX_PATH=/home/hj/PB_RM_Vision_2/install/armor_tracker:/home/hj/PB_RM_Vision_2/install/armor_detector:/home/hj/PB_RM_Vision_2/install/auto_aim_interfaces:/opt/ros/humble LD_LIBRARY_PATH=/home/hj/PB_RM_Vision_2/install/armor_tracker/lib:/home/hj/PB_RM_Vision_2/install/armor_detector/lib:/home/hj/PB_RM_Vision_2/install/auto_aim_interfaces/lib:${LD_LIBRARY_PATH} PYTHONPATH=/home/hj/PB_RM_Vision_2/install/auto_aim_interfaces/local/lib/python3.10/dist-packages:${PYTHONPATH} /usr/local/bin/cmake /home/hj/PB_RM_Vision_2/src/rm_auto_aim/rm_auto_aim -DAMENT_CMAKE_SYMLINK_INSTALL=1 -DCMAKE_INSTALL_PREFIX=/home/hj/PB_RM_Vision_2/install/rm_auto_aim
[0.468s] Invoking command in '/home/hj/PB_RM_Vision_2/build/rm_auto_aim': AMENT_PREFIX_PATH=/home/hj/PB_RM_Vision_2/install/armor_tracker:/home/hj/PB_RM_Vision_2/install/armor_detector:/home/hj/PB_RM_Vision_2/install/auto_aim_interfaces:${AMENT_PREFIX_PATH} CMAKE_PREFIX_PATH=/home/hj/PB_RM_Vision_2/install/armor_tracker:/home/hj/PB_RM_Vision_2/install/armor_detector:/home/hj/PB_RM_Vision_2/install/auto_aim_interfaces:/opt/ros/humble LD_LIBRARY_PATH=/home/hj/PB_RM_Vision_2/install/armor_tracker/lib:/home/hj/PB_RM_Vision_2/install/armor_detector/lib:/home/hj/PB_RM_Vision_2/install/auto_aim_interfaces/lib:${LD_LIBRARY_PATH} PYTHONPATH=/home/hj/PB_RM_Vision_2/install/auto_aim_interfaces/local/lib/python3.10/dist-packages:${PYTHONPATH} /usr/local/bin/cmake --build /home/hj/PB_RM_Vision_2/build/rm_auto_aim -- -j8 -l8
[0.482s] Invoked command in '/home/hj/PB_RM_Vision_2/build/rm_auto_aim' returned '0': AMENT_PREFIX_PATH=/home/hj/PB_RM_Vision_2/install/armor_tracker:/home/hj/PB_RM_Vision_2/install/armor_detector:/home/hj/PB_RM_Vision_2/install/auto_aim_interfaces:${AMENT_PREFIX_PATH} CMAKE_PREFIX_PATH=/home/hj/PB_RM_Vision_2/install/armor_tracker:/home/hj/PB_RM_Vision_2/install/armor_detector:/home/hj/PB_RM_Vision_2/install/auto_aim_interfaces:/opt/ros/humble LD_LIBRARY_PATH=/home/hj/PB_RM_Vision_2/install/armor_tracker/lib:/home/hj/PB_RM_Vision_2/install/armor_detector/lib:/home/hj/PB_RM_Vision_2/install/auto_aim_interfaces/lib:${LD_LIBRARY_PATH} PYTHONPATH=/home/hj/PB_RM_Vision_2/install/auto_aim_interfaces/local/lib/python3.10/dist-packages:${PYTHONPATH} /usr/local/bin/cmake --build /home/hj/PB_RM_Vision_2/build/rm_auto_aim -- -j8 -l8
[0.483s] Invoking command in '/home/hj/PB_RM_Vision_2/build/rm_auto_aim': AMENT_PREFIX_PATH=/home/hj/PB_RM_Vision_2/install/armor_tracker:/home/hj/PB_RM_Vision_2/install/armor_detector:/home/hj/PB_RM_Vision_2/install/auto_aim_interfaces:${AMENT_PREFIX_PATH} CMAKE_PREFIX_PATH=/home/hj/PB_RM_Vision_2/install/armor_tracker:/home/hj/PB_RM_Vision_2/install/armor_detector:/home/hj/PB_RM_Vision_2/install/auto_aim_interfaces:/opt/ros/humble LD_LIBRARY_PATH=/home/hj/PB_RM_Vision_2/install/armor_tracker/lib:/home/hj/PB_RM_Vision_2/install/armor_detector/lib:/home/hj/PB_RM_Vision_2/install/auto_aim_interfaces/lib:${LD_LIBRARY_PATH} PYTHONPATH=/home/hj/PB_RM_Vision_2/install/auto_aim_interfaces/local/lib/python3.10/dist-packages:${PYTHONPATH} /usr/local/bin/cmake --install /home/hj/PB_RM_Vision_2/build/rm_auto_aim
[0.486s] -- Install configuration: ""
[0.486s] -- Execute custom install script
[0.486s] -- Symlinking: /home/hj/PB_RM_Vision_2/install/rm_auto_aim/share/ament_index/resource_index/package_run_dependencies/rm_auto_aim
[0.489s] -- Symlinking: /home/hj/PB_RM_Vision_2/install/rm_auto_aim/share/ament_index/resource_index/parent_prefix_path/rm_auto_aim
[0.492s] -- Symlinking: /home/hj/PB_RM_Vision_2/install/rm_auto_aim/share/rm_auto_aim/environment/ament_prefix_path.sh
[0.495s] -- Symlinking: /home/hj/PB_RM_Vision_2/install/rm_auto_aim/share/rm_auto_aim/environment/ament_prefix_path.dsv
[0.497s] -- Symlinking: /home/hj/PB_RM_Vision_2/install/rm_auto_aim/share/rm_auto_aim/environment/path.sh
[0.500s] -- Symlinking: /home/hj/PB_RM_Vision_2/install/rm_auto_aim/share/rm_auto_aim/environment/path.dsv
[0.503s] -- Symlinking: /home/hj/PB_RM_Vision_2/install/rm_auto_aim/share/rm_auto_aim/local_setup.bash
[0.506s] -- Symlinking: /home/hj/PB_RM_Vision_2/install/rm_auto_aim/share/rm_auto_aim/local_setup.sh
[0.509s] -- Symlinking: /home/hj/PB_RM_Vision_2/install/rm_auto_aim/share/rm_auto_aim/local_setup.zsh
[0.512s] -- Symlinking: /home/hj/PB_RM_Vision_2/install/rm_auto_aim/share/rm_auto_aim/local_setup.dsv
[0.515s] -- Symlinking: /home/hj/PB_RM_Vision_2/install/rm_auto_aim/share/rm_auto_aim/package.dsv
[0.518s] -- Symlinking: /home/hj/PB_RM_Vision_2/install/rm_auto_aim/share/ament_index/resource_index/packages/rm_auto_aim
[0.521s] -- Symlinking: /home/hj/PB_RM_Vision_2/install/rm_auto_aim/share/rm_auto_aim/cmake/rm_auto_aimConfig.cmake
[0.525s] -- Symlinking: /home/hj/PB_RM_Vision_2/install/rm_auto_aim/share/rm_auto_aim/cmake/rm_auto_aimConfig-version.cmake
[0.528s] -- Symlinking: /home/hj/PB_RM_Vision_2/install/rm_auto_aim/share/rm_auto_aim/package.xml
[0.532s] Invoked command in '/home/hj/PB_RM_Vision_2/build/rm_auto_aim' returned '0': AMENT_PREFIX_PATH=/home/hj/PB_RM_Vision_2/install/armor_tracker:/home/hj/PB_RM_Vision_2/install/armor_detector:/home/hj/PB_RM_Vision_2/install/auto_aim_interfaces:${AMENT_PREFIX_PATH} CMAKE_PREFIX_PATH=/home/hj/PB_RM_Vision_2/install/armor_tracker:/home/hj/PB_RM_Vision_2/install/armor_detector:/home/hj/PB_RM_Vision_2/install/auto_aim_interfaces:/opt/ros/humble LD_LIBRARY_PATH=/home/hj/PB_RM_Vision_2/install/armor_tracker/lib:/home/hj/PB_RM_Vision_2/install/armor_detector/lib:/home/hj/PB_RM_Vision_2/install/auto_aim_interfaces/lib:${LD_LIBRARY_PATH} PYTHONPATH=/home/hj/PB_RM_Vision_2/install/auto_aim_interfaces/local/lib/python3.10/dist-packages:${PYTHONPATH} /usr/local/bin/cmake --install /home/hj/PB_RM_Vision_2/build/rm_auto_aim
