[0.013s] Invoking command in '/home/hj/PB_RM_Vision_2/build/armor_detector': CMAKE_PREFIX_PATH=/home/hj/PB_RM_Vision_2/install/auto_aim_interfaces:/home/hj/PB_RM_Vision_2/install/rm_vision_bringup:/home/hj/PB_RM_Vision_2/install/rm_serial_driver:/home/hj/PB_RM_Vision_2/install/rm_referee_ros2:/home/hj/PB_RM_Vision_2/install/serial:/home/hj/PB_RM_Vision_2/install/rm_rune_detector:/home/hj/PB_RM_Vision_2/install/rm_gimbal_description:/home/hj/PB_RM_Vision_2/install/rm_decision:/home/hj/PB_RM_Vision_2/install/rm_auto_aim:/home/hj/PB_RM_Vision_2/install/hik_camera:/home/hj/PB_RM_Vision_2/install/armor_tracker:/home/hj/PB_RM_Vision_2/install/armor_detector:/opt/ros/humble LD_LIBRARY_PATH=/home/hj/PB_RM_Vision_2/install/auto_aim_interfaces/lib:/home/hj/PB_RM_Vision_2/install/rm_serial_driver/lib:/home/hj/PB_RM_Vision_2/install/rm_referee_ros2/lib:/home/hj/PB_RM_Vision_2/install/serial/lib:/home/hj/PB_RM_Vision_2/install/rm_rune_detector/lib:/home/hj/PB_RM_Vision_2/install/hik_camera/lib:/home/hj/PB_RM_Vision_2/install/armor_tracker/lib:/home/hj/PB_RM_Vision_2/install/armor_detector/lib:/usr/lib/x86_64-linux-gnu/gazebo-11/plugins:/opt/ros/humble/opt/rviz_ogre_vendor/lib:/opt/ros/humble/lib/x86_64-linux-gnu:/opt/ros/humble/opt/openvdb_vendor/lib:/opt/ros/humble/lib /usr/local/bin/cmake --build /home/hj/PB_RM_Vision_2/build/armor_detector -- -j8 -l8
[0.051s] [ 13%] Built target gtest_main
[0.053s] [ 26%] Built target gtest
[0.053s] [ 40%] Built target armor_detector_node
[0.060s] [ 73%] Built target armor_detector
[0.073s] [ 86%] Built target test_number_cls
[0.076s] [100%] Built target test_node_startup
[0.081s] Invoked command in '/home/hj/PB_RM_Vision_2/build/armor_detector' returned '0': CMAKE_PREFIX_PATH=/home/hj/PB_RM_Vision_2/install/auto_aim_interfaces:/home/hj/PB_RM_Vision_2/install/rm_vision_bringup:/home/hj/PB_RM_Vision_2/install/rm_serial_driver:/home/hj/PB_RM_Vision_2/install/rm_referee_ros2:/home/hj/PB_RM_Vision_2/install/serial:/home/hj/PB_RM_Vision_2/install/rm_rune_detector:/home/hj/PB_RM_Vision_2/install/rm_gimbal_description:/home/hj/PB_RM_Vision_2/install/rm_decision:/home/hj/PB_RM_Vision_2/install/rm_auto_aim:/home/hj/PB_RM_Vision_2/install/hik_camera:/home/hj/PB_RM_Vision_2/install/armor_tracker:/home/hj/PB_RM_Vision_2/install/armor_detector:/opt/ros/humble LD_LIBRARY_PATH=/home/hj/PB_RM_Vision_2/install/auto_aim_interfaces/lib:/home/hj/PB_RM_Vision_2/install/rm_serial_driver/lib:/home/hj/PB_RM_Vision_2/install/rm_referee_ros2/lib:/home/hj/PB_RM_Vision_2/install/serial/lib:/home/hj/PB_RM_Vision_2/install/rm_rune_detector/lib:/home/hj/PB_RM_Vision_2/install/hik_camera/lib:/home/hj/PB_RM_Vision_2/install/armor_tracker/lib:/home/hj/PB_RM_Vision_2/install/armor_detector/lib:/usr/lib/x86_64-linux-gnu/gazebo-11/plugins:/opt/ros/humble/opt/rviz_ogre_vendor/lib:/opt/ros/humble/lib/x86_64-linux-gnu:/opt/ros/humble/opt/openvdb_vendor/lib:/opt/ros/humble/lib /usr/local/bin/cmake --build /home/hj/PB_RM_Vision_2/build/armor_detector -- -j8 -l8
[0.084s] Invoking command in '/home/hj/PB_RM_Vision_2/build/armor_detector': CMAKE_PREFIX_PATH=/home/hj/PB_RM_Vision_2/install/auto_aim_interfaces:/home/hj/PB_RM_Vision_2/install/rm_vision_bringup:/home/hj/PB_RM_Vision_2/install/rm_serial_driver:/home/hj/PB_RM_Vision_2/install/rm_referee_ros2:/home/hj/PB_RM_Vision_2/install/serial:/home/hj/PB_RM_Vision_2/install/rm_rune_detector:/home/hj/PB_RM_Vision_2/install/rm_gimbal_description:/home/hj/PB_RM_Vision_2/install/rm_decision:/home/hj/PB_RM_Vision_2/install/rm_auto_aim:/home/hj/PB_RM_Vision_2/install/hik_camera:/home/hj/PB_RM_Vision_2/install/armor_tracker:/home/hj/PB_RM_Vision_2/install/armor_detector:/opt/ros/humble LD_LIBRARY_PATH=/home/hj/PB_RM_Vision_2/install/auto_aim_interfaces/lib:/home/hj/PB_RM_Vision_2/install/rm_serial_driver/lib:/home/hj/PB_RM_Vision_2/install/rm_referee_ros2/lib:/home/hj/PB_RM_Vision_2/install/serial/lib:/home/hj/PB_RM_Vision_2/install/rm_rune_detector/lib:/home/hj/PB_RM_Vision_2/install/hik_camera/lib:/home/hj/PB_RM_Vision_2/install/armor_tracker/lib:/home/hj/PB_RM_Vision_2/install/armor_detector/lib:/usr/lib/x86_64-linux-gnu/gazebo-11/plugins:/opt/ros/humble/opt/rviz_ogre_vendor/lib:/opt/ros/humble/lib/x86_64-linux-gnu:/opt/ros/humble/opt/openvdb_vendor/lib:/opt/ros/humble/lib /usr/local/bin/cmake --install /home/hj/PB_RM_Vision_2/build/armor_detector
[0.106s] -- Install configuration: ""
[0.106s] -- Execute custom install script
[0.106s] -- Up-to-date symlink: /home/hj/PB_RM_Vision_2/install/armor_detector/lib/armor_detector/armor_detector_node
[0.106s] -- Up-to-date symlink: /home/hj/PB_RM_Vision_2/install/armor_detector/include/armor_detector/armor.hpp
[0.106s] -- Up-to-date symlink: /home/hj/PB_RM_Vision_2/install/armor_detector/include/armor_detector/detector.hpp
[0.106s] -- Up-to-date symlink: /home/hj/PB_RM_Vision_2/install/armor_detector/include/armor_detector/detector_node.hpp
[0.106s] -- Up-to-date symlink: /home/hj/PB_RM_Vision_2/install/armor_detector/include/armor_detector/number_classifier.hpp
[0.106s] -- Up-to-date symlink: /home/hj/PB_RM_Vision_2/install/armor_detector/include/armor_detector/pnp_solver.hpp
[0.106s] -- Up-to-date symlink: /home/hj/PB_RM_Vision_2/install/armor_detector/share/armor_detector/environment/library_path.sh
[0.107s] -- Up-to-date symlink: /home/hj/PB_RM_Vision_2/install/armor_detector/share/armor_detector/environment/library_path.dsv
[0.107s] -- Up-to-date symlink: /home/hj/PB_RM_Vision_2/install/armor_detector/lib/libarmor_detector.so
[0.107s] -- Up-to-date symlink: /home/hj/PB_RM_Vision_2/install/armor_detector/share/armor_detector/model/label.txt
[0.107s] -- Up-to-date symlink: /home/hj/PB_RM_Vision_2/install/armor_detector/share/armor_detector/model/mlp.onnx
[0.107s] -- Up-to-date symlink: /home/hj/PB_RM_Vision_2/install/armor_detector/share/ament_index/resource_index/package_run_dependencies/armor_detector
[0.107s] -- Up-to-date symlink: /home/hj/PB_RM_Vision_2/install/armor_detector/share/ament_index/resource_index/parent_prefix_path/armor_detector
[0.107s] -- Up-to-date symlink: /home/hj/PB_RM_Vision_2/install/armor_detector/share/armor_detector/environment/ament_prefix_path.sh
[0.107s] -- Up-to-date symlink: /home/hj/PB_RM_Vision_2/install/armor_detector/share/armor_detector/environment/ament_prefix_path.dsv
[0.107s] -- Up-to-date symlink: /home/hj/PB_RM_Vision_2/install/armor_detector/share/armor_detector/environment/path.sh
[0.107s] -- Up-to-date symlink: /home/hj/PB_RM_Vision_2/install/armor_detector/share/armor_detector/environment/path.dsv
[0.107s] -- Up-to-date symlink: /home/hj/PB_RM_Vision_2/install/armor_detector/share/armor_detector/local_setup.bash
[0.107s] -- Up-to-date symlink: /home/hj/PB_RM_Vision_2/install/armor_detector/share/armor_detector/local_setup.sh
[0.107s] -- Up-to-date symlink: /home/hj/PB_RM_Vision_2/install/armor_detector/share/armor_detector/local_setup.zsh
[0.108s] -- Up-to-date symlink: /home/hj/PB_RM_Vision_2/install/armor_detector/share/armor_detector/local_setup.dsv
[0.108s] -- Symlinking: /home/hj/PB_RM_Vision_2/install/armor_detector/share/armor_detector/package.dsv
[0.108s] -- Up-to-date symlink: /home/hj/PB_RM_Vision_2/install/armor_detector/share/ament_index/resource_index/packages/armor_detector
[0.108s] -- Up-to-date symlink: /home/hj/PB_RM_Vision_2/install/armor_detector/share/ament_index/resource_index/rclcpp_components/armor_detector
[0.108s] -- Up-to-date symlink: /home/hj/PB_RM_Vision_2/install/armor_detector/share/armor_detector/cmake/ament_cmake_export_dependencies-extras.cmake
[0.108s] -- Up-to-date symlink: /home/hj/PB_RM_Vision_2/install/armor_detector/share/armor_detector/cmake/ament_cmake_export_include_directories-extras.cmake
[0.108s] -- Up-to-date symlink: /home/hj/PB_RM_Vision_2/install/armor_detector/share/armor_detector/cmake/ament_cmake_export_libraries-extras.cmake
[0.108s] -- Up-to-date symlink: /home/hj/PB_RM_Vision_2/install/armor_detector/share/armor_detector/cmake/armor_detectorConfig.cmake
[0.108s] -- Up-to-date symlink: /home/hj/PB_RM_Vision_2/install/armor_detector/share/armor_detector/cmake/armor_detectorConfig-version.cmake
[0.108s] -- Up-to-date symlink: /home/hj/PB_RM_Vision_2/install/armor_detector/share/armor_detector/package.xml
[0.108s] Invoked command in '/home/hj/PB_RM_Vision_2/build/armor_detector' returned '0': CMAKE_PREFIX_PATH=/home/hj/PB_RM_Vision_2/install/auto_aim_interfaces:/home/hj/PB_RM_Vision_2/install/rm_vision_bringup:/home/hj/PB_RM_Vision_2/install/rm_serial_driver:/home/hj/PB_RM_Vision_2/install/rm_referee_ros2:/home/hj/PB_RM_Vision_2/install/serial:/home/hj/PB_RM_Vision_2/install/rm_rune_detector:/home/hj/PB_RM_Vision_2/install/rm_gimbal_description:/home/hj/PB_RM_Vision_2/install/rm_decision:/home/hj/PB_RM_Vision_2/install/rm_auto_aim:/home/hj/PB_RM_Vision_2/install/hik_camera:/home/hj/PB_RM_Vision_2/install/armor_tracker:/home/hj/PB_RM_Vision_2/install/armor_detector:/opt/ros/humble LD_LIBRARY_PATH=/home/hj/PB_RM_Vision_2/install/auto_aim_interfaces/lib:/home/hj/PB_RM_Vision_2/install/rm_serial_driver/lib:/home/hj/PB_RM_Vision_2/install/rm_referee_ros2/lib:/home/hj/PB_RM_Vision_2/install/serial/lib:/home/hj/PB_RM_Vision_2/install/rm_rune_detector/lib:/home/hj/PB_RM_Vision_2/install/hik_camera/lib:/home/hj/PB_RM_Vision_2/install/armor_tracker/lib:/home/hj/PB_RM_Vision_2/install/armor_detector/lib:/usr/lib/x86_64-linux-gnu/gazebo-11/plugins:/opt/ros/humble/opt/rviz_ogre_vendor/lib:/opt/ros/humble/lib/x86_64-linux-gnu:/opt/ros/humble/opt/openvdb_vendor/lib:/opt/ros/humble/lib /usr/local/bin/cmake --install /home/hj/PB_RM_Vision_2/build/armor_detector
