[0.019s] Invoking command in '/home/hj/PB_RM_Vision_2/build/serial': CMAKE_PREFIX_PATH=/opt/ros/humble /usr/local/bin/cmake /home/hj/PB_RM_Vision_2/src/rm_decision/serial -DAMENT_CMAKE_SYMLINK_INSTALL=1 -DCMAKE_INSTALL_PREFIX=/home/hj/PB_RM_Vision_2/install/serial
[0.069s] -- The C compiler identification is GNU 11.4.0
[0.125s] -- The CXX compiler identification is GNU 11.4.0
[0.138s] -- Detecting C compiler ABI info
[0.191s] -- Detecting C compiler ABI info - done
[0.203s] -- Check for working C compiler: /usr/bin/cc - skipped
[0.203s] -- Detecting C compile features
[0.203s] -- Detecting C compile features - done
[0.212s] -- Detecting CXX compiler ABI info
[0.283s] -- Detecting CXX compiler ABI info - done
[0.293s] -- Check for working CXX compiler: /usr/bin/c++ - skipped
[0.294s] -- Detecting CXX compile features
[0.294s] -- Detecting CXX compile features - done
[0.297s] -- Found ament_cmake: 1.3.11 (/opt/ros/humble/share/ament_cmake/cmake)
[0.439s] -- Found Python3: /usr/bin/python3 (found version "3.10.12") found components: Interpreter 
[0.511s] -- Override CMake install command with custom implementation using symlinks instead of copying resources
[0.538s] -- Found ament_cmake_gtest: 1.3.11 (/opt/ros/humble/share/ament_cmake_gtest/cmake)
[0.542s] -- Found ament_lint_auto: 0.12.11 (/opt/ros/humble/share/ament_lint_auto/cmake)
[0.601s] -- Found gtest sources under '/opt/ros/humble/src/gtest_vendor': C++ tests using 'Google Test' will be built
[0.602s] -- Performing Test CMAKE_HAVE_LIBC_PTHREAD
[0.653s] -- Performing Test CMAKE_HAVE_LIBC_PTHREAD - Success
[0.654s] -- Found Threads: TRUE  
[0.661s] -- Added test 'copyright' to check source files copyright and LICENSE
[0.668s] -- Added test 'cppcheck' to perform static code analysis on C / C++ code
[0.668s] -- Configured cppcheck include dirs: /home/hj/PB_RM_Vision_2/src/rm_decision/serial/include
[0.668s] -- Configured cppcheck exclude dirs and/or files: 
[0.677s] -- Added test 'cpplint' to check C / C++ code against the Google style
[0.677s] -- Configured cpplint exclude dirs and/or files: 
[0.678s] -- Added test 'flake8' to check Python code syntax and style conventions
[0.680s] -- Added test 'lint_cmake' to check CMake code style
[0.681s] -- Added test 'pep257' to check Python code against some of the docstring style conventions in PEP 257
[0.691s] -- Added test 'uncrustify' to check C / C++ code style
[0.691s] -- Configured uncrustify additional arguments: 
[0.691s] -- Added test 'xmllint' to check XML markup files
[0.693s] -- Configuring done (0.7s)
[0.706s] -- Generating done (0.0s)
[0.710s] -- Build files have been written to: /home/hj/PB_RM_Vision_2/build/serial
[0.715s] Invoked command in '/home/hj/PB_RM_Vision_2/build/serial' returned '0': CMAKE_PREFIX_PATH=/opt/ros/humble /usr/local/bin/cmake /home/hj/PB_RM_Vision_2/src/rm_decision/serial -DAMENT_CMAKE_SYMLINK_INSTALL=1 -DCMAKE_INSTALL_PREFIX=/home/hj/PB_RM_Vision_2/install/serial
[0.717s] Invoking command in '/home/hj/PB_RM_Vision_2/build/serial': CMAKE_PREFIX_PATH=/opt/ros/humble /usr/local/bin/cmake --build /home/hj/PB_RM_Vision_2/build/serial -- -j8 -l8
[0.744s] [  7%] [32mBuilding CXX object CMakeFiles/serial.dir/src/serial.cc.o[0m
[0.747s] [ 14%] [32mBuilding CXX object gtest/CMakeFiles/gtest.dir/src/gtest-all.cc.o[0m
[0.749s] [ 21%] [32mBuilding CXX object CMakeFiles/serial.dir/src/impl/unix.cc.o[0m
[0.749s] [ 28%] [32mBuilding CXX object gtest/CMakeFiles/gtest_main.dir/src/gtest_main.cc.o[0m
[0.749s] [ 35%] [32mBuilding CXX object CMakeFiles/serial.dir/src/impl/list_ports/list_ports_linux.cc.o[0m
[1.292s] [ 42%] [32m[1mLinking CXX static library libserial.a[0m
[1.341s] [ 42%] Built target serial
[1.352s] [ 50%] [32mBuilding CXX object CMakeFiles/serial_example.dir/examples/serial_example.cc.o[0m
[1.509s] [ 57%] [32m[1mLinking CXX static library libgtest_main.a[0m
[1.557s] [ 57%] Built target gtest_main
[1.717s] [ 64%] [32m[1mLinking CXX executable serial_example[0m
[1.914s] [ 64%] Built target serial_example
[4.443s] [ 71%] [32m[1mLinking CXX static library libgtest.a[0m
[4.590s] [ 71%] Built target gtest
[4.614s] [ 78%] [32mBuilding CXX object tests/CMakeFiles/serial-test-timer.dir/unit/unix_timer_tests.cc.o[0m
[4.617s] [ 85%] [32mBuilding CXX object tests/CMakeFiles/serial-test.dir/unix_serial_tests.cc.o[0m
[6.354s] [ 92%] [32m[1mLinking CXX executable serial-test[0m
[6.357s] [100%] [32m[1mLinking CXX executable serial-test-timer[0m
[6.641s] [100%] Built target serial-test
[6.692s] [100%] Built target serial-test-timer
[6.723s] Invoked command in '/home/hj/PB_RM_Vision_2/build/serial' returned '0': CMAKE_PREFIX_PATH=/opt/ros/humble /usr/local/bin/cmake --build /home/hj/PB_RM_Vision_2/build/serial -- -j8 -l8
[6.724s] Invoking command in '/home/hj/PB_RM_Vision_2/build/serial': CMAKE_PREFIX_PATH=/opt/ros/humble /usr/local/bin/cmake --install /home/hj/PB_RM_Vision_2/build/serial
[6.730s] -- Install configuration: ""
[6.737s] -- Execute custom install script
[6.737s] -- Symlinking: /home/hj/PB_RM_Vision_2/install/serial/include/serial/impl/unix.h
[6.741s] -- Symlinking: /home/hj/PB_RM_Vision_2/install/serial/include/serial/impl/win.h
[6.750s] -- Symlinking: /home/hj/PB_RM_Vision_2/install/serial/include/serial/serial.h
[6.759s] -- Symlinking: /home/hj/PB_RM_Vision_2/install/serial/include/serial/v8stdint.h
[6.771s] -- Symlinking: /home/hj/PB_RM_Vision_2/install/serial/share/serial/environment/library_path.sh
[6.775s] -- Symlinking: /home/hj/PB_RM_Vision_2/install/serial/share/serial/environment/library_path.dsv
[6.784s] -- Symlinking: /home/hj/PB_RM_Vision_2/install/serial/share/ament_index/resource_index/package_run_dependencies/serial
[6.794s] -- Symlinking: /home/hj/PB_RM_Vision_2/install/serial/share/ament_index/resource_index/parent_prefix_path/serial
[6.804s] -- Symlinking: /home/hj/PB_RM_Vision_2/install/serial/share/serial/environment/ament_prefix_path.sh
[6.815s] -- Symlinking: /home/hj/PB_RM_Vision_2/install/serial/share/serial/environment/ament_prefix_path.dsv
[6.822s] -- Symlinking: /home/hj/PB_RM_Vision_2/install/serial/share/serial/environment/path.sh
[6.829s] -- Symlinking: /home/hj/PB_RM_Vision_2/install/serial/share/serial/environment/path.dsv
[6.835s] -- Symlinking: /home/hj/PB_RM_Vision_2/install/serial/share/serial/local_setup.bash
[6.843s] -- Symlinking: /home/hj/PB_RM_Vision_2/install/serial/share/serial/local_setup.sh
[6.850s] -- Symlinking: /home/hj/PB_RM_Vision_2/install/serial/share/serial/local_setup.zsh
[6.860s] -- Symlinking: /home/hj/PB_RM_Vision_2/install/serial/share/serial/local_setup.dsv
[6.870s] -- Symlinking: /home/hj/PB_RM_Vision_2/install/serial/share/serial/package.dsv
[6.877s] -- Symlinking: /home/hj/PB_RM_Vision_2/install/serial/share/ament_index/resource_index/packages/serial
[6.893s] -- Symlinking: /home/hj/PB_RM_Vision_2/install/serial/share/serial/cmake/ament_cmake_export_include_directories-extras.cmake
[6.898s] -- Symlinking: /home/hj/PB_RM_Vision_2/install/serial/share/serial/cmake/ament_cmake_export_libraries-extras.cmake
[6.910s] -- Symlinking: /home/hj/PB_RM_Vision_2/install/serial/share/serial/cmake/ament_cmake_export_targets-extras.cmake
[6.913s] -- Symlinking: /home/hj/PB_RM_Vision_2/install/serial/share/serial/cmake/serialConfig.cmake
[6.917s] -- Symlinking: /home/hj/PB_RM_Vision_2/install/serial/share/serial/cmake/serialConfig-version.cmake
[6.923s] -- Symlinking: /home/hj/PB_RM_Vision_2/install/serial/share/serial/package.xml
[6.933s] -- Installing: /home/hj/PB_RM_Vision_2/install/serial/lib/libserial.a
[6.934s] -- Installing: /home/hj/PB_RM_Vision_2/install/serial/lib/serial/serial_example
[6.934s] -- Installing: /home/hj/PB_RM_Vision_2/install/serial/share/serial/cmake/export_serialExport.cmake
[6.934s] -- Installing: /home/hj/PB_RM_Vision_2/install/serial/share/serial/cmake/export_serialExport-noconfig.cmake
[6.943s] Invoked command in '/home/hj/PB_RM_Vision_2/build/serial' returned '0': CMAKE_PREFIX_PATH=/opt/ros/humble /usr/local/bin/cmake --install /home/hj/PB_RM_Vision_2/build/serial
