[0.016s] Invoking command in '/home/hj/PB_RM_Vision_2/build/rm_serial_driver': CMAKE_PREFIX_PATH=/home/hj/PB_RM_Vision_2/install/rm_referee_ros2:/home/hj/PB_RM_Vision_2/install/serial:/home/hj/PB_RM_Vision_2/install/auto_aim_interfaces:/home/hj/PB_RMSimulatio/install/teb_local_planner:/home/hj/PB_RMSimulatio/install/teb_msgs:/home/hj/PB_RMSimulatio/install/ros2_livox_simulation:/home/hj/PB_RMSimulatio/install/rm_navigation:/home/hj/PB_RMSimulatio/install/rm_nav_bringup:/home/hj/PB_RMSimulatio/install/pointcloud_to_laserscan:/home/hj/PB_RMSimulatio/install/point_lio:/home/hj/PB_RMSimulatio/install/pb_rm_simulation:/home/hj/PB_RMSimulatio/install/icp_registration:/home/hj/PB_RMSimulatio/install/fast_lio:/home/hj/PB_RMSimulatio/install/livox_ros_driver2:/home/hj/PB_RMSimulatio/install/linefit_ground_segmentation_ros:/home/hj/PB_RMSimulatio/install/linefit_ground_segmentation:/home/hj/PB_RMSimulatio/install/imu_complementary_filter:/home/hj/PB_RMSimulatio/install/fake_vel_transform:/home/hj/PB_RMSimulatio/install/costmap_converter:/home/hj/PB_RMSimulatio/install/costmap_converter_msgs:/home/hj/PB_RM_Vision_2/install/rm_vision_bringup:/home/hj/PB_RM_Vision_2/install/rm_serial_driver:/home/hj/PB_RM_Vision_2/install/rm_rune_detector:/home/hj/PB_RM_Vision_2/install/rm_gimbal_description:/home/hj/PB_RM_Vision_2/install/rm_decision:/home/hj/PB_RM_Vision_2/install/rm_auto_aim:/home/hj/PB_RM_Vision_2/install/hik_camera:/home/hj/PB_RM_Vision_2/install/armor_tracker:/home/hj/PB_RM_Vision_2/install/armor_detector:/opt/ros/humble LD_LIBRARY_PATH=/home/hj/PB_RM_Vision_2/install/rm_referee_ros2/lib:/home/hj/PB_RM_Vision_2/install/auto_aim_interfaces/lib:/home/hj/PB_RMSimulatio/install/teb_local_planner/lib:/home/hj/PB_RMSimulatio/install/teb_msgs/lib:/home/hj/PB_RMSimulatio/install/ros2_livox_simulation/lib:/home/hj/PB_RMSimulatio/install/pointcloud_to_laserscan/lib:/home/hj/PB_RMSimulatio/install/icp_registration/lib:/home/hj/PB_RMSimulatio/install/fast_lio/lib:/home/hj/PB_RMSimulatio/install/livox_ros_driver2/lib:/home/hj/PB_RMSimulatio/install/linefit_ground_segmentation/lib:/home/hj/PB_RMSimulatio/install/imu_complementary_filter/lib:/home/hj/PB_RMSimulatio/install/fake_vel_transform/lib:/home/hj/PB_RMSimulatio/install/costmap_converter/lib:/home/hj/PB_RMSimulatio/install/costmap_converter_msgs/lib:/home/hj/PB_RM_Vision_2/install/rm_serial_driver/lib:/home/hj/PB_RM_Vision_2/install/serial/lib:/home/hj/PB_RM_Vision_2/install/rm_rune_detector/lib:/home/hj/PB_RM_Vision_2/install/hik_camera/lib:/home/hj/PB_RM_Vision_2/install/armor_tracker/lib:/home/hj/PB_RM_Vision_2/install/armor_detector/lib:/usr/lib/x86_64-linux-gnu/gazebo-11/plugins:/opt/ros/humble/opt/rviz_ogre_vendor/lib:/opt/ros/humble/lib/x86_64-linux-gnu:/opt/ros/humble/opt/openvdb_vendor/lib:/opt/ros/humble/lib /usr/local/bin/cmake --build /home/hj/PB_RM_Vision_2/build/rm_serial_driver -- -j8 -l8
[0.050s] [  2%] Built target rm_serial_driver_interfaces__cpp
[0.051s] [ 11%] Built target rm_serial_driver_interfaces__rosidl_generator_c
[0.052s] [ 11%] Built target ament_cmake_python_symlink_rm_serial_driver
[0.054s] [ 15%] Built target rm_serial_driver_node
[0.069s] [ 25%] Built target rm_serial_driver_interfaces__rosidl_typesupport_cpp
[0.069s] [ 34%] Built target rm_serial_driver_interfaces__rosidl_typesupport_introspection_cpp
[0.070s] [ 43%] Built target rm_serial_driver_interfaces__rosidl_typesupport_fastrtps_cpp
[0.071s] [ 52%] Built target rm_serial_driver_interfaces__rosidl_typesupport_introspection_c
[0.072s] [ 61%] Built target rm_serial_driver
[0.072s] [ 68%] Built target rm_serial_driver_interfaces__rosidl_typesupport_fastrtps_c
[0.072s] [ 77%] Built target rm_serial_driver_interfaces__rosidl_typesupport_c
[0.085s] [ 77%] Built target rm_serial_driver_interfaces
[0.098s] [ 79%] Built target rm_serial_driver_interfaces__py
[0.112s] [ 86%] Built target rm_serial_driver_interfaces__rosidl_generator_py
[0.126s] [100%] Built target rm_serial_driver__rosidl_typesupport_fastrtps_c__pyext
[0.126s] [100%] Built target rm_serial_driver__rosidl_typesupport_c__pyext
[0.126s] [100%] Built target rm_serial_driver__rosidl_typesupport_introspection_c__pyext
[0.242s] running egg_info
[0.243s] writing rm_serial_driver.egg-info/PKG-INFO
[0.243s] writing dependency_links to rm_serial_driver.egg-info/dependency_links.txt
[0.243s] writing top-level names to rm_serial_driver.egg-info/top_level.txt
[0.245s] reading manifest file 'rm_serial_driver.egg-info/SOURCES.txt'
[0.247s] writing manifest file 'rm_serial_driver.egg-info/SOURCES.txt'
[0.265s] [100%] Built target ament_cmake_python_build_rm_serial_driver_egg
[0.270s] Invoked command in '/home/hj/PB_RM_Vision_2/build/rm_serial_driver' returned '0': CMAKE_PREFIX_PATH=/home/hj/PB_RM_Vision_2/install/rm_referee_ros2:/home/hj/PB_RM_Vision_2/install/serial:/home/hj/PB_RM_Vision_2/install/auto_aim_interfaces:/home/hj/PB_RMSimulatio/install/teb_local_planner:/home/hj/PB_RMSimulatio/install/teb_msgs:/home/hj/PB_RMSimulatio/install/ros2_livox_simulation:/home/hj/PB_RMSimulatio/install/rm_navigation:/home/hj/PB_RMSimulatio/install/rm_nav_bringup:/home/hj/PB_RMSimulatio/install/pointcloud_to_laserscan:/home/hj/PB_RMSimulatio/install/point_lio:/home/hj/PB_RMSimulatio/install/pb_rm_simulation:/home/hj/PB_RMSimulatio/install/icp_registration:/home/hj/PB_RMSimulatio/install/fast_lio:/home/hj/PB_RMSimulatio/install/livox_ros_driver2:/home/hj/PB_RMSimulatio/install/linefit_ground_segmentation_ros:/home/hj/PB_RMSimulatio/install/linefit_ground_segmentation:/home/hj/PB_RMSimulatio/install/imu_complementary_filter:/home/hj/PB_RMSimulatio/install/fake_vel_transform:/home/hj/PB_RMSimulatio/install/costmap_converter:/home/hj/PB_RMSimulatio/install/costmap_converter_msgs:/home/hj/PB_RM_Vision_2/install/rm_vision_bringup:/home/hj/PB_RM_Vision_2/install/rm_serial_driver:/home/hj/PB_RM_Vision_2/install/rm_rune_detector:/home/hj/PB_RM_Vision_2/install/rm_gimbal_description:/home/hj/PB_RM_Vision_2/install/rm_decision:/home/hj/PB_RM_Vision_2/install/rm_auto_aim:/home/hj/PB_RM_Vision_2/install/hik_camera:/home/hj/PB_RM_Vision_2/install/armor_tracker:/home/hj/PB_RM_Vision_2/install/armor_detector:/opt/ros/humble LD_LIBRARY_PATH=/home/hj/PB_RM_Vision_2/install/rm_referee_ros2/lib:/home/hj/PB_RM_Vision_2/install/auto_aim_interfaces/lib:/home/hj/PB_RMSimulatio/install/teb_local_planner/lib:/home/hj/PB_RMSimulatio/install/teb_msgs/lib:/home/hj/PB_RMSimulatio/install/ros2_livox_simulation/lib:/home/hj/PB_RMSimulatio/install/pointcloud_to_laserscan/lib:/home/hj/PB_RMSimulatio/install/icp_registration/lib:/home/hj/PB_RMSimulatio/install/fast_lio/lib:/home/hj/PB_RMSimulatio/install/livox_ros_driver2/lib:/home/hj/PB_RMSimulatio/install/linefit_ground_segmentation/lib:/home/hj/PB_RMSimulatio/install/imu_complementary_filter/lib:/home/hj/PB_RMSimulatio/install/fake_vel_transform/lib:/home/hj/PB_RMSimulatio/install/costmap_converter/lib:/home/hj/PB_RMSimulatio/install/costmap_converter_msgs/lib:/home/hj/PB_RM_Vision_2/install/rm_serial_driver/lib:/home/hj/PB_RM_Vision_2/install/serial/lib:/home/hj/PB_RM_Vision_2/install/rm_rune_detector/lib:/home/hj/PB_RM_Vision_2/install/hik_camera/lib:/home/hj/PB_RM_Vision_2/install/armor_tracker/lib:/home/hj/PB_RM_Vision_2/install/armor_detector/lib:/usr/lib/x86_64-linux-gnu/gazebo-11/plugins:/opt/ros/humble/opt/rviz_ogre_vendor/lib:/opt/ros/humble/lib/x86_64-linux-gnu:/opt/ros/humble/opt/openvdb_vendor/lib:/opt/ros/humble/lib /usr/local/bin/cmake --build /home/hj/PB_RM_Vision_2/build/rm_serial_driver -- -j8 -l8
[0.271s] Invoking command in '/home/hj/PB_RM_Vision_2/build/rm_serial_driver': CMAKE_PREFIX_PATH=/home/hj/PB_RM_Vision_2/install/rm_referee_ros2:/home/hj/PB_RM_Vision_2/install/serial:/home/hj/PB_RM_Vision_2/install/auto_aim_interfaces:/home/hj/PB_RMSimulatio/install/teb_local_planner:/home/hj/PB_RMSimulatio/install/teb_msgs:/home/hj/PB_RMSimulatio/install/ros2_livox_simulation:/home/hj/PB_RMSimulatio/install/rm_navigation:/home/hj/PB_RMSimulatio/install/rm_nav_bringup:/home/hj/PB_RMSimulatio/install/pointcloud_to_laserscan:/home/hj/PB_RMSimulatio/install/point_lio:/home/hj/PB_RMSimulatio/install/pb_rm_simulation:/home/hj/PB_RMSimulatio/install/icp_registration:/home/hj/PB_RMSimulatio/install/fast_lio:/home/hj/PB_RMSimulatio/install/livox_ros_driver2:/home/hj/PB_RMSimulatio/install/linefit_ground_segmentation_ros:/home/hj/PB_RMSimulatio/install/linefit_ground_segmentation:/home/hj/PB_RMSimulatio/install/imu_complementary_filter:/home/hj/PB_RMSimulatio/install/fake_vel_transform:/home/hj/PB_RMSimulatio/install/costmap_converter:/home/hj/PB_RMSimulatio/install/costmap_converter_msgs:/home/hj/PB_RM_Vision_2/install/rm_vision_bringup:/home/hj/PB_RM_Vision_2/install/rm_serial_driver:/home/hj/PB_RM_Vision_2/install/rm_rune_detector:/home/hj/PB_RM_Vision_2/install/rm_gimbal_description:/home/hj/PB_RM_Vision_2/install/rm_decision:/home/hj/PB_RM_Vision_2/install/rm_auto_aim:/home/hj/PB_RM_Vision_2/install/hik_camera:/home/hj/PB_RM_Vision_2/install/armor_tracker:/home/hj/PB_RM_Vision_2/install/armor_detector:/opt/ros/humble LD_LIBRARY_PATH=/home/hj/PB_RM_Vision_2/install/rm_referee_ros2/lib:/home/hj/PB_RM_Vision_2/install/auto_aim_interfaces/lib:/home/hj/PB_RMSimulatio/install/teb_local_planner/lib:/home/hj/PB_RMSimulatio/install/teb_msgs/lib:/home/hj/PB_RMSimulatio/install/ros2_livox_simulation/lib:/home/hj/PB_RMSimulatio/install/pointcloud_to_laserscan/lib:/home/hj/PB_RMSimulatio/install/icp_registration/lib:/home/hj/PB_RMSimulatio/install/fast_lio/lib:/home/hj/PB_RMSimulatio/install/livox_ros_driver2/lib:/home/hj/PB_RMSimulatio/install/linefit_ground_segmentation/lib:/home/hj/PB_RMSimulatio/install/imu_complementary_filter/lib:/home/hj/PB_RMSimulatio/install/fake_vel_transform/lib:/home/hj/PB_RMSimulatio/install/costmap_converter/lib:/home/hj/PB_RMSimulatio/install/costmap_converter_msgs/lib:/home/hj/PB_RM_Vision_2/install/rm_serial_driver/lib:/home/hj/PB_RM_Vision_2/install/serial/lib:/home/hj/PB_RM_Vision_2/install/rm_rune_detector/lib:/home/hj/PB_RM_Vision_2/install/hik_camera/lib:/home/hj/PB_RM_Vision_2/install/armor_tracker/lib:/home/hj/PB_RM_Vision_2/install/armor_detector/lib:/usr/lib/x86_64-linux-gnu/gazebo-11/plugins:/opt/ros/humble/opt/rviz_ogre_vendor/lib:/opt/ros/humble/lib/x86_64-linux-gnu:/opt/ros/humble/opt/openvdb_vendor/lib:/opt/ros/humble/lib /usr/local/bin/cmake --install /home/hj/PB_RM_Vision_2/build/rm_serial_driver
[0.275s] -- Install configuration: ""
[0.276s] -- Execute custom install script
[0.276s] -- Up-to-date symlink: /home/hj/PB_RM_Vision_2/install/rm_serial_driver/lib/rm_serial_driver/rm_serial_driver_node
[0.276s] -- Up-to-date symlink: /home/hj/PB_RM_Vision_2/install/rm_serial_driver/share/ament_index/resource_index/rosidl_interfaces/rm_serial_driver
[0.277s] -- Up-to-date symlink: /home/hj/PB_RM_Vision_2/install/rm_serial_driver/include/rm_serial_driver/rm_serial_driver/msg/detail/robot_status__functions.h
[0.277s] -- Up-to-date symlink: /home/hj/PB_RM_Vision_2/install/rm_serial_driver/include/rm_serial_driver/rm_serial_driver/msg/detail/robot_status__struct.h
[0.277s] -- Up-to-date symlink: /home/hj/PB_RM_Vision_2/install/rm_serial_driver/include/rm_serial_driver/rm_serial_driver/msg/detail/robot_status__type_support.h
[0.277s] -- Up-to-date symlink: /home/hj/PB_RM_Vision_2/install/rm_serial_driver/include/rm_serial_driver/rm_serial_driver/msg/detail/shoot_data__functions.h
[0.277s] -- Up-to-date symlink: /home/hj/PB_RM_Vision_2/install/rm_serial_driver/include/rm_serial_driver/rm_serial_driver/msg/detail/shoot_data__struct.h
[0.277s] -- Up-to-date symlink: /home/hj/PB_RM_Vision_2/install/rm_serial_driver/include/rm_serial_driver/rm_serial_driver/msg/detail/shoot_data__type_support.h
[0.278s] -- Up-to-date symlink: /home/hj/PB_RM_Vision_2/install/rm_serial_driver/include/rm_serial_driver/rm_serial_driver/msg/robot_status.h
[0.278s] -- Up-to-date symlink: /home/hj/PB_RM_Vision_2/install/rm_serial_driver/include/rm_serial_driver/rm_serial_driver/msg/rosidl_generator_c__visibility_control.h
[0.278s] -- Up-to-date symlink: /home/hj/PB_RM_Vision_2/install/rm_serial_driver/include/rm_serial_driver/rm_serial_driver/msg/shoot_data.h
[0.278s] -- Up-to-date symlink: /home/hj/PB_RM_Vision_2/install/rm_serial_driver/share/rm_serial_driver/environment/library_path.sh
[0.278s] -- Up-to-date symlink: /home/hj/PB_RM_Vision_2/install/rm_serial_driver/share/rm_serial_driver/environment/library_path.dsv
[0.278s] -- Up-to-date symlink: /home/hj/PB_RM_Vision_2/install/rm_serial_driver/include/rm_serial_driver/rm_serial_driver/msg/detail/robot_status__rosidl_typesupport_fastrtps_c.h
[0.278s] -- Up-to-date symlink: /home/hj/PB_RM_Vision_2/install/rm_serial_driver/include/rm_serial_driver/rm_serial_driver/msg/detail/shoot_data__rosidl_typesupport_fastrtps_c.h
[0.278s] -- Up-to-date symlink: /home/hj/PB_RM_Vision_2/install/rm_serial_driver/include/rm_serial_driver/rm_serial_driver/msg/rosidl_typesupport_fastrtps_c__visibility_control.h
[0.279s] -- Up-to-date symlink: /home/hj/PB_RM_Vision_2/install/rm_serial_driver/include/rm_serial_driver/rm_serial_driver/msg/detail/robot_status__rosidl_typesupport_introspection_c.h
[0.279s] -- Up-to-date symlink: /home/hj/PB_RM_Vision_2/install/rm_serial_driver/include/rm_serial_driver/rm_serial_driver/msg/detail/shoot_data__rosidl_typesupport_introspection_c.h
[0.279s] -- Up-to-date symlink: /home/hj/PB_RM_Vision_2/install/rm_serial_driver/include/rm_serial_driver/rm_serial_driver/msg/rosidl_typesupport_introspection_c__visibility_control.h
[0.279s] -- Up-to-date symlink: /home/hj/PB_RM_Vision_2/install/rm_serial_driver/include/rm_serial_driver/rm_serial_driver/msg/detail/robot_status__builder.hpp
[0.279s] -- Up-to-date symlink: /home/hj/PB_RM_Vision_2/install/rm_serial_driver/include/rm_serial_driver/rm_serial_driver/msg/detail/robot_status__struct.hpp
[0.279s] -- Up-to-date symlink: /home/hj/PB_RM_Vision_2/install/rm_serial_driver/include/rm_serial_driver/rm_serial_driver/msg/detail/robot_status__traits.hpp
[0.279s] -- Up-to-date symlink: /home/hj/PB_RM_Vision_2/install/rm_serial_driver/include/rm_serial_driver/rm_serial_driver/msg/detail/robot_status__type_support.hpp
[0.280s] -- Up-to-date symlink: /home/hj/PB_RM_Vision_2/install/rm_serial_driver/include/rm_serial_driver/rm_serial_driver/msg/detail/shoot_data__builder.hpp
[0.280s] -- Up-to-date symlink: /home/hj/PB_RM_Vision_2/install/rm_serial_driver/include/rm_serial_driver/rm_serial_driver/msg/detail/shoot_data__struct.hpp
[0.280s] -- Up-to-date symlink: /home/hj/PB_RM_Vision_2/install/rm_serial_driver/include/rm_serial_driver/rm_serial_driver/msg/detail/shoot_data__traits.hpp
[0.280s] -- Up-to-date symlink: /home/hj/PB_RM_Vision_2/install/rm_serial_driver/include/rm_serial_driver/rm_serial_driver/msg/detail/shoot_data__type_support.hpp
[0.280s] -- Up-to-date symlink: /home/hj/PB_RM_Vision_2/install/rm_serial_driver/include/rm_serial_driver/rm_serial_driver/msg/robot_status.hpp
[0.280s] -- Up-to-date symlink: /home/hj/PB_RM_Vision_2/install/rm_serial_driver/include/rm_serial_driver/rm_serial_driver/msg/rosidl_generator_cpp__visibility_control.hpp
[0.280s] -- Up-to-date symlink: /home/hj/PB_RM_Vision_2/install/rm_serial_driver/include/rm_serial_driver/rm_serial_driver/msg/shoot_data.hpp
[0.280s] -- Up-to-date symlink: /home/hj/PB_RM_Vision_2/install/rm_serial_driver/include/rm_serial_driver/rm_serial_driver/msg/detail/robot_status__rosidl_typesupport_fastrtps_cpp.hpp
[0.281s] -- Up-to-date symlink: /home/hj/PB_RM_Vision_2/install/rm_serial_driver/include/rm_serial_driver/rm_serial_driver/msg/detail/shoot_data__rosidl_typesupport_fastrtps_cpp.hpp
[0.281s] -- Up-to-date symlink: /home/hj/PB_RM_Vision_2/install/rm_serial_driver/include/rm_serial_driver/rm_serial_driver/msg/rosidl_typesupport_fastrtps_cpp__visibility_control.h
[0.281s] -- Up-to-date symlink: /home/hj/PB_RM_Vision_2/install/rm_serial_driver/include/rm_serial_driver/rm_serial_driver/msg/detail/robot_status__rosidl_typesupport_introspection_cpp.hpp
[0.281s] -- Up-to-date symlink: /home/hj/PB_RM_Vision_2/install/rm_serial_driver/include/rm_serial_driver/rm_serial_driver/msg/detail/shoot_data__rosidl_typesupport_introspection_cpp.hpp
[0.281s] -- Up-to-date symlink: /home/hj/PB_RM_Vision_2/install/rm_serial_driver/share/rm_serial_driver/environment/pythonpath.sh
[0.281s] -- Up-to-date symlink: /home/hj/PB_RM_Vision_2/install/rm_serial_driver/share/rm_serial_driver/environment/pythonpath.dsv
[0.281s] -- Up-to-date symlink: /home/hj/PB_RM_Vision_2/install/rm_serial_driver/local/lib/python3.10/dist-packages/rm_serial_driver-0.1.0-py3.10.egg-info/PKG-INFO
[0.282s] -- Up-to-date symlink: /home/hj/PB_RM_Vision_2/install/rm_serial_driver/local/lib/python3.10/dist-packages/rm_serial_driver-0.1.0-py3.10.egg-info/SOURCES.txt
[0.282s] -- Up-to-date symlink: /home/hj/PB_RM_Vision_2/install/rm_serial_driver/local/lib/python3.10/dist-packages/rm_serial_driver-0.1.0-py3.10.egg-info/dependency_links.txt
[0.282s] -- Up-to-date symlink: /home/hj/PB_RM_Vision_2/install/rm_serial_driver/local/lib/python3.10/dist-packages/rm_serial_driver-0.1.0-py3.10.egg-info/top_level.txt
[0.282s] -- Up-to-date symlink: /home/hj/PB_RM_Vision_2/install/rm_serial_driver/local/lib/python3.10/dist-packages/rm_serial_driver/__init__.py
[0.282s] -- Up-to-date symlink: /home/hj/PB_RM_Vision_2/install/rm_serial_driver/local/lib/python3.10/dist-packages/rm_serial_driver/_rm_serial_driver_s.ep.rosidl_typesupport_c.c
[0.282s] -- Up-to-date symlink: /home/hj/PB_RM_Vision_2/install/rm_serial_driver/local/lib/python3.10/dist-packages/rm_serial_driver/_rm_serial_driver_s.ep.rosidl_typesupport_fastrtps_c.c
[0.282s] -- Up-to-date symlink: /home/hj/PB_RM_Vision_2/install/rm_serial_driver/local/lib/python3.10/dist-packages/rm_serial_driver/_rm_serial_driver_s.ep.rosidl_typesupport_introspection_c.c
[0.283s] -- Up-to-date symlink: /home/hj/PB_RM_Vision_2/install/rm_serial_driver/local/lib/python3.10/dist-packages/rm_serial_driver/librm_serial_driver_interfaces__rosidl_generator_py.so
[0.283s] -- Up-to-date symlink: /home/hj/PB_RM_Vision_2/install/rm_serial_driver/local/lib/python3.10/dist-packages/rm_serial_driver/msg/__init__.py
[0.283s] -- Up-to-date symlink: /home/hj/PB_RM_Vision_2/install/rm_serial_driver/local/lib/python3.10/dist-packages/rm_serial_driver/msg/_robot_status.py
[0.283s] -- Up-to-date symlink: /home/hj/PB_RM_Vision_2/install/rm_serial_driver/local/lib/python3.10/dist-packages/rm_serial_driver/msg/_robot_status_s.c
[0.283s] -- Up-to-date symlink: /home/hj/PB_RM_Vision_2/install/rm_serial_driver/local/lib/python3.10/dist-packages/rm_serial_driver/msg/_shoot_data.py
[0.283s] -- Up-to-date symlink: /home/hj/PB_RM_Vision_2/install/rm_serial_driver/local/lib/python3.10/dist-packages/rm_serial_driver/msg/_shoot_data_s.c
[0.283s] -- Up-to-date symlink: /home/hj/PB_RM_Vision_2/install/rm_serial_driver/local/lib/python3.10/dist-packages/rm_serial_driver/rm_serial_driver_s__rosidl_typesupport_c.cpython-310-x86_64-linux-gnu.so
[0.283s] -- Up-to-date symlink: /home/hj/PB_RM_Vision_2/install/rm_serial_driver/local/lib/python3.10/dist-packages/rm_serial_driver/rm_serial_driver_s__rosidl_typesupport_fastrtps_c.cpython-310-x86_64-linux-gnu.so
[0.283s] -- Up-to-date symlink: /home/hj/PB_RM_Vision_2/install/rm_serial_driver/local/lib/python3.10/dist-packages/rm_serial_driver/rm_serial_driver_s__rosidl_typesupport_introspection_c.cpython-310-x86_64-linux-gnu.so
[0.284s] -- Up-to-date symlink: /home/hj/PB_RM_Vision_2/install/rm_serial_driver/local/lib/python3.10/dist-packages/rm_serial_driver/rm_serial_driver_s__rosidl_typesupport_fastrtps_c.cpython-310-x86_64-linux-gnu.so
[0.284s] -- Up-to-date symlink: /home/hj/PB_RM_Vision_2/install/rm_serial_driver/local/lib/python3.10/dist-packages/rm_serial_driver/rm_serial_driver_s__rosidl_typesupport_introspection_c.cpython-310-x86_64-linux-gnu.so
[0.284s] -- Up-to-date symlink: /home/hj/PB_RM_Vision_2/install/rm_serial_driver/local/lib/python3.10/dist-packages/rm_serial_driver/rm_serial_driver_s__rosidl_typesupport_c.cpython-310-x86_64-linux-gnu.so
[0.284s] -- Up-to-date symlink: /home/hj/PB_RM_Vision_2/install/rm_serial_driver/share/rm_serial_driver/msg/ShootData.idl
[0.284s] -- Up-to-date symlink: /home/hj/PB_RM_Vision_2/install/rm_serial_driver/share/rm_serial_driver/msg/RobotStatus.idl
[0.285s] -- Up-to-date symlink: /home/hj/PB_RM_Vision_2/install/rm_serial_driver/share/rm_serial_driver/msg/ShootData.msg
[0.285s] -- Up-to-date symlink: /home/hj/PB_RM_Vision_2/install/rm_serial_driver/share/rm_serial_driver/msg/RobotStatus.msg
[0.285s] -- Up-to-date symlink: /home/hj/PB_RM_Vision_2/install/rm_serial_driver/include/rm_serial_driver/crc.hpp
[0.285s] -- Up-to-date symlink: /home/hj/PB_RM_Vision_2/install/rm_serial_driver/include/rm_serial_driver/packet.hpp
[0.285s] -- Up-to-date symlink: /home/hj/PB_RM_Vision_2/install/rm_serial_driver/include/rm_serial_driver/rm_serial_driver.hpp
[0.286s] -- Up-to-date symlink: /home/hj/PB_RM_Vision_2/install/rm_serial_driver/lib/librm_serial_driver.so
[0.286s] -- Up-to-date symlink: /home/hj/PB_RM_Vision_2/install/rm_serial_driver/share/rm_serial_driver/config/serial_driver.yaml
[0.286s] -- Up-to-date symlink: /home/hj/PB_RM_Vision_2/install/rm_serial_driver/share/rm_serial_driver/launch/serial_driver.launch.py
[0.286s] -- Up-to-date symlink: /home/hj/PB_RM_Vision_2/install/rm_serial_driver/share/ament_index/resource_index/package_run_dependencies/rm_serial_driver
[0.286s] -- Up-to-date symlink: /home/hj/PB_RM_Vision_2/install/rm_serial_driver/share/ament_index/resource_index/parent_prefix_path/rm_serial_driver
[0.287s] -- Up-to-date symlink: /home/hj/PB_RM_Vision_2/install/rm_serial_driver/share/rm_serial_driver/environment/ament_prefix_path.sh
[0.287s] -- Up-to-date symlink: /home/hj/PB_RM_Vision_2/install/rm_serial_driver/share/rm_serial_driver/environment/ament_prefix_path.dsv
[0.287s] -- Up-to-date symlink: /home/hj/PB_RM_Vision_2/install/rm_serial_driver/share/rm_serial_driver/environment/path.sh
[0.287s] -- Up-to-date symlink: /home/hj/PB_RM_Vision_2/install/rm_serial_driver/share/rm_serial_driver/environment/path.dsv
[0.287s] -- Up-to-date symlink: /home/hj/PB_RM_Vision_2/install/rm_serial_driver/share/rm_serial_driver/local_setup.bash
[0.287s] -- Up-to-date symlink: /home/hj/PB_RM_Vision_2/install/rm_serial_driver/share/rm_serial_driver/local_setup.sh
[0.287s] -- Up-to-date symlink: /home/hj/PB_RM_Vision_2/install/rm_serial_driver/share/rm_serial_driver/local_setup.zsh
[0.287s] -- Up-to-date symlink: /home/hj/PB_RM_Vision_2/install/rm_serial_driver/share/rm_serial_driver/local_setup.dsv
[0.287s] -- Symlinking: /home/hj/PB_RM_Vision_2/install/rm_serial_driver/share/rm_serial_driver/package.dsv
[0.291s] -- Up-to-date symlink: /home/hj/PB_RM_Vision_2/install/rm_serial_driver/share/ament_index/resource_index/packages/rm_serial_driver
[0.291s] -- Up-to-date symlink: /home/hj/PB_RM_Vision_2/install/rm_serial_driver/share/ament_index/resource_index/rclcpp_components/rm_serial_driver
[0.291s] -- Up-to-date symlink: /home/hj/PB_RM_Vision_2/install/rm_serial_driver/share/rm_serial_driver/cmake/rosidl_cmake-extras.cmake
[0.291s] -- Up-to-date symlink: /home/hj/PB_RM_Vision_2/install/rm_serial_driver/share/rm_serial_driver/cmake/ament_cmake_export_dependencies-extras.cmake
[0.291s] -- Up-to-date symlink: /home/hj/PB_RM_Vision_2/install/rm_serial_driver/share/rm_serial_driver/cmake/ament_cmake_export_include_directories-extras.cmake
[0.291s] -- Up-to-date symlink: /home/hj/PB_RM_Vision_2/install/rm_serial_driver/share/rm_serial_driver/cmake/ament_cmake_export_libraries-extras.cmake
[0.292s] -- Up-to-date symlink: /home/hj/PB_RM_Vision_2/install/rm_serial_driver/share/rm_serial_driver/cmake/ament_cmake_export_targets-extras.cmake
[0.292s] -- Up-to-date symlink: /home/hj/PB_RM_Vision_2/install/rm_serial_driver/share/rm_serial_driver/cmake/rosidl_cmake_export_typesupport_targets-extras.cmake
[0.292s] -- Up-to-date symlink: /home/hj/PB_RM_Vision_2/install/rm_serial_driver/share/rm_serial_driver/cmake/rosidl_cmake_export_typesupport_libraries-extras.cmake
[0.292s] -- Up-to-date symlink: /home/hj/PB_RM_Vision_2/install/rm_serial_driver/share/rm_serial_driver/cmake/rm_serial_driverConfig.cmake
[0.292s] -- Up-to-date symlink: /home/hj/PB_RM_Vision_2/install/rm_serial_driver/share/rm_serial_driver/cmake/rm_serial_driverConfig-version.cmake
[0.292s] -- Up-to-date symlink: /home/hj/PB_RM_Vision_2/install/rm_serial_driver/share/rm_serial_driver/package.xml
[0.292s] -- Up-to-date: /home/hj/PB_RM_Vision_2/install/rm_serial_driver/lib/librm_serial_driver_interfaces__rosidl_generator_c.so
[0.293s] -- Up-to-date: /home/hj/PB_RM_Vision_2/install/rm_serial_driver/lib/librm_serial_driver_interfaces__rosidl_typesupport_fastrtps_c.so
[0.293s] -- Up-to-date: /home/hj/PB_RM_Vision_2/install/rm_serial_driver/lib/librm_serial_driver_interfaces__rosidl_typesupport_introspection_c.so
[0.294s] -- Up-to-date: /home/hj/PB_RM_Vision_2/install/rm_serial_driver/lib/librm_serial_driver_interfaces__rosidl_typesupport_c.so
[0.294s] -- Up-to-date: /home/hj/PB_RM_Vision_2/install/rm_serial_driver/lib/librm_serial_driver_interfaces__rosidl_typesupport_fastrtps_cpp.so
[0.294s] -- Up-to-date: /home/hj/PB_RM_Vision_2/install/rm_serial_driver/lib/librm_serial_driver_interfaces__rosidl_typesupport_introspection_cpp.so
[0.295s] -- Up-to-date: /home/hj/PB_RM_Vision_2/install/rm_serial_driver/lib/librm_serial_driver_interfaces__rosidl_typesupport_cpp.so
[0.320s] Listing '/home/hj/PB_RM_Vision_2/install/rm_serial_driver/local/lib/python3.10/dist-packages/rm_serial_driver'...
[0.320s] Listing '/home/hj/PB_RM_Vision_2/install/rm_serial_driver/local/lib/python3.10/dist-packages/rm_serial_driver/msg'...
[0.323s] -- Up-to-date: /home/hj/PB_RM_Vision_2/install/rm_serial_driver/lib/librm_serial_driver_interfaces__rosidl_generator_py.so
[0.324s] -- Up-to-date: /home/hj/PB_RM_Vision_2/install/rm_serial_driver/share/rm_serial_driver/cmake/export_rm_serial_driver_interfaces__rosidl_generator_cExport.cmake
[0.324s] -- Up-to-date: /home/hj/PB_RM_Vision_2/install/rm_serial_driver/share/rm_serial_driver/cmake/export_rm_serial_driver_interfaces__rosidl_generator_cExport-noconfig.cmake
[0.324s] -- Up-to-date: /home/hj/PB_RM_Vision_2/install/rm_serial_driver/share/rm_serial_driver/cmake/export_rm_serial_driver_interfaces__rosidl_typesupport_fastrtps_cExport.cmake
[0.324s] -- Up-to-date: /home/hj/PB_RM_Vision_2/install/rm_serial_driver/share/rm_serial_driver/cmake/export_rm_serial_driver_interfaces__rosidl_typesupport_fastrtps_cExport-noconfig.cmake
[0.324s] -- Up-to-date: /home/hj/PB_RM_Vision_2/install/rm_serial_driver/share/rm_serial_driver/cmake/rm_serial_driver_interfaces__rosidl_typesupport_introspection_cExport.cmake
[0.325s] -- Up-to-date: /home/hj/PB_RM_Vision_2/install/rm_serial_driver/share/rm_serial_driver/cmake/rm_serial_driver_interfaces__rosidl_typesupport_introspection_cExport-noconfig.cmake
[0.325s] -- Up-to-date: /home/hj/PB_RM_Vision_2/install/rm_serial_driver/share/rm_serial_driver/cmake/rm_serial_driver_interfaces__rosidl_typesupport_cExport.cmake
[0.325s] -- Up-to-date: /home/hj/PB_RM_Vision_2/install/rm_serial_driver/share/rm_serial_driver/cmake/rm_serial_driver_interfaces__rosidl_typesupport_cExport-noconfig.cmake
[0.325s] -- Up-to-date: /home/hj/PB_RM_Vision_2/install/rm_serial_driver/share/rm_serial_driver/cmake/export_rm_serial_driver_interfaces__rosidl_generator_cppExport.cmake
[0.325s] -- Up-to-date: /home/hj/PB_RM_Vision_2/install/rm_serial_driver/share/rm_serial_driver/cmake/export_rm_serial_driver_interfaces__rosidl_typesupport_fastrtps_cppExport.cmake
[0.325s] -- Up-to-date: /home/hj/PB_RM_Vision_2/install/rm_serial_driver/share/rm_serial_driver/cmake/export_rm_serial_driver_interfaces__rosidl_typesupport_fastrtps_cppExport-noconfig.cmake
[0.326s] -- Up-to-date: /home/hj/PB_RM_Vision_2/install/rm_serial_driver/share/rm_serial_driver/cmake/rm_serial_driver_interfaces__rosidl_typesupport_introspection_cppExport.cmake
[0.326s] -- Up-to-date: /home/hj/PB_RM_Vision_2/install/rm_serial_driver/share/rm_serial_driver/cmake/rm_serial_driver_interfaces__rosidl_typesupport_introspection_cppExport-noconfig.cmake
[0.326s] -- Up-to-date: /home/hj/PB_RM_Vision_2/install/rm_serial_driver/share/rm_serial_driver/cmake/rm_serial_driver_interfaces__rosidl_typesupport_cppExport.cmake
[0.326s] -- Up-to-date: /home/hj/PB_RM_Vision_2/install/rm_serial_driver/share/rm_serial_driver/cmake/rm_serial_driver_interfaces__rosidl_typesupport_cppExport-noconfig.cmake
[0.326s] -- Up-to-date: /home/hj/PB_RM_Vision_2/install/rm_serial_driver/share/rm_serial_driver/cmake/export_rm_serial_driver_interfaces__rosidl_generator_pyExport.cmake
[0.326s] -- Up-to-date: /home/hj/PB_RM_Vision_2/install/rm_serial_driver/share/rm_serial_driver/cmake/export_rm_serial_driver_interfaces__rosidl_generator_pyExport-noconfig.cmake
[0.328s] Invoked command in '/home/hj/PB_RM_Vision_2/build/rm_serial_driver' returned '0': CMAKE_PREFIX_PATH=/home/hj/PB_RM_Vision_2/install/rm_referee_ros2:/home/hj/PB_RM_Vision_2/install/serial:/home/hj/PB_RM_Vision_2/install/auto_aim_interfaces:/home/hj/PB_RMSimulatio/install/teb_local_planner:/home/hj/PB_RMSimulatio/install/teb_msgs:/home/hj/PB_RMSimulatio/install/ros2_livox_simulation:/home/hj/PB_RMSimulatio/install/rm_navigation:/home/hj/PB_RMSimulatio/install/rm_nav_bringup:/home/hj/PB_RMSimulatio/install/pointcloud_to_laserscan:/home/hj/PB_RMSimulatio/install/point_lio:/home/hj/PB_RMSimulatio/install/pb_rm_simulation:/home/hj/PB_RMSimulatio/install/icp_registration:/home/hj/PB_RMSimulatio/install/fast_lio:/home/hj/PB_RMSimulatio/install/livox_ros_driver2:/home/hj/PB_RMSimulatio/install/linefit_ground_segmentation_ros:/home/hj/PB_RMSimulatio/install/linefit_ground_segmentation:/home/hj/PB_RMSimulatio/install/imu_complementary_filter:/home/hj/PB_RMSimulatio/install/fake_vel_transform:/home/hj/PB_RMSimulatio/install/costmap_converter:/home/hj/PB_RMSimulatio/install/costmap_converter_msgs:/home/hj/PB_RM_Vision_2/install/rm_vision_bringup:/home/hj/PB_RM_Vision_2/install/rm_serial_driver:/home/hj/PB_RM_Vision_2/install/rm_rune_detector:/home/hj/PB_RM_Vision_2/install/rm_gimbal_description:/home/hj/PB_RM_Vision_2/install/rm_decision:/home/hj/PB_RM_Vision_2/install/rm_auto_aim:/home/hj/PB_RM_Vision_2/install/hik_camera:/home/hj/PB_RM_Vision_2/install/armor_tracker:/home/hj/PB_RM_Vision_2/install/armor_detector:/opt/ros/humble LD_LIBRARY_PATH=/home/hj/PB_RM_Vision_2/install/rm_referee_ros2/lib:/home/hj/PB_RM_Vision_2/install/auto_aim_interfaces/lib:/home/hj/PB_RMSimulatio/install/teb_local_planner/lib:/home/hj/PB_RMSimulatio/install/teb_msgs/lib:/home/hj/PB_RMSimulatio/install/ros2_livox_simulation/lib:/home/hj/PB_RMSimulatio/install/pointcloud_to_laserscan/lib:/home/hj/PB_RMSimulatio/install/icp_registration/lib:/home/hj/PB_RMSimulatio/install/fast_lio/lib:/home/hj/PB_RMSimulatio/install/livox_ros_driver2/lib:/home/hj/PB_RMSimulatio/install/linefit_ground_segmentation/lib:/home/hj/PB_RMSimulatio/install/imu_complementary_filter/lib:/home/hj/PB_RMSimulatio/install/fake_vel_transform/lib:/home/hj/PB_RMSimulatio/install/costmap_converter/lib:/home/hj/PB_RMSimulatio/install/costmap_converter_msgs/lib:/home/hj/PB_RM_Vision_2/install/rm_serial_driver/lib:/home/hj/PB_RM_Vision_2/install/serial/lib:/home/hj/PB_RM_Vision_2/install/rm_rune_detector/lib:/home/hj/PB_RM_Vision_2/install/hik_camera/lib:/home/hj/PB_RM_Vision_2/install/armor_tracker/lib:/home/hj/PB_RM_Vision_2/install/armor_detector/lib:/usr/lib/x86_64-linux-gnu/gazebo-11/plugins:/opt/ros/humble/opt/rviz_ogre_vendor/lib:/opt/ros/humble/lib/x86_64-linux-gnu:/opt/ros/humble/opt/openvdb_vendor/lib:/opt/ros/humble/lib /usr/local/bin/cmake --install /home/hj/PB_RM_Vision_2/build/rm_serial_driver
