[0.021s] Invoking command in '/home/hj/PB_RM_Vision_2/build/rm_decision': CMAKE_PREFIX_PATH=${CMAKE_PREFIX_PATH}:/opt/ros/humble /usr/local/bin/cmake --build /home/hj/PB_RM_Vision_2/build/rm_decision -- -j8 -l8
[0.065s] [100%] Built target robot_decision_node
[0.105s] Invoked command in '/home/hj/PB_RM_Vision_2/build/rm_decision' returned '0': CMAKE_PREFIX_PATH=${CMAKE_PREFIX_PATH}:/opt/ros/humble /usr/local/bin/cmake --build /home/hj/PB_RM_Vision_2/build/rm_decision -- -j8 -l8
[0.106s] Invoking command in '/home/hj/PB_RM_Vision_2/build/rm_decision': CMAKE_PREFIX_PATH=${CMAKE_PREFIX_PATH}:/opt/ros/humble /usr/local/bin/cmake --install /home/hj/PB_RM_Vision_2/build/rm_decision
[0.111s] -- Install configuration: ""
[0.111s] -- Execute custom install script
[0.111s] -- Up-to-date symlink: /home/hj/PB_RM_Vision_2/install/rm_decision/lib/rm_decision/robot_decision_node
[0.111s] -- Up-to-date symlink: /home/hj/PB_RM_Vision_2/install/rm_decision/include//rm_decision/robot_decision.hpp
[0.112s] -- Up-to-date symlink: /home/hj/PB_RM_Vision_2/install/rm_decision/share/rm_decision/launch/robot_decision.launch.py
[0.113s] -- Up-to-date symlink: /home/hj/PB_RM_Vision_2/install/rm_decision/share/rm_decision/config/robot_decision_params.yaml
[0.113s] -- Up-to-date symlink: /home/hj/PB_RM_Vision_2/install/rm_decision/share/ament_index/resource_index/package_run_dependencies/rm_decision
[0.114s] -- Up-to-date symlink: /home/hj/PB_RM_Vision_2/install/rm_decision/share/ament_index/resource_index/parent_prefix_path/rm_decision
[0.114s] -- Up-to-date symlink: /home/hj/PB_RM_Vision_2/install/rm_decision/share/rm_decision/environment/ament_prefix_path.sh
[0.114s] -- Up-to-date symlink: /home/hj/PB_RM_Vision_2/install/rm_decision/share/rm_decision/environment/ament_prefix_path.dsv
[0.114s] -- Up-to-date symlink: /home/hj/PB_RM_Vision_2/install/rm_decision/share/rm_decision/environment/path.sh
[0.114s] -- Up-to-date symlink: /home/hj/PB_RM_Vision_2/install/rm_decision/share/rm_decision/environment/path.dsv
[0.114s] -- Up-to-date symlink: /home/hj/PB_RM_Vision_2/install/rm_decision/share/rm_decision/local_setup.bash
[0.114s] -- Up-to-date symlink: /home/hj/PB_RM_Vision_2/install/rm_decision/share/rm_decision/local_setup.sh
[0.114s] -- Up-to-date symlink: /home/hj/PB_RM_Vision_2/install/rm_decision/share/rm_decision/local_setup.zsh
[0.116s] -- Up-to-date symlink: /home/hj/PB_RM_Vision_2/install/rm_decision/share/rm_decision/local_setup.dsv
[0.116s] -- Symlinking: /home/hj/PB_RM_Vision_2/install/rm_decision/share/rm_decision/package.dsv
[0.124s] -- Up-to-date symlink: /home/hj/PB_RM_Vision_2/install/rm_decision/share/ament_index/resource_index/packages/rm_decision
[0.124s] -- Up-to-date symlink: /home/hj/PB_RM_Vision_2/install/rm_decision/share/rm_decision/cmake/rm_decisionConfig.cmake
[0.125s] -- Up-to-date symlink: /home/hj/PB_RM_Vision_2/install/rm_decision/share/rm_decision/cmake/rm_decisionConfig-version.cmake
[0.125s] -- Up-to-date symlink: /home/hj/PB_RM_Vision_2/install/rm_decision/share/rm_decision/package.xml
[0.127s] Invoked command in '/home/hj/PB_RM_Vision_2/build/rm_decision' returned '0': CMAKE_PREFIX_PATH=${CMAKE_PREFIX_PATH}:/opt/ros/humble /usr/local/bin/cmake --install /home/hj/PB_RM_Vision_2/build/rm_decision
