[0.019s] Invoking command in '/home/hj/PB_RM_Vision_2/build/hik_camera': CMAKE_PREFIX_PATH=/opt/ros/humble /usr/local/bin/cmake /home/hj/PB_RM_Vision_2/src/ros2_hik_camera -DAMENT_CMAKE_SYMLINK_INSTALL=1 -DCMAKE_INSTALL_PREFIX=/home/hj/PB_RM_Vision_2/install/hik_camera
[0.062s] -- The C compiler identification is GNU 11.4.0
[0.117s] -- The CXX compiler identification is GNU 11.4.0
[0.130s] -- Detecting C compiler ABI info
[0.189s] -- Detecting C compiler ABI info - done
[0.198s] -- Check for working C compiler: /usr/bin/cc - skipped
[0.198s] -- Detecting C compile features
[0.198s] -- Detecting C compile features - done
[0.205s] -- Detecting CXX compiler ABI info
[0.279s] -- Detecting CXX compiler ABI info - done
[0.291s] -- Check for working CXX compiler: /usr/bin/c++ - skipped
[0.291s] -- Detecting CXX compile features
[0.292s] -- Detecting CXX compile features - done
[0.293s] -- Found ament_cmake_auto: 1.3.11 (/opt/ros/humble/share/ament_cmake_auto/cmake)
[0.418s] -- Found Python3: /usr/bin/python3 (found version "3.10.12") found components: Interpreter 
[0.482s] -- Override CMake install command with custom implementation using symlinks instead of copying resources
[0.624s] -- Found rosidl_generator_c: 3.1.6 (/opt/ros/humble/share/rosidl_generator_c/cmake)
[0.629s] -- Found rosidl_adapter: 3.1.6 (/opt/ros/humble/share/rosidl_adapter/cmake)
[0.639s] -- Found rosidl_generator_cpp: 3.1.6 (/opt/ros/humble/share/rosidl_generator_cpp/cmake)
[0.655s] -- Using all available rosidl_typesupport_c: rosidl_typesupport_fastrtps_c;rosidl_typesupport_introspection_c
[0.678s] -- Using all available rosidl_typesupport_cpp: rosidl_typesupport_fastrtps_cpp;rosidl_typesupport_introspection_cpp
[0.734s] -- Found rmw_implementation_cmake: 6.1.2 (/opt/ros/humble/share/rmw_implementation_cmake/cmake)
[0.738s] -- Found rmw_fastrtps_cpp: 6.2.7 (/opt/ros/humble/share/rmw_fastrtps_cpp/cmake)
[0.876s] -- Found OpenSSL: /usr/lib/x86_64-linux-gnu/libcrypto.so (found version "3.0.2")  
[0.919s] -- Found FastRTPS: /opt/ros/humble/include  
[0.971s] -- Using RMW implementation 'rmw_fastrtps_cpp' as default
[0.981s] -- Performing Test CMAKE_HAVE_LIBC_PTHREAD
[1.057s] -- Performing Test CMAKE_HAVE_LIBC_PTHREAD - Success
[1.058s] -- Found Threads: TRUE  
[1.293s] -- Found ament_lint_auto: 0.12.11 (/opt/ros/humble/share/ament_lint_auto/cmake)
[1.324s] -- Added test 'cppcheck' to perform static code analysis on C / C++ code
[1.325s] -- Configured cppcheck include dirs: /home/hj/PB_RM_Vision_2/src/ros2_hik_camera/hikSDK/include
[1.325s] -- Configured cppcheck exclude dirs and/or files: 
[1.325s] -- Added test 'flake8' to check Python code syntax and style conventions
[1.326s] -- Added test 'lint_cmake' to check CMake code style
[1.327s] -- Added test 'pep257' to check Python code against some of the docstring style conventions in PEP 257
[1.328s] -- Added test 'xmllint' to check XML markup files
[1.332s] -- Configuring done (1.3s)
[1.346s] -- Generating done (0.0s)
[1.350s] -- Build files have been written to: /home/hj/PB_RM_Vision_2/build/hik_camera
[1.360s] Invoked command in '/home/hj/PB_RM_Vision_2/build/hik_camera' returned '0': CMAKE_PREFIX_PATH=/opt/ros/humble /usr/local/bin/cmake /home/hj/PB_RM_Vision_2/src/ros2_hik_camera -DAMENT_CMAKE_SYMLINK_INSTALL=1 -DCMAKE_INSTALL_PREFIX=/home/hj/PB_RM_Vision_2/install/hik_camera
[1.360s] Invoking command in '/home/hj/PB_RM_Vision_2/build/hik_camera': CMAKE_PREFIX_PATH=/opt/ros/humble /usr/local/bin/cmake --build /home/hj/PB_RM_Vision_2/build/hik_camera -- -j8 -l8
[1.383s] [ 50%] [32mBuilding CXX object CMakeFiles/hik_camera_node.dir/rclcpp_components/node_main_hik_camera_node.cpp.o[0m
[1.384s] [ 50%] [32mBuilding CXX object CMakeFiles/hik_camera.dir/src/hik_camera_node.cpp.o[0m
[5.425s] [ 75%] [32m[1mLinking CXX executable hik_camera_node[0m
[5.861s] [ 75%] Built target hik_camera_node
[6.491s] [100%] [32m[1mLinking CXX shared library libhik_camera.so[0m
[6.736s] [100%] Built target hik_camera
[6.755s] Invoked command in '/home/hj/PB_RM_Vision_2/build/hik_camera' returned '0': CMAKE_PREFIX_PATH=/opt/ros/humble /usr/local/bin/cmake --build /home/hj/PB_RM_Vision_2/build/hik_camera -- -j8 -l8
[6.760s] Invoking command in '/home/hj/PB_RM_Vision_2/build/hik_camera': CMAKE_PREFIX_PATH=/opt/ros/humble /usr/local/bin/cmake --install /home/hj/PB_RM_Vision_2/build/hik_camera
[6.770s] -- Install configuration: ""
[6.770s] -- Execute custom install script
[6.770s] -- Symlinking: /home/hj/PB_RM_Vision_2/install/hik_camera/lib/libFormatConversion.so
[6.776s] -- Symlinking: /home/hj/PB_RM_Vision_2/install/hik_camera/lib/libMVRender.so
[6.783s] -- Symlinking: /home/hj/PB_RM_Vision_2/install/hik_camera/lib/libMediaProcess.so
[6.792s] -- Symlinking: /home/hj/PB_RM_Vision_2/install/hik_camera/lib/libMvCameraControl.so
[6.805s] -- Symlinking: /home/hj/PB_RM_Vision_2/install/hik_camera/lib/libMvUsb3vTL.so
[6.815s] -- Symlinking: /home/hj/PB_RM_Vision_2/install/hik_camera/lib/hik_camera/hik_camera_node
[6.820s] -- Symlinking: /home/hj/PB_RM_Vision_2/install/hik_camera/share/hik_camera/environment/library_path.sh
[6.825s] -- Symlinking: /home/hj/PB_RM_Vision_2/install/hik_camera/share/hik_camera/environment/library_path.dsv
[6.833s] -- Symlinking: /home/hj/PB_RM_Vision_2/install/hik_camera/lib/libhik_camera.so
[6.843s] -- Symlinking: /home/hj/PB_RM_Vision_2/install/hik_camera/share/hik_camera/launch/hik_camera.launch.py
[6.855s] -- Symlinking: /home/hj/PB_RM_Vision_2/install/hik_camera/share/hik_camera/config/camera_info.yaml
[6.861s] -- Symlinking: /home/hj/PB_RM_Vision_2/install/hik_camera/share/hik_camera/config/camera_info_01.yaml
[6.867s] -- Symlinking: /home/hj/PB_RM_Vision_2/install/hik_camera/share/hik_camera/config/camera_info_02.yaml
[6.872s] -- Symlinking: /home/hj/PB_RM_Vision_2/install/hik_camera/share/hik_camera/config/camera_info_03.yaml
[6.880s] -- Symlinking: /home/hj/PB_RM_Vision_2/install/hik_camera/share/hik_camera/config/camera_params.yaml
[6.886s] -- Symlinking: /home/hj/PB_RM_Vision_2/install/hik_camera/share/ament_index/resource_index/package_run_dependencies/hik_camera
[6.890s] -- Symlinking: /home/hj/PB_RM_Vision_2/install/hik_camera/share/ament_index/resource_index/parent_prefix_path/hik_camera
[6.894s] -- Symlinking: /home/hj/PB_RM_Vision_2/install/hik_camera/share/hik_camera/environment/ament_prefix_path.sh
[6.905s] -- Symlinking: /home/hj/PB_RM_Vision_2/install/hik_camera/share/hik_camera/environment/ament_prefix_path.dsv
[6.916s] -- Symlinking: /home/hj/PB_RM_Vision_2/install/hik_camera/share/hik_camera/environment/path.sh
[6.923s] -- Symlinking: /home/hj/PB_RM_Vision_2/install/hik_camera/share/hik_camera/environment/path.dsv
[6.932s] -- Symlinking: /home/hj/PB_RM_Vision_2/install/hik_camera/share/hik_camera/local_setup.bash
[6.937s] -- Symlinking: /home/hj/PB_RM_Vision_2/install/hik_camera/share/hik_camera/local_setup.sh
[6.942s] -- Symlinking: /home/hj/PB_RM_Vision_2/install/hik_camera/share/hik_camera/local_setup.zsh
[6.963s] -- Symlinking: /home/hj/PB_RM_Vision_2/install/hik_camera/share/hik_camera/local_setup.dsv
[6.963s] -- Symlinking: /home/hj/PB_RM_Vision_2/install/hik_camera/share/hik_camera/package.dsv
[6.963s] -- Symlinking: /home/hj/PB_RM_Vision_2/install/hik_camera/share/ament_index/resource_index/packages/hik_camera
[6.963s] -- Symlinking: /home/hj/PB_RM_Vision_2/install/hik_camera/share/ament_index/resource_index/rclcpp_components/hik_camera
[6.965s] -- Symlinking: /home/hj/PB_RM_Vision_2/install/hik_camera/share/hik_camera/cmake/ament_cmake_export_dependencies-extras.cmake
[6.970s] -- Symlinking: /home/hj/PB_RM_Vision_2/install/hik_camera/share/hik_camera/cmake/ament_cmake_export_libraries-extras.cmake
[6.987s] -- Symlinking: /home/hj/PB_RM_Vision_2/install/hik_camera/share/hik_camera/cmake/hik_cameraConfig.cmake
[6.987s] -- Symlinking: /home/hj/PB_RM_Vision_2/install/hik_camera/share/hik_camera/cmake/hik_cameraConfig-version.cmake
[6.987s] -- Symlinking: /home/hj/PB_RM_Vision_2/install/hik_camera/share/hik_camera/package.xml
[6.999s] Invoked command in '/home/hj/PB_RM_Vision_2/build/hik_camera' returned '0': CMAKE_PREFIX_PATH=/opt/ros/humble /usr/local/bin/cmake --install /home/hj/PB_RM_Vision_2/build/hik_camera
