-- The C compiler identification is GNU 11.4.0
-- The CXX compiler identification is GNU 11.4.0
-- Detecting C compiler ABI info
-- Detecting C compiler ABI info - done
-- Check for working C compiler: /usr/bin/cc - skipped
-- Detecting C compile features
-- Detecting C compile features - done
-- Detecting CXX compiler ABI info
-- Detecting CXX compiler ABI info - done
-- Check for working CXX compiler: /usr/bin/c++ - skipped
-- Detecting CXX compile features
-- Detecting CXX compile features - done
-- Found ament_cmake_auto: 1.3.11 (/opt/ros/humble/share/ament_cmake_auto/cmake)
-- Found Python3: /usr/bin/python3 (found version "3.10.12") found components: Interpreter 
-- Override CMake install command with custom implementation using symlinks instead of copying resources
-- Found OpenCV: /usr/local (found version "4.5.5") 
-- Found rosidl_generator_c: 3.1.6 (/opt/ros/humble/share/rosidl_generator_c/cmake)
-- Found rosidl_adapter: 3.1.6 (/opt/ros/humble/share/rosidl_adapter/cmake)
-- Found rosidl_generator_cpp: 3.1.6 (/opt/ros/humble/share/rosidl_generator_cpp/cmake)
-- Using all available rosidl_typesupport_c: rosidl_typesupport_fastrtps_c;rosidl_typesupport_introspection_c
-- Using all available rosidl_typesupport_cpp: rosidl_typesupport_fastrtps_cpp;rosidl_typesupport_introspection_cpp
-- Found rmw_implementation_cmake: 6.1.2 (/opt/ros/humble/share/rmw_implementation_cmake/cmake)
-- Found rmw_fastrtps_cpp: 6.2.7 (/opt/ros/humble/share/rmw_fastrtps_cpp/cmake)
-- Found OpenSSL: /usr/lib/x86_64-linux-gnu/libcrypto.so (found version "3.0.2")  
-- Found FastRTPS: /opt/ros/humble/include  
-- Using RMW implementation 'rmw_fastrtps_cpp' as default
-- Performing Test CMAKE_HAVE_LIBC_PTHREAD
-- Performing Test CMAKE_HAVE_LIBC_PTHREAD - Success
-- Found Threads: TRUE  
-- Found ament_lint_auto: 0.12.11 (/opt/ros/humble/share/ament_lint_auto/cmake)
-- Added test 'cppcheck' to perform static code analysis on C / C++ code
-- Configured cppcheck include dirs: /home/hj/PB_RM_Vision_2/src/rm_rune_detector/include
-- Configured cppcheck exclude dirs and/or files: 
-- Added test 'cpplint' to check C / C++ code against the Google style
-- Configured cpplint exclude dirs and/or files: 
-- Added test 'flake8' to check Python code syntax and style conventions
-- Added test 'lint_cmake' to check CMake code style
-- Added test 'pep257' to check Python code against some of the docstring style conventions in PEP 257
-- Added test 'xmllint' to check XML markup files
-- Added test 'clang_format' to check C / C++ code style
-- Configuring done (1.5s)
-- Generating done (0.0s)
-- Build files have been written to: /home/hj/PB_RM_Vision_2/build/rm_rune_detector
[ 16%] [32mBuilding CXX object CMakeFiles/rm_rune_detector_node.dir/rclcpp_components/node_main_rm_rune_detector_node.cpp.o[0m
[ 33%] [32mBuilding CXX object CMakeFiles/rm_rune_detector.dir/src/pnp_solver.cpp.o[0m
[ 50%] [32mBuilding CXX object CMakeFiles/rm_rune_detector.dir/src/rm_rune_detector_node.cpp.o[0m
[ 66%] [32mBuilding CXX object CMakeFiles/rm_rune_detector.dir/src/rune_detector.cpp.o[0m
[ 83%] [32m[1mLinking CXX executable rm_rune_detector_node[0m
[ 83%] Built target rm_rune_detector_node
[100%] [32m[1mLinking CXX shared library librm_rune_detector.so[0m
[100%] Built target rm_rune_detector
-- Install configuration: ""
-- Execute custom install script
-- Symlinking: /home/hj/PB_RM_Vision_2/install/rm_rune_detector/lib/rm_rune_detector/rm_rune_detector_node
-- Symlinking: /home/hj/PB_RM_Vision_2/install/rm_rune_detector/include/rm_rune_detector/pnp_solver.hpp
-- Symlinking: /home/hj/PB_RM_Vision_2/install/rm_rune_detector/include/rm_rune_detector/rm_rune_detector_node.hpp
-- Symlinking: /home/hj/PB_RM_Vision_2/install/rm_rune_detector/include/rm_rune_detector/rune.hpp
-- Symlinking: /home/hj/PB_RM_Vision_2/install/rm_rune_detector/include/rm_rune_detector/rune_detector.hpp
-- Symlinking: /home/hj/PB_RM_Vision_2/install/rm_rune_detector/share/rm_rune_detector/environment/library_path.sh
-- Symlinking: /home/hj/PB_RM_Vision_2/install/rm_rune_detector/share/rm_rune_detector/environment/library_path.dsv
-- Symlinking: /home/hj/PB_RM_Vision_2/install/rm_rune_detector/lib/librm_rune_detector.so
-- Symlinking: /home/hj/PB_RM_Vision_2/install/rm_rune_detector/share/rm_rune_detector/launch/rm_rune_detector.launch.py
-- Symlinking: /home/hj/PB_RM_Vision_2/install/rm_rune_detector/share/ament_index/resource_index/package_run_dependencies/rm_rune_detector
-- Symlinking: /home/hj/PB_RM_Vision_2/install/rm_rune_detector/share/ament_index/resource_index/parent_prefix_path/rm_rune_detector
-- Symlinking: /home/hj/PB_RM_Vision_2/install/rm_rune_detector/share/rm_rune_detector/environment/ament_prefix_path.sh
-- Symlinking: /home/hj/PB_RM_Vision_2/install/rm_rune_detector/share/rm_rune_detector/environment/ament_prefix_path.dsv
-- Symlinking: /home/hj/PB_RM_Vision_2/install/rm_rune_detector/share/rm_rune_detector/environment/path.sh
-- Symlinking: /home/hj/PB_RM_Vision_2/install/rm_rune_detector/share/rm_rune_detector/environment/path.dsv
-- Symlinking: /home/hj/PB_RM_Vision_2/install/rm_rune_detector/share/rm_rune_detector/local_setup.bash
-- Symlinking: /home/hj/PB_RM_Vision_2/install/rm_rune_detector/share/rm_rune_detector/local_setup.sh
-- Symlinking: /home/hj/PB_RM_Vision_2/install/rm_rune_detector/share/rm_rune_detector/local_setup.zsh
-- Symlinking: /home/hj/PB_RM_Vision_2/install/rm_rune_detector/share/rm_rune_detector/local_setup.dsv
-- Symlinking: /home/hj/PB_RM_Vision_2/install/rm_rune_detector/share/rm_rune_detector/package.dsv
-- Symlinking: /home/hj/PB_RM_Vision_2/install/rm_rune_detector/share/ament_index/resource_index/packages/rm_rune_detector
-- Symlinking: /home/hj/PB_RM_Vision_2/install/rm_rune_detector/share/ament_index/resource_index/rclcpp_components/rm_rune_detector
-- Symlinking: /home/hj/PB_RM_Vision_2/install/rm_rune_detector/share/rm_rune_detector/cmake/ament_cmake_export_dependencies-extras.cmake
-- Symlinking: /home/hj/PB_RM_Vision_2/install/rm_rune_detector/share/rm_rune_detector/cmake/ament_cmake_export_include_directories-extras.cmake
-- Symlinking: /home/hj/PB_RM_Vision_2/install/rm_rune_detector/share/rm_rune_detector/cmake/ament_cmake_export_libraries-extras.cmake
-- Symlinking: /home/hj/PB_RM_Vision_2/install/rm_rune_detector/share/rm_rune_detector/cmake/rm_rune_detectorConfig.cmake
-- Symlinking: /home/hj/PB_RM_Vision_2/install/rm_rune_detector/share/rm_rune_detector/cmake/rm_rune_detectorConfig-version.cmake
-- Symlinking: /home/hj/PB_RM_Vision_2/install/rm_rune_detector/share/rm_rune_detector/package.xml
