[0.021s] Invoking command in '/home/hj/PB_RM_Vision_2/build/rm_rune_detector': CMAKE_PREFIX_PATH=/opt/ros/humble /usr/local/bin/cmake /home/hj/PB_RM_Vision_2/src/rm_rune_detector -DAMENT_CMAKE_SYMLINK_INSTALL=1 -DCMAKE_INSTALL_PREFIX=/home/hj/PB_RM_Vision_2/install/rm_rune_detector
[0.061s] -- The C compiler identification is GNU 11.4.0
[0.120s] -- The CXX compiler identification is GNU 11.4.0
[0.135s] -- Detecting C compiler ABI info
[0.188s] -- Detecting C compiler ABI info - done
[0.197s] -- Check for working C compiler: /usr/bin/cc - skipped
[0.197s] -- Detecting C compile features
[0.197s] -- Detecting C compile features - done
[0.204s] -- Detecting CXX compiler ABI info
[0.283s] -- Detecting CXX compiler ABI info - done
[0.296s] -- Check for working CXX compiler: /usr/bin/c++ - skipped
[0.296s] -- Detecting CXX compile features
[0.297s] -- Detecting CXX compile features - done
[0.299s] -- Found ament_cmake_auto: 1.3.11 (/opt/ros/humble/share/ament_cmake_auto/cmake)
[0.428s] -- Found Python3: /usr/bin/python3 (found version "3.10.12") found components: Interpreter 
[0.499s] -- Override CMake install command with custom implementation using symlinks instead of copying resources
[0.530s] -- Found OpenCV: /usr/local (found version "4.5.5") 
[0.643s] -- Found rosidl_generator_c: 3.1.6 (/opt/ros/humble/share/rosidl_generator_c/cmake)
[0.645s] -- Found rosidl_adapter: 3.1.6 (/opt/ros/humble/share/rosidl_adapter/cmake)
[0.658s] -- Found rosidl_generator_cpp: 3.1.6 (/opt/ros/humble/share/rosidl_generator_cpp/cmake)
[0.672s] -- Using all available rosidl_typesupport_c: rosidl_typesupport_fastrtps_c;rosidl_typesupport_introspection_c
[0.696s] -- Using all available rosidl_typesupport_cpp: rosidl_typesupport_fastrtps_cpp;rosidl_typesupport_introspection_cpp
[0.767s] -- Found rmw_implementation_cmake: 6.1.2 (/opt/ros/humble/share/rmw_implementation_cmake/cmake)
[0.770s] -- Found rmw_fastrtps_cpp: 6.2.7 (/opt/ros/humble/share/rmw_fastrtps_cpp/cmake)
[0.890s] -- Found OpenSSL: /usr/lib/x86_64-linux-gnu/libcrypto.so (found version "3.0.2")  
[0.929s] -- Found FastRTPS: /opt/ros/humble/include  
[1.024s] -- Using RMW implementation 'rmw_fastrtps_cpp' as default
[1.038s] -- Performing Test CMAKE_HAVE_LIBC_PTHREAD
[1.177s] -- Performing Test CMAKE_HAVE_LIBC_PTHREAD - Success
[1.179s] -- Found Threads: TRUE  
[1.435s] -- Found ament_lint_auto: 0.12.11 (/opt/ros/humble/share/ament_lint_auto/cmake)
[1.466s] -- Added test 'cppcheck' to perform static code analysis on C / C++ code
[1.467s] -- Configured cppcheck include dirs: /home/hj/PB_RM_Vision_2/src/rm_rune_detector/include
[1.467s] -- Configured cppcheck exclude dirs and/or files: 
[1.468s] -- Added test 'cpplint' to check C / C++ code against the Google style
[1.469s] -- Configured cpplint exclude dirs and/or files: 
[1.469s] -- Added test 'flake8' to check Python code syntax and style conventions
[1.470s] -- Added test 'lint_cmake' to check CMake code style
[1.471s] -- Added test 'pep257' to check Python code against some of the docstring style conventions in PEP 257
[1.471s] -- Added test 'xmllint' to check XML markup files
[1.472s] -- Added test 'clang_format' to check C / C++ code style
[1.476s] -- Configuring done (1.5s)
[1.500s] -- Generating done (0.0s)
[1.504s] -- Build files have been written to: /home/hj/PB_RM_Vision_2/build/rm_rune_detector
[1.523s] Invoked command in '/home/hj/PB_RM_Vision_2/build/rm_rune_detector' returned '0': CMAKE_PREFIX_PATH=/opt/ros/humble /usr/local/bin/cmake /home/hj/PB_RM_Vision_2/src/rm_rune_detector -DAMENT_CMAKE_SYMLINK_INSTALL=1 -DCMAKE_INSTALL_PREFIX=/home/hj/PB_RM_Vision_2/install/rm_rune_detector
[1.523s] Invoking command in '/home/hj/PB_RM_Vision_2/build/rm_rune_detector': CMAKE_PREFIX_PATH=/opt/ros/humble /usr/local/bin/cmake --build /home/hj/PB_RM_Vision_2/build/rm_rune_detector -- -j8 -l8
[1.554s] [ 16%] [32mBuilding CXX object CMakeFiles/rm_rune_detector_node.dir/rclcpp_components/node_main_rm_rune_detector_node.cpp.o[0m
[1.555s] [ 33%] [32mBuilding CXX object CMakeFiles/rm_rune_detector.dir/src/pnp_solver.cpp.o[0m
[1.556s] [ 50%] [32mBuilding CXX object CMakeFiles/rm_rune_detector.dir/src/rm_rune_detector_node.cpp.o[0m
[1.557s] [ 66%] [32mBuilding CXX object CMakeFiles/rm_rune_detector.dir/src/rune_detector.cpp.o[0m
[7.349s] [ 83%] [32m[1mLinking CXX executable rm_rune_detector_node[0m
[7.551s] [ 83%] Built target rm_rune_detector_node
[18.236s] [100%] [32m[1mLinking CXX shared library librm_rune_detector.so[0m
[20.233s] [100%] Built target rm_rune_detector
[20.264s] Invoked command in '/home/hj/PB_RM_Vision_2/build/rm_rune_detector' returned '0': CMAKE_PREFIX_PATH=/opt/ros/humble /usr/local/bin/cmake --build /home/hj/PB_RM_Vision_2/build/rm_rune_detector -- -j8 -l8
[20.269s] Invoking command in '/home/hj/PB_RM_Vision_2/build/rm_rune_detector': CMAKE_PREFIX_PATH=/opt/ros/humble /usr/local/bin/cmake --install /home/hj/PB_RM_Vision_2/build/rm_rune_detector
[20.275s] -- Install configuration: ""
[20.276s] -- Execute custom install script
[20.277s] -- Symlinking: /home/hj/PB_RM_Vision_2/install/rm_rune_detector/lib/rm_rune_detector/rm_rune_detector_node
[20.286s] -- Symlinking: /home/hj/PB_RM_Vision_2/install/rm_rune_detector/include/rm_rune_detector/pnp_solver.hpp
[20.293s] -- Symlinking: /home/hj/PB_RM_Vision_2/install/rm_rune_detector/include/rm_rune_detector/rm_rune_detector_node.hpp
[20.305s] -- Symlinking: /home/hj/PB_RM_Vision_2/install/rm_rune_detector/include/rm_rune_detector/rune.hpp
[20.306s] -- Symlinking: /home/hj/PB_RM_Vision_2/install/rm_rune_detector/include/rm_rune_detector/rune_detector.hpp
[20.318s] -- Symlinking: /home/hj/PB_RM_Vision_2/install/rm_rune_detector/share/rm_rune_detector/environment/library_path.sh
[20.323s] -- Symlinking: /home/hj/PB_RM_Vision_2/install/rm_rune_detector/share/rm_rune_detector/environment/library_path.dsv
[20.331s] -- Symlinking: /home/hj/PB_RM_Vision_2/install/rm_rune_detector/lib/librm_rune_detector.so
[20.334s] -- Symlinking: /home/hj/PB_RM_Vision_2/install/rm_rune_detector/share/rm_rune_detector/launch/rm_rune_detector.launch.py
[20.348s] -- Symlinking: /home/hj/PB_RM_Vision_2/install/rm_rune_detector/share/ament_index/resource_index/package_run_dependencies/rm_rune_detector
[20.351s] -- Symlinking: /home/hj/PB_RM_Vision_2/install/rm_rune_detector/share/ament_index/resource_index/parent_prefix_path/rm_rune_detector
[20.367s] -- Symlinking: /home/hj/PB_RM_Vision_2/install/rm_rune_detector/share/rm_rune_detector/environment/ament_prefix_path.sh
[20.375s] -- Symlinking: /home/hj/PB_RM_Vision_2/install/rm_rune_detector/share/rm_rune_detector/environment/ament_prefix_path.dsv
[20.382s] -- Symlinking: /home/hj/PB_RM_Vision_2/install/rm_rune_detector/share/rm_rune_detector/environment/path.sh
[20.390s] -- Symlinking: /home/hj/PB_RM_Vision_2/install/rm_rune_detector/share/rm_rune_detector/environment/path.dsv
[20.402s] -- Symlinking: /home/hj/PB_RM_Vision_2/install/rm_rune_detector/share/rm_rune_detector/local_setup.bash
[20.414s] -- Symlinking: /home/hj/PB_RM_Vision_2/install/rm_rune_detector/share/rm_rune_detector/local_setup.sh
[20.425s] -- Symlinking: /home/hj/PB_RM_Vision_2/install/rm_rune_detector/share/rm_rune_detector/local_setup.zsh
[20.432s] -- Symlinking: /home/hj/PB_RM_Vision_2/install/rm_rune_detector/share/rm_rune_detector/local_setup.dsv
[20.439s] -- Symlinking: /home/hj/PB_RM_Vision_2/install/rm_rune_detector/share/rm_rune_detector/package.dsv
[20.447s] -- Symlinking: /home/hj/PB_RM_Vision_2/install/rm_rune_detector/share/ament_index/resource_index/packages/rm_rune_detector
[20.466s] -- Symlinking: /home/hj/PB_RM_Vision_2/install/rm_rune_detector/share/ament_index/resource_index/rclcpp_components/rm_rune_detector
[20.474s] -- Symlinking: /home/hj/PB_RM_Vision_2/install/rm_rune_detector/share/rm_rune_detector/cmake/ament_cmake_export_dependencies-extras.cmake
[20.481s] -- Symlinking: /home/hj/PB_RM_Vision_2/install/rm_rune_detector/share/rm_rune_detector/cmake/ament_cmake_export_include_directories-extras.cmake
[20.487s] -- Symlinking: /home/hj/PB_RM_Vision_2/install/rm_rune_detector/share/rm_rune_detector/cmake/ament_cmake_export_libraries-extras.cmake
[20.502s] -- Symlinking: /home/hj/PB_RM_Vision_2/install/rm_rune_detector/share/rm_rune_detector/cmake/rm_rune_detectorConfig.cmake
[20.512s] -- Symlinking: /home/hj/PB_RM_Vision_2/install/rm_rune_detector/share/rm_rune_detector/cmake/rm_rune_detectorConfig-version.cmake
[20.519s] -- Symlinking: /home/hj/PB_RM_Vision_2/install/rm_rune_detector/share/rm_rune_detector/package.xml
[20.540s] Invoked command in '/home/hj/PB_RM_Vision_2/build/rm_rune_detector' returned '0': CMAKE_PREFIX_PATH=/opt/ros/humble /usr/local/bin/cmake --install /home/hj/PB_RM_Vision_2/build/rm_rune_detector
